#
# There is insufficient memory for the Java Runtime Environment to continue.
# Native memory allocation (mmap) failed to map 127926272 bytes for G1 virtual space
# Possible reasons:
#   The system is out of physical RAM or swap space
#   The process is running with CompressedOops enabled, and the Java Heap may be blocking the growth of the native heap
# Possible solutions:
#   Reduce memory load on the system
#   Increase physical memory or swap space
#   Check if swap backing store is full
#   Decrease Java heap size (-Xmx/-Xms)
#   Decrease number of Java threads
#   Decrease Java thread stack sizes (-Xss)
#   Set larger code cache with -XX:ReservedCodeCacheSize=
#   JVM is running with Unscaled Compressed Oops mode in which the Java heap is
#     placed in the first 4GB address space. The Java Heap base address is the
#     maximum limit for the native heap growth. Please use -XX:HeapBaseMinAddress
#     to set the Java Heap base and to place the Java Heap above 4GB virtual address.
# This output file may be truncated or incomplete.
#
#  Out of Memory Error (os_windows.cpp:3548), pid=9756, tid=27352
#
# JRE version:  (17.0.12+8) (build )
# Java VM: Java HotSpot(TM) 64-Bit Server VM (17.0.12+8-LTS-286, mixed mode, emulated-client, sharing, tiered, compressed oops, compressed class ptrs, g1 gc, windows-amd64)
# No core dump will be written. Minidumps are not enabled by default on client versions of Windows
#

---------------  S U M M A R Y ------------

Command Line: -XX:TieredStopAtLevel=1 -Dspring.output.ansi.enabled=always -Dcom.sun.management.jmxremote -Dspring.jmx.enabled=true -Dspring.liveBeansView.mbeanDomain -Dspring.application.admin.enabled=true -Dmanagement.endpoints.jmx.exposure.include=* -javaagent:C:\Program Files\JetBrains\IntelliJ IDEA 2025.1.3\lib\idea_rt.jar=58022 -Dfile.encoding=UTF-8 com.likelion.book_project.BookProjectApplication

Host: 13th Gen Intel(R) Core(TM) i5-1340P, 16 cores, 7G,  Windows 11 , 64 bit Build 22621 (10.0.22621.5415)
Time: Sun Aug 10 23:50:40 2025  Windows 11 , 64 bit Build 22621 (10.0.22621.5415) elapsed time: 0.017528 seconds (0d 0h 0m 0s)

---------------  T H R E A D  ---------------

Current thread (0x000001a456e73770):  JavaThread "Unknown thread" [_thread_in_vm, id=27352, stack(0x00000076f4b00000,0x00000076f4c00000)]

Stack: [0x00000076f4b00000,0x00000076f4c00000]
Native frames: (J=compiled Java code, j=interpreted, Vv=VM code, C=native code)
V  [jvm.dll+0x67a04a]
V  [jvm.dll+0x7da4ed]
V  [jvm.dll+0x7dbe33]
V  [jvm.dll+0x7dc4a3]
V  [jvm.dll+0x24508f]
V  [jvm.dll+0x677089]
V  [jvm.dll+0x66bd32]
V  [jvm.dll+0x301fa6]
V  [jvm.dll+0x309546]
V  [jvm.dll+0x359d2e]
V  [jvm.dll+0x359f5f]
V  [jvm.dll+0x2d9078]
V  [jvm.dll+0x2d9fe4]
V  [jvm.dll+0x7aca21]
V  [jvm.dll+0x367591]
V  [jvm.dll+0x78b999]
V  [jvm.dll+0x3ec83f]
V  [jvm.dll+0x3ee471]
C  [jli.dll+0x5297]
C  [ucrtbase.dll+0x29333]
C  [KERNEL32.DLL+0x1259d]
C  [ntdll.dll+0x5af78]


---------------  P R O C E S S  ---------------

Threads class SMR info:
_java_thread_list=0x00007ff86c737a18, length=0, elements={
}

Java Threads: ( => current thread )

Other Threads:
  0x000001a456eccb50 GCTaskThread "GC Thread#0" [stack: 0x00000076f4c00000,0x00000076f4d00000] [id=27900]
  0x000001a456edcbe0 ConcurrentGCThread "G1 Main Marker" [stack: 0x00000076f4d00000,0x00000076f4e00000] [id=37852]
  0x000001a456edeca0 ConcurrentGCThread "G1 Conc#0" [stack: 0x00000076f4e00000,0x00000076f4f00000] [id=1880]

[error occurred during error reporting (printing all threads), id 0xc0000005, EXCEPTION_ACCESS_VIOLATION (0xc0000005) at pc=0x00007ff86bf69b67]

VM state: not at safepoint (not fully initialized)

VM Mutex/Monitor currently owned by a thread:  ([mutex/lock_event])
[0x000001a456e70290] Heap_lock - owner thread: 0x000001a456e73770

Heap address: 0x0000000086e00000, size: 1938 MB, Compressed Oops mode: 32-bit

CDS archive(s) mapped at: [0x0000000000000000-0x0000000000000000-0x0000000000000000), size 0, SharedBaseAddress: 0x0000000800000000, ArchiveRelocationMode: 1.
Narrow klass base: 0x0000000000000000, Narrow klass shift: 0, Narrow klass range: 0x0

GC Precious Log:
<Empty>

Heap:
 garbage-first heap   total 0K, used 0K [0x0000000086e00000, 0x0000000100000000)
  region size 1024K, 0 young (0K), 0 survivors (0K)

[error occurred during error reporting (printing heap information), id 0xc0000005, EXCEPTION_ACCESS_VIOLATION (0xc0000005) at pc=0x00007ff86c353859]

GC Heap History (0 events):
No events

Deoptimization events (0 events):
No events

Classes unloaded (0 events):
No events

Classes redefined (0 events):
No events

Internal exceptions (0 events):
No events

VM Operations (0 events):
No events

Events (1 events):
Event: 0.012 Loaded shared library C:\Program Files\Java\jdk-17\bin\java.dll


Dynamic libraries:
0x00007ff611c90000 - 0x00007ff611ca0000 	C:\Program Files\Java\jdk-17\bin\java.exe
0x00007ff91e570000 - 0x00007ff91e787000 	C:\windows\SYSTEM32\ntdll.dll
0x00007ff91ce80000 - 0x00007ff91cf44000 	C:\windows\System32\KERNEL32.DLL
0x00007ff91b820000 - 0x00007ff91bbf2000 	C:\windows\System32\KERNELBASE.dll
0x00007ff91b660000 - 0x00007ff91b771000 	C:\windows\System32\ucrtbase.dll
0x00007ff8f1640000 - 0x00007ff8f1659000 	C:\Program Files\Java\jdk-17\bin\jli.dll
0x00007ff8eb2b0000 - 0x00007ff8eb2cb000 	C:\Program Files\Java\jdk-17\bin\VCRUNTIME140.dll
0x00007ff91d990000 - 0x00007ff91da41000 	C:\windows\System32\ADVAPI32.dll
0x00007ff91cdd0000 - 0x00007ff91ce77000 	C:\windows\System32\msvcrt.dll
0x00007ff91d800000 - 0x00007ff91d8a8000 	C:\windows\System32\sechost.dll
0x00007ff91bfb0000 - 0x00007ff91bfd8000 	C:\windows\System32\bcrypt.dll
0x00007ff91ded0000 - 0x00007ff91dfe4000 	C:\windows\System32\RPCRT4.dll
0x00007ff91cc10000 - 0x00007ff91cdc1000 	C:\windows\System32\USER32.dll
0x00007ff91c150000 - 0x00007ff91c176000 	C:\windows\System32\win32u.dll
0x00007ff91dd80000 - 0x00007ff91dda9000 	C:\windows\System32\GDI32.dll
0x00007ff91be00000 - 0x00007ff91bf23000 	C:\windows\System32\gdi32full.dll
0x00007ff91b780000 - 0x00007ff91b81a000 	C:\windows\System32\msvcp_win.dll
0x00007ff906810000 - 0x00007ff906aab000 	C:\windows\WinSxS\amd64_microsoft.windows.common-controls_6595b64144ccf1df_6.0.22621.5547_none_27104afb73855772\COMCTL32.dll
0x00007ff911aa0000 - 0x00007ff911aaa000 	C:\windows\SYSTEM32\VERSION.dll
0x00007ff91da70000 - 0x00007ff91daa1000 	C:\windows\System32\IMM32.DLL
0x00007ff908660000 - 0x00007ff90866c000 	C:\Program Files\Java\jdk-17\bin\vcruntime140_1.dll
0x00007ff8d9640000 - 0x00007ff8d96ce000 	C:\Program Files\Java\jdk-17\bin\msvcp140.dll
0x00007ff86bc80000 - 0x00007ff86c860000 	C:\Program Files\Java\jdk-17\bin\server\jvm.dll
0x00007ff91dec0000 - 0x00007ff91dec8000 	C:\windows\System32\PSAPI.DLL
0x00007ff913280000 - 0x00007ff913289000 	C:\windows\SYSTEM32\WSOCK32.dll
0x00007ff913900000 - 0x00007ff913934000 	C:\windows\SYSTEM32\WINMM.dll
0x00007ff91c6e0000 - 0x00007ff91c751000 	C:\windows\System32\WS2_32.dll
0x00007ff91a750000 - 0x00007ff91a768000 	C:\windows\SYSTEM32\kernel.appcore.dll
0x00007ff8ffd50000 - 0x00007ff8ffd5a000 	C:\Program Files\Java\jdk-17\bin\jimage.dll
0x00007ff9188b0000 - 0x00007ff918ae3000 	C:\windows\SYSTEM32\DBGHELP.DLL
0x00007ff91e080000 - 0x00007ff91e413000 	C:\windows\System32\combase.dll
0x00007ff91d8b0000 - 0x00007ff91d987000 	C:\windows\System32\OLEAUT32.dll
0x00007ff912770000 - 0x00007ff9127a2000 	C:\windows\SYSTEM32\dbgcore.DLL
0x00007ff91c180000 - 0x00007ff91c1fb000 	C:\windows\System32\bcryptPrimitives.dll
0x00007ff8fc240000 - 0x00007ff8fc24e000 	C:\Program Files\Java\jdk-17\bin\instrument.dll
0x00007ff8e4ee0000 - 0x00007ff8e4f05000 	C:\Program Files\Java\jdk-17\bin\java.dll

dbghelp: loaded successfully - version: 4.0.5 - missing functions: none
symbol engine: initialized successfully - sym options: 0x614 - pdb path: .;C:\Program Files\Java\jdk-17\bin;C:\windows\SYSTEM32;C:\windows\WinSxS\amd64_microsoft.windows.common-controls_6595b64144ccf1df_6.0.22621.5547_none_27104afb73855772;C:\Program Files\Java\jdk-17\bin\server

VM Arguments:
jvm_args: -XX:TieredStopAtLevel=1 -Dspring.output.ansi.enabled=always -Dcom.sun.management.jmxremote -Dspring.jmx.enabled=true -Dspring.liveBeansView.mbeanDomain -Dspring.application.admin.enabled=true -Dmanagement.endpoints.jmx.exposure.include=* -javaagent:C:\Program Files\JetBrains\IntelliJ IDEA 2025.1.3\lib\idea_rt.jar=58022 -Dfile.encoding=UTF-8 
java_command: com.likelion.book_project.BookProjectApplication
java_class_path (initial): C:\Users\samsung\Documents\2025-LikeLion-AhnSungMin\AnSeongMin\spring\week03_hw\book_project\build\classes\java\main;C:\Users\samsung\Documents\2025-LikeLion-AhnSungMin\AnSeongMin\spring\week03_hw\book_project\build\resources\main;C:\Users\samsung\.gradle\caches\modules-2\files-2.1\org.springframework.boot\spring-boot-starter-thymeleaf\3.2.5\293a7cb658eba8e0b25cec63609edbebbaa6c4a8\spring-boot-starter-thymeleaf-3.2.5.jar;C:\Users\samsung\.gradle\caches\modules-2\files-2.1\org.springframework.boot\spring-boot-starter-web\3.2.5\664d75553c6af42122d4db645f4924a95084e382\spring-boot-starter-web-3.2.5.jar;C:\Users\samsung\.gradle\caches\modules-2\files-2.1\org.springdoc\springdoc-openapi-starter-webmvc-ui\2.2.0\178d8ed6714d78b8b475c45bc60642a9232fcb70\springdoc-openapi-starter-webmvc-ui-2.2.0.jar;C:\Users\samsung\.gradle\caches\modules-2\files-2.1\org.springframework.boot\spring-boot-starter\3.2.5\a9837a876129cc6fe5f3abf1de5ec0a16faaf003\spring-boot-starter-3.2.5.jar;C:\Users\samsung\.gradle\caches\modules-2\files-2.1\org.thymeleaf\thymeleaf-spring6\3.1.2.RELEASE\6030c7b4e260c41336f378e53da6e8531263f24b\thymeleaf-spring6-3.1.2.RELEASE.jar;C:\Users\samsung\.gradle\caches\modules-2\files-2.1\org.springframework.boot\spring-boot-starter-json\3.2.5\6df311af4c242eb95c3526f48ab4f31c384a247e\spring-boot-starter-json-3.2.5.jar;C:\Users\samsung\.gradle\caches\modules-2\files-2.1\org.springframework.boot\spring-boot-starter-tomcat\3.2.5\a40ebfa6becb35b419b37e49e33b2822e22cf42a\spring-boot-starter-tomcat-3.2.5.jar;C:\Users\samsung\.gradle\caches\modules-2\files-2.1\org.springframework\spring-webmvc\6.1.6\ef1f76db6d94bac428839cb91fa59235c8356e56\spring-webmvc-6.1.6.jar;C:\Users\samsung\.gradle\caches\modules-2\files-2.1\org.springframework\spring-web\6.1.6\49a32e3497fe39550da3b280bda5d9933ae2d51d\spring-web-6.1.6.jar;C:\Users\samsung\.gradle\caches\modules-2\files-2.1\org.springdoc\springdoc-openapi-starter-webmvc-api\2.2.0\3a7a3a7ecd2537203961d83cabc6d64
Launcher Type: SUN_STANDARD

[Global flags]
     intx CICompilerCount                          = 12                                        {product} {ergonomic}
     uint ConcGCThreads                            = 3                                         {product} {ergonomic}
     uint G1ConcRefinementThreads                  = 13                                        {product} {ergonomic}
   size_t G1HeapRegionSize                         = 1048576                                   {product} {ergonomic}
    uintx GCDrainStackTargetSize                   = 64                                        {product} {ergonomic}
   size_t InitialHeapSize                          = 127926272                                 {product} {ergonomic}
     bool ManagementServer                         = true                                      {product} {command line}
   size_t MarkStackSize                            = 4194304                                   {product} {ergonomic}
   size_t MaxHeapSize                              = 2032140288                                {product} {ergonomic}
   size_t MinHeapDeltaBytes                        = 1048576                                   {product} {ergonomic}
   size_t MinHeapSize                              = 8388608                                   {product} {ergonomic}
    uintx NonProfiledCodeHeapSize                  = 0                                      {pd product} {ergonomic}
     bool ProfileInterpreter                       = false                                  {pd product} {command line}
    uintx ProfiledCodeHeapSize                     = 0                                      {pd product} {ergonomic}
   size_t SoftMaxHeapSize                          = 2032140288                             {manageable} {ergonomic}
     intx TieredStopAtLevel                        = 1                                         {product} {command line}
     bool UseCompressedClassPointers               = true                           {product lp64_product} {ergonomic}
     bool UseCompressedOops                        = true                           {product lp64_product} {ergonomic}
     bool UseG1GC                                  = true                                      {product} {ergonomic}
     bool UseLargePagesIndividualAllocation        = false                                  {pd product} {ergonomic}

Logging:
Log output configuration:
 #0: stdout all=warning uptime,level,tags
 #1: stderr all=off uptime,level,tags

Environment Variables:
JAVA_HOME=C:\Program Files\Java\jdk-17
CLASSPATH=C:\Program Files\Java\jdk-17\lib
PATH=C:\Program Files\Common Files\Oracle\Java\javapath;C:\windows\system32;C:\windows;C:\windows\System32\Wbem;C:\windows\System32\WindowsPowerShell\v1.0\;C:\windows\System32\OpenSSH\;C:\Program Files\Java\jdk-17\bin;C:\Program Files\Git\cmd;C:\Program Files\Android\AndroidStudio\bin;C:\Program Files (x86)\Windows Kits\10\Windows Performance Toolkit\;C:\Program Files\nodejs\;C:\flutter_windows_3.27.1-stable\flutter\bin;C:\Program Files\Java\jdk-17\bin\;C:\Users\samsung\AppData\Local\Programs\Python\Python311\Scripts\;C:\Users\samsung\AppData\Local\Programs\Python\Python311\;C:\Users\samsung\AppData\Local\Microsoft\WindowsApps;C:\Program Files\JetBrains\IntelliJ IDEA 2025.1.3\bin;;C:\Users\samsung\AppData\Local\Programs\Microsoft VS Code\bin;C:\Users\samsung\AppData\Roaming\npm;C:\flutter\bin;C:\Users\samsung\AppData\Local\GitHubDesktop\bin
USERNAME=samsung
OS=Windows_NT
PROCESSOR_IDENTIFIER=Intel64 Family 6 Model 186 Stepping 2, GenuineIntel



---------------  S Y S T E M  ---------------

OS:
 Windows 11 , 64 bit Build 22621 (10.0.22621.5415)
OS uptime: 23 days 16:37 hours
Hyper-V role detected

CPU: total 16 (initial active 16) (8 cores per cpu, 2 threads per core) family 6 model 186 stepping 2 microcode 0x410e, cx8, cmov, fxsr, ht, mmx, 3dnowpref, sse, sse2, sse3, ssse3, sse4.1, sse4.2, popcnt, lzcnt, tsc, tscinvbit, avx, avx2, aes, erms, clmul, bmi1, bmi2, adx, sha, fma, vzeroupper, clflush, clflushopt, clwb, hv

Memory: 4k page, system-wide physical 7751M (384M free)
TotalPageFile size 25879M (AvailPageFile size 105M)
current process WorkingSet (physical memory assigned to process): 11M, peak: 11M
current process commit charge ("private bytes"): 66M, peak: 188M

vm_info: Java HotSpot(TM) 64-Bit Server VM (17.0.12+8-LTS-286) for windows-amd64 JRE (17.0.12+8-LTS-286), built on Jun  5 2024 06:46:59 by "mach5one" with MS VC++ 17.6 (VS2022)

END.
