#
# There is insufficient memory for the Java Runtime Environment to continue.
# Native memory allocation (mmap) failed to map 127926272 bytes for G1 virtual space
# Possible reasons:
#   The system is out of physical RAM or swap space
#   The process is running with CompressedOops enabled, and the Java Heap may be blocking the growth of the native heap
# Possible solutions:
#   Reduce memory load on the system
#   Increase physical memory or swap space
#   Check if swap backing store is full
#   Decrease Java heap size (-Xmx/-Xms)
#   Decrease number of Java threads
#   Decrease Java thread stack sizes (-Xss)
#   Set larger code cache with -XX:ReservedCodeCacheSize=
#   JVM is running with Unscaled Compressed Oops mode in which the Java heap is
#     placed in the first 4GB address space. The Java Heap base address is the
#     maximum limit for the native heap growth. Please use -XX:HeapBaseMinAddress
#     to set the Java Heap base and to place the Java Heap above 4GB virtual address.
# This output file may be truncated or incomplete.
#
#  Out of Memory Error (os_windows.cpp:3548), pid=29268, tid=20296
#
# JRE version:  (17.0.12+8) (build )
# Java VM: Java HotSpot(TM) 64-Bit Server VM (17.0.12+8-LTS-286, mixed mode, emulated-client, sharing, tiered, compressed oops, compressed class ptrs, g1 gc, windows-amd64)
# No core dump will be written. Minidumps are not enabled by default on client versions of Windows
#

---------------  S U M M A R Y ------------

Command Line: -XX:TieredStopAtLevel=1 -Dspring.output.ansi.enabled=always -Dcom.sun.management.jmxremote -Dspring.jmx.enabled=true -Dspring.liveBeansView.mbeanDomain -Dspring.application.admin.enabled=true -Dmanagement.endpoints.jmx.exposure.include=* -javaagent:C:\Program Files\JetBrains\IntelliJ IDEA 2025.1.3\lib\idea_rt.jar=53811 -Dfile.encoding=UTF-8 org.example.seminar.SeminarApplication

Host: 13th Gen Intel(R) Core(TM) i5-1340P, 16 cores, 7G,  Windows 11 , 64 bit Build 26100 (10.0.26100.5074)
Time: Tue Sep 30 19:10:09 2025  Windows 11 , 64 bit Build 26100 (10.0.26100.5074) elapsed time: 0.059420 seconds (0d 0h 0m 0s)

---------------  T H R E A D  ---------------

Current thread (0x000002229d5f2e40):  JavaThread "Unknown thread" [_thread_in_vm, id=20296, stack(0x0000003f00c00000,0x0000003f00d00000)]

Stack: [0x0000003f00c00000,0x0000003f00d00000]
Native frames: (J=compiled Java code, j=interpreted, Vv=VM code, C=native code)
V  [jvm.dll+0x67a04a]
V  [jvm.dll+0x7da4ed]
V  [jvm.dll+0x7dbe33]
V  [jvm.dll+0x7dc4a3]
V  [jvm.dll+0x24508f]
V  [jvm.dll+0x677089]
V  [jvm.dll+0x66bd32]
V  [jvm.dll+0x301fa6]
V  [jvm.dll+0x309546]
V  [jvm.dll+0x359d2e]
V  [jvm.dll+0x359f5f]
V  [jvm.dll+0x2d9078]
V  [jvm.dll+0x2d9fe4]
V  [jvm.dll+0x7aca21]
V  [jvm.dll+0x367591]
V  [jvm.dll+0x78b999]
V  [jvm.dll+0x3ec83f]
V  [jvm.dll+0x3ee471]
C  [jli.dll+0x5297]
C  [ucrtbase.dll+0x37b0]
C  [KERNEL32.DLL+0x2e8d7]
C  [ntdll.dll+0x8d9c]


---------------  P R O C E S S  ---------------

Threads class SMR info:
_java_thread_list=0x00007ff8d1137a18, length=0, elements={
}

Java Threads: ( => current thread )

Other Threads:
  0x000002229d64ea00 GCTaskThread "GC Thread#0" [stack: 0x0000003f00d00000,0x0000003f00e00000] [id=6088]
  0x000002229d65ea90 ConcurrentGCThread "G1 Main Marker" [stack: 0x0000003f00e00000,0x0000003f00f00000] [id=20412]
  0x000002229d660070 ConcurrentGCThread "G1 Conc#0" [stack: 0x0000003f00f00000,0x0000003f01000000] [id=35828]

[error occurred during error reporting (printing all threads), id 0xc0000005, EXCEPTION_ACCESS_VIOLATION (0xc0000005) at pc=0x00007ff8d0969b67]

VM state: not at safepoint (not fully initialized)

VM Mutex/Monitor currently owned by a thread:  ([mutex/lock_event])
[0x000002229d5ef770] Heap_lock - owner thread: 0x000002229d5f2e40

Heap address: 0x0000000086e00000, size: 1938 MB, Compressed Oops mode: 32-bit

CDS archive(s) mapped at: [0x0000000000000000-0x0000000000000000-0x0000000000000000), size 0, SharedBaseAddress: 0x0000000800000000, ArchiveRelocationMode: 1.
Narrow klass base: 0x0000000000000000, Narrow klass shift: 0, Narrow klass range: 0x0

GC Precious Log:
<Empty>

Heap:
 garbage-first heap   total 0K, used 0K [0x0000000086e00000, 0x0000000100000000)
  region size 1024K, 0 young (0K), 0 survivors (0K)

[error occurred during error reporting (printing heap information), id 0xc0000005, EXCEPTION_ACCESS_VIOLATION (0xc0000005) at pc=0x00007ff8d0d53859]

GC Heap History (0 events):
No events

Deoptimization events (0 events):
No events

Classes unloaded (0 events):
No events

Classes redefined (0 events):
No events

Internal exceptions (0 events):
No events

VM Operations (0 events):
No events

Events (1 events):
Event: 0.043 Loaded shared library C:\Program Files\Java\jdk-17\bin\java.dll


Dynamic libraries:
0x00007ff76f880000 - 0x00007ff76f890000 	C:\Program Files\Java\jdk-17\bin\java.exe
0x00007ff965100000 - 0x00007ff965369000 	C:\WINDOWS\SYSTEM32\ntdll.dll
0x00007ff963fa0000 - 0x00007ff964069000 	C:\WINDOWS\System32\KERNEL32.DLL
0x00007ff962930000 - 0x00007ff962d23000 	C:\WINDOWS\System32\KERNELBASE.dll
0x00007ff962320000 - 0x00007ff96246b000 	C:\WINDOWS\System32\ucrtbase.dll
0x00007ff943cb0000 - 0x00007ff943ccb000 	C:\Program Files\Java\jdk-17\bin\VCRUNTIME140.dll
0x00007ff935d20000 - 0x00007ff935d39000 	C:\Program Files\Java\jdk-17\bin\jli.dll
0x00007ff964570000 - 0x00007ff964624000 	C:\WINDOWS\System32\ADVAPI32.dll
0x00007ff964fe0000 - 0x00007ff965089000 	C:\WINDOWS\System32\msvcrt.dll
0x00007ff963b20000 - 0x00007ff963bc6000 	C:\WINDOWS\System32\sechost.dll
0x00007ff964cb0000 - 0x00007ff964dc8000 	C:\WINDOWS\System32\RPCRT4.dll
0x00007ff9637b0000 - 0x00007ff963974000 	C:\WINDOWS\System32\USER32.dll
0x00007ff962de0000 - 0x00007ff962e07000 	C:\WINDOWS\System32\win32u.dll
0x00007ff962f60000 - 0x00007ff962f8b000 	C:\WINDOWS\System32\GDI32.dll
0x00007ff94b970000 - 0x00007ff94bc03000 	C:\WINDOWS\WinSxS\amd64_microsoft.windows.common-controls_6595b64144ccf1df_6.0.26100.5074_none_3e0d6f78e32fd63f\COMCTL32.dll
0x00007ff962760000 - 0x00007ff96288d000 	C:\WINDOWS\System32\gdi32full.dll
0x00007ff962d30000 - 0x00007ff962dd3000 	C:\WINDOWS\System32\msvcp_win.dll
0x00007ff94d220000 - 0x00007ff94d22b000 	C:\WINDOWS\SYSTEM32\VERSION.dll
0x00007ff963980000 - 0x00007ff9639af000 	C:\WINDOWS\System32\IMM32.DLL
0x00007ff953260000 - 0x00007ff95326c000 	C:\Program Files\Java\jdk-17\bin\vcruntime140_1.dll
0x00007ff92d9c0000 - 0x00007ff92da4e000 	C:\Program Files\Java\jdk-17\bin\msvcp140.dll
0x00007ff8d0680000 - 0x00007ff8d1260000 	C:\Program Files\Java\jdk-17\bin\server\jvm.dll
0x00007ff965090000 - 0x00007ff965098000 	C:\WINDOWS\System32\PSAPI.DLL
0x00007ff951090000 - 0x00007ff95109a000 	C:\WINDOWS\SYSTEM32\WSOCK32.dll
0x00007ff9594b0000 - 0x00007ff9594e5000 	C:\WINDOWS\SYSTEM32\WINMM.dll
0x00007ff9636e0000 - 0x00007ff963754000 	C:\WINDOWS\System32\WS2_32.dll
0x00007ff961070000 - 0x00007ff96108b000 	C:\WINDOWS\SYSTEM32\kernel.appcore.dll
0x00007ff952b80000 - 0x00007ff952b8a000 	C:\Program Files\Java\jdk-17\bin\jimage.dll
0x00007ff95f840000 - 0x00007ff95fa82000 	C:\WINDOWS\SYSTEM32\DBGHELP.DLL
0x00007ff964170000 - 0x00007ff9644eb000 	C:\WINDOWS\System32\combase.dll
0x00007ff963ec0000 - 0x00007ff963f97000 	C:\WINDOWS\System32\OLEAUT32.dll
0x00007ff944210000 - 0x00007ff94424d000 	C:\WINDOWS\SYSTEM32\dbgcore.DLL
0x00007ff962890000 - 0x00007ff962929000 	C:\WINDOWS\System32\bcryptPrimitives.dll
0x00007ff935d90000 - 0x00007ff935d9e000 	C:\Program Files\Java\jdk-17\bin\instrument.dll
0x00007ff935c50000 - 0x00007ff935c75000 	C:\Program Files\Java\jdk-17\bin\java.dll

dbghelp: loaded successfully - version: 4.0.5 - missing functions: none
symbol engine: initialized successfully - sym options: 0x614 - pdb path: .;C:\Program Files\Java\jdk-17\bin;C:\WINDOWS\SYSTEM32;C:\WINDOWS\WinSxS\amd64_microsoft.windows.common-controls_6595b64144ccf1df_6.0.26100.5074_none_3e0d6f78e32fd63f;C:\Program Files\Java\jdk-17\bin\server

VM Arguments:
jvm_args: -XX:TieredStopAtLevel=1 -Dspring.output.ansi.enabled=always -Dcom.sun.management.jmxremote -Dspring.jmx.enabled=true -Dspring.liveBeansView.mbeanDomain -Dspring.application.admin.enabled=true -Dmanagement.endpoints.jmx.exposure.include=* -javaagent:C:\Program Files\JetBrains\IntelliJ IDEA 2025.1.3\lib\idea_rt.jar=53811 -Dfile.encoding=UTF-8 
java_command: org.example.seminar.SeminarApplication
java_class_path (initial): C:\Users\samsung\Documents\2025-LikeLion-AhnSungMin\AnSeongMin\spring\week10\seminar\build\classes\java\main;C:\Users\samsung\Documents\2025-LikeLion-AhnSungMin\AnSeongMin\spring\week10\seminar\build\resources\main;C:\Users\samsung\.gradle\caches\modules-2\files-2.1\org.projectlombok\lombok\1.18.40\398c6d2d7c42c96b65e78d2ddc9be0058c163453\lombok-1.18.40.jar;C:\Users\samsung\.gradle\caches\modules-2\files-2.1\io.jsonwebtoken\jjwt-impl\0.12.3\e850d2b3f53bd82355cd9ee1c471054aa602b320\jjwt-impl-0.12.3.jar;C:\Users\samsung\.gradle\caches\modules-2\files-2.1\io.jsonwebtoken\jjwt-jackson\0.12.3\5e6d0e45441547d892d3273a4ce5dd042e91d162\jjwt-jackson-0.12.3.jar;C:\Users\samsung\.gradle\caches\modules-2\files-2.1\io.jsonwebtoken\jjwt-api\0.12.3\30b7de9176d17fa347eef14b85480825dab76b58\jjwt-api-0.12.3.jar;C:\Users\samsung\.gradle\caches\modules-2\files-2.1\org.springframework.boot\spring-boot-starter-data-jpa\3.5.6\ec77fd4b025ff3401e80be68a8a3dfbe45c7dcfa\spring-boot-starter-data-jpa-3.5.6.jar;C:\Users\samsung\.gradle\caches\modules-2\files-2.1\org.springframework.boot\spring-boot-starter-security\3.5.6\f784752820b4e59f1e144e6d208d04fa27da9\spring-boot-starter-security-3.5.6.jar;C:\Users\samsung\.gradle\caches\modules-2\files-2.1\org.springframework.boot\spring-boot-starter-web\3.5.6\83d6174983b3d6649525a272222af212728a9892\spring-boot-starter-web-3.5.6.jar;C:\Users\samsung\.gradle\caches\modules-2\files-2.1\com.fasterxml.jackson.core\jackson-databind\2.19.2\46509399d28f57ca32c6bb4b0d4e10e8f062051e\jackson-databind-2.19.2.jar;C:\Users\samsung\.gradle\caches\modules-2\files-2.1\org.springframework.boot\spring-boot-starter-jdbc\3.5.6\812d2dc9a662d9ab640bea01b383e82d881fc586\spring-boot-starter-jdbc-3.5.6.jar;C:\Users\samsung\.gradle\caches\modules-2\files-2.1\org.springframework.boot\spring-boot-starter\3.5.6\2a2de314809a7c4c9b7303063c1313e03fe31ad3\spring-boot-starter-3.5.6.jar;C:\Users\samsung\.gradle\caches\modules-2\files-2.1\org.hibernate.orm\hib
Launcher Type: SUN_STANDARD

[Global flags]
     intx CICompilerCount                          = 12                                        {product} {ergonomic}
     uint ConcGCThreads                            = 3                                         {product} {ergonomic}
     uint G1ConcRefinementThreads                  = 13                                        {product} {ergonomic}
   size_t G1HeapRegionSize                         = 1048576                                   {product} {ergonomic}
    uintx GCDrainStackTargetSize                   = 64                                        {product} {ergonomic}
   size_t InitialHeapSize                          = 127926272                                 {product} {ergonomic}
     bool ManagementServer                         = true                                      {product} {command line}
   size_t MarkStackSize                            = 4194304                                   {product} {ergonomic}
   size_t MaxHeapSize                              = 2032140288                                {product} {ergonomic}
   size_t MinHeapDeltaBytes                        = 1048576                                   {product} {ergonomic}
   size_t MinHeapSize                              = 8388608                                   {product} {ergonomic}
    uintx NonProfiledCodeHeapSize                  = 0                                      {pd product} {ergonomic}
     bool ProfileInterpreter                       = false                                  {pd product} {command line}
    uintx ProfiledCodeHeapSize                     = 0                                      {pd product} {ergonomic}
   size_t SoftMaxHeapSize                          = 2032140288                             {manageable} {ergonomic}
     intx TieredStopAtLevel                        = 1                                         {product} {command line}
     bool UseCompressedClassPointers               = true                           {product lp64_product} {ergonomic}
     bool UseCompressedOops                        = true                           {product lp64_product} {ergonomic}
     bool UseG1GC                                  = true                                      {product} {ergonomic}
     bool UseLargePagesIndividualAllocation        = false                                  {pd product} {ergonomic}

Logging:
Log output configuration:
 #0: stdout all=warning uptime,level,tags
 #1: stderr all=off uptime,level,tags

Environment Variables:
JAVA_HOME=C:\Program Files\Java\jdk-17
CLASSPATH=C:\Program Files\Java\jdk-17\lib
PATH=C:\Program Files\Common Files\Oracle\Java\javapath;C:\WINDOWS\system32;C:\WINDOWS;C:\WINDOWS\System32\Wbem;C:\WINDOWS\System32\WindowsPowerShell\v1.0\;C:\WINDOWS\System32\OpenSSH\;C:\Program Files\Java\jdk-17\bin;C:\Program Files\Git\cmd;C:\Program Files\Android\AndroidStudio\bin;C:\Program Files (x86)\Windows Kits\10\Windows Performance Toolkit\;C:\Program Files\nodejs\;C:\flutter_windows_3.27.1-stable\flutter\bin;C:\Program Files\Java\jdk-17\bin\;C:\Program Files\PuTTY\;C:\Users\samsung\AppData\Local\Programs\Python\Python311\Scripts\;C:\Users\samsung\AppData\Local\Programs\Python\Python311\;C:\Users\samsung\AppData\Local\Microsoft\WindowsApps;C:\Program Files\JetBrains\IntelliJ IDEA 2025.1.3\bin;;C:\Users\samsung\AppData\Local\Programs\Microsoft VS Code\bin;C:\Users\samsung\AppData\Roaming\npm;C:\flutter\bin;C:\Users\samsung\AppData\Local\GitHubDesktop\bin;
USERNAME=samsung
OS=Windows_NT
PROCESSOR_IDENTIFIER=Intel64 Family 6 Model 186 Stepping 2, GenuineIntel



---------------  S Y S T E M  ---------------

OS:
 Windows 11 , 64 bit Build 26100 (10.0.26100.5074)
OS uptime: 6 days 12:14 hours
Hyper-V role detected

CPU: total 16 (initial active 16) (8 cores per cpu, 2 threads per core) family 6 model 186 stepping 2 microcode 0x410e, cx8, cmov, fxsr, ht, mmx, 3dnowpref, sse, sse2, sse3, ssse3, sse4.1, sse4.2, popcnt, lzcnt, tsc, tscinvbit, avx, avx2, aes, erms, clmul, bmi1, bmi2, adx, sha, fma, vzeroupper, clflush, clflushopt, clwb, hv

Memory: 4k page, system-wide physical 7751M (185M free)
TotalPageFile size 19641M (AvailPageFile size 95M)
current process WorkingSet (physical memory assigned to process): 12M, peak: 12M
current process commit charge ("private bytes"): 66M, peak: 187M

vm_info: Java HotSpot(TM) 64-Bit Server VM (17.0.12+8-LTS-286) for windows-amd64 JRE (17.0.12+8-LTS-286), built on Jun  5 2024 06:46:59 by "mach5one" with MS VC++ 17.6 (VS2022)

END.
