#
# There is insufficient memory for the Java Runtime Environment to continue.
# Native memory allocation (malloc) failed to allocate 1377920 bytes for Chunk::new
# Possible reasons:
#   The system is out of physical RAM or swap space
#   The process is running with CompressedOops enabled, and the Java Heap may be blocking the growth of the native heap
# Possible solutions:
#   Reduce memory load on the system
#   Increase physical memory or swap space
#   Check if swap backing store is full
#   Decrease Java heap size (-Xmx/-Xms)
#   Decrease number of Java threads
#   Decrease Java thread stack sizes (-Xss)
#   Set larger code cache with -XX:ReservedCodeCacheSize=
#   JVM is running with Unscaled Compressed Oops mode in which the Java heap is
#     placed in the first 4GB address space. The Java Heap base address is the
#     maximum limit for the native heap growth. Please use -XX:HeapBaseMinAddress
#     to set the Java Heap base and to place the Java Heap above 4GB virtual address.
# This output file may be truncated or incomplete.
#
#  Out of Memory Error (arena.cpp:189), pid=39164, tid=34036
#
# JRE version: Java(TM) SE Runtime Environment (17.0.12+8) (build 17.0.12+8-LTS-286)
# Java VM: Java HotSpot(TM) 64-Bit Server VM (17.0.12+8-LTS-286, mixed mode, sharing, tiered, compressed oops, compressed class ptrs, g1 gc, windows-amd64)
# No core dump will be written. Minidumps are not enabled by default on client versions of Windows
#

---------------  S U M M A R Y ------------

Command Line: --add-opens=java.base/java.lang=ALL-UNNAMED --add-opens=java.base/java.lang.invoke=ALL-UNNAMED --add-opens=java.base/java.util=ALL-UNNAMED --add-opens=java.prefs/java.util.prefs=ALL-UNNAMED --add-exports=jdk.compiler/com.sun.tools.javac.api=ALL-UNNAMED --add-exports=jdk.compiler/com.sun.tools.javac.util=ALL-UNNAMED --add-opens=java.base/java.util=ALL-UNNAMED --add-opens=java.prefs/java.util.prefs=ALL-UNNAMED --add-opens=java.base/java.nio.charset=ALL-UNNAMED --add-opens=java.base/java.net=ALL-UNNAMED --add-opens=java.base/java.util.concurrent.atomic=ALL-UNNAMED --add-opens=java.xml/javax.xml.namespace=ALL-UNNAMED -XX:MaxMetaspaceSize=384m -XX:+HeapDumpOnOutOfMemoryError -Xms256m -Xmx512m -Dfile.encoding=UTF-8 -Duser.country=KR -Duser.language=ko -Duser.variant -javaagent:C:\Users\samsung\.gradle\wrapper\dists\gradle-8.14.3-bin\cv11ve7ro1n3o1j4so8xd9n66\gradle-8.14.3\lib\agents\gradle-instrumentation-agent-8.14.3.jar org.gradle.launcher.daemon.bootstrap.GradleDaemon 8.14.3

Host: 13th Gen Intel(R) Core(TM) i5-1340P, 16 cores, 7G,  Windows 11 , 64 bit Build 22621 (10.0.22621.5415)
Time: Tue Jul 29 19:08:57 2025  Windows 11 , 64 bit Build 22621 (10.0.22621.5415) elapsed time: 4.975296 seconds (0d 0h 0m 4s)

---------------  T H R E A D  ---------------

Current thread (0x000001e12318ec10):  JavaThread "C2 CompilerThread0" daemon [_thread_in_native, id=34036, stack(0x0000006ccf300000,0x0000006ccf400000)]


Current CompileTask:
C2:   4975 5909       4       org.codehaus.groovy.runtime.metaclass.MetaMethodIndex::addMethodToList (128 bytes)

Stack: [0x0000006ccf300000,0x0000006ccf400000]
Native frames: (J=compiled Java code, j=interpreted, Vv=VM code, C=native code)
V  [jvm.dll+0x67a04a]
V  [jvm.dll+0x7da4ed]
V  [jvm.dll+0x7dbe33]
V  [jvm.dll+0x7dc4a3]
V  [jvm.dll+0x24508f]
V  [jvm.dll+0xab773]
V  [jvm.dll+0xabd3c]
V  [jvm.dll+0x361bee]
V  [jvm.dll+0x32c431]
V  [jvm.dll+0x32b8ca]
V  [jvm.dll+0x21683f]
V  [jvm.dll+0x215c6f]
V  [jvm.dll+0x1a2960]
V  [jvm.dll+0x22610b]
V  [jvm.dll+0x2242ab]
V  [jvm.dll+0x79075c]
V  [jvm.dll+0x78abea]
V  [jvm.dll+0x678f35]
C  [ucrtbase.dll+0x29333]
C  [KERNEL32.DLL+0x1259d]
C  [ntdll.dll+0x5af78]


---------------  P R O C E S S  ---------------

Threads class SMR info:
_java_thread_list=0x000001e140ee6a30, length=79, elements={
0x000001e107d66fc0, 0x000001e123169460, 0x000001e123169e20, 0x000001e123188120,
0x000001e123188ae0, 0x000001e12318d4b0, 0x000001e12318de70, 0x000001e12318ec10,
0x000001e123190400, 0x000001e1232490a0, 0x000001e123156260, 0x000001e12333cde0,
0x000001e12333f860, 0x000001e12333f310, 0x000001e12333d330, 0x000001e123443dd0,
0x000001e13da80b20, 0x000001e13e240670, 0x000001e13e2756d0, 0x000001e13e2f37a0,
0x000001e13e2f3c80, 0x000001e13d6a0410, 0x000001e13d69db90, 0x000001e13d69eac0,
0x000001e13d69e0a0, 0x000001e13d69f4e0, 0x000001e13d6a1340, 0x000001e13d69e5b0,
0x000001e13d69efd0, 0x000001e13d6a0e30, 0x000001e140d7ddf0, 0x000001e140d7ed20,
0x000001e140d7e300, 0x000001e140d7e810, 0x000001e140d7c4a0, 0x000001e140d80b80,
0x000001e140d7c9b0, 0x000001e140d7cec0, 0x000001e140d81090, 0x000001e140d7f230,
0x000001e140d815a0, 0x000001e140d80670, 0x000001e140d7d3d0, 0x000001e140d7f740,
0x000001e140d7fc50, 0x000001e140d81ab0, 0x000001e140d7d8e0, 0x000001e140d7a640,
0x000001e140d81fc0, 0x000001e140d7b570, 0x000001e140d7bf90, 0x000001e13ff5a5f0,
0x000001e13ff5c960, 0x000001e13ff5bf40, 0x000001e13ff61f70, 0x000001e13ff5f1e0,
0x000001e13ff60110, 0x000001e13ff5d380, 0x000001e13ff60b30, 0x000001e13ff5b010,
0x000001e13ff60620, 0x000001e13ff5b520, 0x000001e13ff61040, 0x000001e13ff5ba30,
0x000001e13ff5c450, 0x000001e13ff5e2b0, 0x000001e13ff5ecd0, 0x000001e13ff5ce70,
0x000001e13ff5d890, 0x000001e13ff5dda0, 0x000001e13ff5e7c0, 0x000001e13d69ff00,
0x000001e13ff535d0, 0x000001e13ff50330, 0x000001e13ff4d5a0, 0x000001e13ff4e9e0,
0x000001e13ff50d50, 0x000001e13ff52190, 0x000001e13ff51260
}

Java Threads: ( => current thread )
  0x000001e107d66fc0 JavaThread "main" [_thread_blocked, id=19740, stack(0x0000006cce600000,0x0000006cce700000)]
  0x000001e123169460 JavaThread "Reference Handler" daemon [_thread_blocked, id=452, stack(0x0000006cced00000,0x0000006ccee00000)]
  0x000001e123169e20 JavaThread "Finalizer" daemon [_thread_blocked, id=17620, stack(0x0000006ccee00000,0x0000006ccef00000)]
  0x000001e123188120 JavaThread "Signal Dispatcher" daemon [_thread_blocked, id=21180, stack(0x0000006ccef00000,0x0000006ccf000000)]
  0x000001e123188ae0 JavaThread "Attach Listener" daemon [_thread_blocked, id=15208, stack(0x0000006ccf000000,0x0000006ccf100000)]
  0x000001e12318d4b0 JavaThread "Service Thread" daemon [_thread_blocked, id=20372, stack(0x0000006ccf100000,0x0000006ccf200000)]
  0x000001e12318de70 JavaThread "Monitor Deflation Thread" daemon [_thread_blocked, id=2752, stack(0x0000006ccf200000,0x0000006ccf300000)]
=>0x000001e12318ec10 JavaThread "C2 CompilerThread0" daemon [_thread_in_native, id=34036, stack(0x0000006ccf300000,0x0000006ccf400000)]
  0x000001e123190400 JavaThread "C1 CompilerThread0" daemon [_thread_blocked, id=28944, stack(0x0000006ccf400000,0x0000006ccf500000)]
  0x000001e1232490a0 JavaThread "Sweeper thread" daemon [_thread_blocked, id=37468, stack(0x0000006ccf500000,0x0000006ccf600000)]
  0x000001e123156260 JavaThread "Common-Cleaner" daemon [_thread_blocked, id=20936, stack(0x0000006ccf600000,0x0000006ccf700000)]
  0x000001e12333cde0 JavaThread "C1 CompilerThread1" daemon [_thread_blocked, id=16360, stack(0x0000006ccf700000,0x0000006ccf800000)]
  0x000001e12333f860 JavaThread "C1 CompilerThread2" daemon [_thread_blocked, id=38324, stack(0x0000006ccf800000,0x0000006ccf900000)]
  0x000001e12333f310 JavaThread "C1 CompilerThread3" daemon [_thread_blocked, id=10716, stack(0x0000006ccf900000,0x0000006ccfa00000)]
  0x000001e12333d330 JavaThread "C2 CompilerThread1" daemon [_thread_blocked, id=15600, stack(0x0000006ccfa00000,0x0000006ccfb00000)]
  0x000001e123443dd0 JavaThread "Notification Thread" daemon [_thread_blocked, id=30628, stack(0x0000006ccfb00000,0x0000006ccfc00000)]
  0x000001e13da80b20 JavaThread "Daemon health stats" [_thread_blocked, id=18668, stack(0x0000006cd0200000,0x0000006cd0300000)]
  0x000001e13e240670 JavaThread "Incoming local TCP Connector on port 64655" [_thread_in_native, id=9168, stack(0x0000006cd0300000,0x0000006cd0400000)]
  0x000001e13e2756d0 JavaThread "Daemon periodic checks" [_thread_blocked, id=25996, stack(0x0000006cd0400000,0x0000006cd0500000)]
  0x000001e13e2f37a0 JavaThread "Daemon" [_thread_blocked, id=17180, stack(0x0000006cd0500000,0x0000006cd0600000)]
  0x000001e13e2f3c80 JavaThread "Handler for socket connection from /127.0.0.1:64655 to /127.0.0.1:64656" [_thread_in_native, id=24268, stack(0x0000006cd0600000,0x0000006cd0700000)]
  0x000001e13d6a0410 JavaThread "Cancel handler" [_thread_blocked, id=26972, stack(0x0000006cd0700000,0x0000006cd0800000)]
  0x000001e13d69db90 JavaThread "Daemon worker" [_thread_in_vm, id=3292, stack(0x0000006cd0800000,0x0000006cd0900000)]
  0x000001e13d69eac0 JavaThread "Asynchronous log dispatcher for DefaultDaemonConnection: socket connection from /127.0.0.1:64655 to /127.0.0.1:64656" [_thread_blocked, id=39796, stack(0x0000006cd0900000,0x0000006cd0a00000)]
  0x000001e13d69e0a0 JavaThread "Stdin handler" [_thread_blocked, id=21352, stack(0x0000006cd0a00000,0x0000006cd0b00000)]
  0x000001e13d69f4e0 JavaThread "Daemon client event forwarder" [_thread_blocked, id=32504, stack(0x0000006cd0b00000,0x0000006cd0c00000)]
  0x000001e13d6a1340 JavaThread "Cache worker for journal cache (C:\Users\samsung\.gradle\caches\journal-1)" [_thread_blocked, id=36636, stack(0x0000006cd0c00000,0x0000006cd0d00000)]
  0x000001e13d69e5b0 JavaThread "File lock request listener" [_thread_in_native, id=13012, stack(0x0000006cd0d00000,0x0000006cd0e00000)]
  0x000001e13d69efd0 JavaThread "Cache worker for file hash cache (C:\Users\samsung\.gradle\caches\8.14.3\fileHashes)" [_thread_blocked, id=32568, stack(0x0000006cd0e00000,0x0000006cd0f00000)]
  0x000001e13d6a0e30 JavaThread "Cache worker for file hash cache (C:\Users\samsung\Documents\2025-LikeLion-AhnSungMin\AnSeongMin\spring\week03\seminar\.gradle\8.14.3\fileHashes)" [_thread_blocked, id=6944, stack(0x0000006cd1600000,0x0000006cd1700000)]
  0x000001e140d7ddf0 JavaThread "Cache worker for Build Output Cleanup Cache (C:\Users\samsung\Documents\2025-LikeLion-AhnSungMin\AnSeongMin\spring\week03\seminar\.gradle\buildOutputCleanup)" [_thread_blocked, id=448, stack(0x0000006cd1700000,0x0000006cd1800000)]
  0x000001e140d7ed20 JavaThread "File watcher server" daemon [_thread_in_native, id=31420, stack(0x0000006cd1a00000,0x0000006cd1b00000)]
  0x000001e140d7e300 JavaThread "File watcher consumer" daemon [_thread_blocked, id=38484, stack(0x0000006cd1b00000,0x0000006cd1c00000)]
  0x000001e140d7e810 JavaThread "jar transforms" [_thread_blocked, id=34720, stack(0x0000006cd1c00000,0x0000006cd1d00000)]
  0x000001e140d7c4a0 JavaThread "jar transforms Thread 2" [_thread_blocked, id=39056, stack(0x0000006cd1d00000,0x0000006cd1e00000)]
  0x000001e140d80b80 JavaThread "jar transforms Thread 3" [_thread_blocked, id=34972, stack(0x0000006cd1e00000,0x0000006cd1f00000)]
  0x000001e140d7c9b0 JavaThread "jar transforms Thread 4" [_thread_blocked, id=26544, stack(0x0000006cd1f00000,0x0000006cd2000000)]
  0x000001e140d7cec0 JavaThread "jar transforms Thread 5" [_thread_blocked, id=23720, stack(0x0000006cd2000000,0x0000006cd2100000)]
  0x000001e140d81090 JavaThread "jar transforms Thread 6" [_thread_blocked, id=33320, stack(0x0000006cd2100000,0x0000006cd2200000)]
  0x000001e140d7f230 JavaThread "jar transforms Thread 7" [_thread_blocked, id=18740, stack(0x0000006cd2200000,0x0000006cd2300000)]
  0x000001e140d815a0 JavaThread "jar transforms Thread 8" [_thread_blocked, id=19804, stack(0x0000006cd2300000,0x0000006cd2400000)]
  0x000001e140d80670 JavaThread "jar transforms Thread 9" [_thread_blocked, id=39196, stack(0x0000006cd2400000,0x0000006cd2500000)]
  0x000001e140d7d3d0 JavaThread "jar transforms Thread 10" [_thread_blocked, id=39692, stack(0x0000006cd2500000,0x0000006cd2600000)]
  0x000001e140d7f740 JavaThread "jar transforms Thread 11" [_thread_blocked, id=39824, stack(0x0000006cd2600000,0x0000006cd2700000)]
  0x000001e140d7fc50 JavaThread "jar transforms Thread 12" [_thread_blocked, id=3584, stack(0x0000006cd2700000,0x0000006cd2800000)]
  0x000001e140d81ab0 JavaThread "jar transforms Thread 13" [_thread_blocked, id=30240, stack(0x0000006cd2800000,0x0000006cd2900000)]
  0x000001e140d7d8e0 JavaThread "jar transforms Thread 14" [_thread_blocked, id=24260, stack(0x0000006cd2900000,0x0000006cd2a00000)]
  0x000001e140d7a640 JavaThread "jar transforms Thread 15" [_thread_blocked, id=6616, stack(0x0000006cd2a00000,0x0000006cd2b00000)]
  0x000001e140d81fc0 JavaThread "jar transforms Thread 16" [_thread_blocked, id=25852, stack(0x0000006cd2b00000,0x0000006cd2c00000)]
  0x000001e140d7b570 JavaThread "Cache worker for checksums cache (C:\Users\samsung\Documents\2025-LikeLion-AhnSungMin\AnSeongMin\spring\week03\seminar\.gradle\8.14.3\checksums)" [_thread_blocked, id=37192, stack(0x0000006cd2c00000,0x0000006cd2d00000)]
  0x000001e140d7bf90 JavaThread "Cache worker for file content cache (C:\Users\samsung\.gradle\caches\8.14.3\fileContent)" [_thread_blocked, id=27920, stack(0x0000006cd2d00000,0x0000006cd2e00000)]
  0x000001e13ff5a5f0 JavaThread "Cache worker for cache directory md-supplier (C:\Users\samsung\.gradle\caches\8.14.3\md-supplier)" [_thread_blocked, id=15024, stack(0x0000006cd2e00000,0x0000006cd2f00000)]
  0x000001e13ff5c960 JavaThread "Cache worker for cache directory md-rule (C:\Users\samsung\.gradle\caches\8.14.3\md-rule)" [_thread_blocked, id=39176, stack(0x0000006cd2f00000,0x0000006cd3000000)]
  0x000001e13ff5bf40 JavaThread "Unconstrained build operations" [_thread_blocked, id=19836, stack(0x0000006cd3000000,0x0000006cd3100000)]
  0x000001e13ff61f70 JavaThread "Unconstrained build operations Thread 2" [_thread_blocked, id=24160, stack(0x0000006cd3100000,0x0000006cd3200000)]
  0x000001e13ff5f1e0 JavaThread "Unconstrained build operations Thread 3" [_thread_blocked, id=34212, stack(0x0000006cd3200000,0x0000006cd3300000)]
  0x000001e13ff60110 JavaThread "Unconstrained build operations Thread 4" [_thread_blocked, id=27484, stack(0x0000006cd3300000,0x0000006cd3400000)]
  0x000001e13ff5d380 JavaThread "Unconstrained build operations Thread 5" [_thread_blocked, id=22820, stack(0x0000006cd3400000,0x0000006cd3500000)]
  0x000001e13ff60b30 JavaThread "Unconstrained build operations Thread 6" [_thread_blocked, id=38968, stack(0x0000006cd3500000,0x0000006cd3600000)]
  0x000001e13ff5b010 JavaThread "Unconstrained build operations Thread 7" [_thread_blocked, id=39552, stack(0x0000006cd3600000,0x0000006cd3700000)]
  0x000001e13ff60620 JavaThread "Unconstrained build operations Thread 8" [_thread_blocked, id=24400, stack(0x0000006cd3700000,0x0000006cd3800000)]
  0x000001e13ff5b520 JavaThread "Unconstrained build operations Thread 9" [_thread_blocked, id=19312, stack(0x0000006cd3800000,0x0000006cd3900000)]
  0x000001e13ff61040 JavaThread "Unconstrained build operations Thread 10" [_thread_blocked, id=26392, stack(0x0000006cd3900000,0x0000006cd3a00000)]
  0x000001e13ff5ba30 JavaThread "Unconstrained build operations Thread 11" [_thread_blocked, id=7036, stack(0x0000006cd3a00000,0x0000006cd3b00000)]
  0x000001e13ff5c450 JavaThread "Unconstrained build operations Thread 12" [_thread_blocked, id=12600, stack(0x0000006cd3b00000,0x0000006cd3c00000)]
  0x000001e13ff5e2b0 JavaThread "Unconstrained build operations Thread 13" [_thread_blocked, id=16972, stack(0x0000006cd3c00000,0x0000006cd3d00000)]
  0x000001e13ff5ecd0 JavaThread "Unconstrained build operations Thread 14" [_thread_blocked, id=5764, stack(0x0000006cd3d00000,0x0000006cd3e00000)]
  0x000001e13ff5ce70 JavaThread "Unconstrained build operations Thread 15" [_thread_blocked, id=11060, stack(0x0000006cd3e00000,0x0000006cd3f00000)]
  0x000001e13ff5d890 JavaThread "Unconstrained build operations Thread 16" [_thread_blocked, id=25752, stack(0x0000006cd3f00000,0x0000006cd4000000)]
  0x000001e13ff5dda0 JavaThread "Unconstrained build operations Thread 17" [_thread_blocked, id=31432, stack(0x0000006cd4000000,0x0000006cd4100000)]
  0x000001e13ff5e7c0 JavaThread "Unconstrained build operations Thread 18" [_thread_blocked, id=37848, stack(0x0000006cd4100000,0x0000006cd4200000)]
  0x000001e13d69ff00 JavaThread "Unconstrained build operations Thread 19" [_thread_blocked, id=35932, stack(0x0000006cd4200000,0x0000006cd4300000)]
  0x000001e13ff535d0 JavaThread "Unconstrained build operations Thread 20" [_thread_blocked, id=6080, stack(0x0000006cd4300000,0x0000006cd4400000)]
  0x000001e13ff50330 JavaThread "Unconstrained build operations Thread 21" [_thread_blocked, id=35052, stack(0x0000006cd4400000,0x0000006cd4500000)]
  0x000001e13ff4d5a0 JavaThread "Unconstrained build operations Thread 22" [_thread_blocked, id=27084, stack(0x0000006cd4500000,0x0000006cd4600000)]
  0x000001e13ff4e9e0 JavaThread "Unconstrained build operations Thread 23" [_thread_blocked, id=32472, stack(0x0000006cd4600000,0x0000006cd4700000)]
  0x000001e13ff50d50 JavaThread "Unconstrained build operations Thread 24" [_thread_blocked, id=17140, stack(0x0000006cd4700000,0x0000006cd4800000)]
  0x000001e13ff52190 JavaThread "Unconstrained build operations Thread 25" [_thread_blocked, id=36920, stack(0x0000006cd4800000,0x0000006cd4900000)]
  0x000001e13ff51260 JavaThread "Unconstrained build operations Thread 26" [_thread_blocked, id=37580, stack(0x0000006cd4900000,0x0000006cd4a00000)]

Other Threads:
  0x000001e123162aa0 VMThread "VM Thread" [stack: 0x0000006ccec00000,0x0000006cced00000] [id=25688]
  0x000001e123444ad0 WatcherThread [stack: 0x0000006ccfc00000,0x0000006ccfd00000] [id=32648]
  0x000001e107d961a0 GCTaskThread "GC Thread#0" [stack: 0x0000006cce700000,0x0000006cce800000] [id=5336]
  0x000001e1236749a0 GCTaskThread "GC Thread#1" [stack: 0x0000006ccfd00000,0x0000006ccfe00000] [id=18688]
  0x000001e1235863a0 GCTaskThread "GC Thread#2" [stack: 0x0000006ccfe00000,0x0000006ccff00000] [id=18624]
  0x000001e123586660 GCTaskThread "GC Thread#3" [stack: 0x0000006ccff00000,0x0000006cd0000000] [id=37692]
  0x000001e12352c950 GCTaskThread "GC Thread#4" [stack: 0x0000006cd0000000,0x0000006cd0100000] [id=37960]
  0x000001e12352d020 GCTaskThread "GC Thread#5" [stack: 0x0000006cd0100000,0x0000006cd0200000] [id=26636]
  0x000001e13f912ba0 GCTaskThread "GC Thread#6" [stack: 0x0000006cd0f00000,0x0000006cd1000000] [id=37372]
  0x000001e13e9ea030 GCTaskThread "GC Thread#7" [stack: 0x0000006cd1000000,0x0000006cd1100000] [id=37948]
  0x000001e13e9ea2f0 GCTaskThread "GC Thread#8" [stack: 0x0000006cd1100000,0x0000006cd1200000] [id=20300]
  0x000001e13eae9f90 GCTaskThread "GC Thread#9" [stack: 0x0000006cd1200000,0x0000006cd1300000] [id=35304]
  0x000001e13eaea250 GCTaskThread "GC Thread#10" [stack: 0x0000006cd1300000,0x0000006cd1400000] [id=38828]
  0x000001e13e44e8d0 GCTaskThread "GC Thread#11" [stack: 0x0000006cd1400000,0x0000006cd1500000] [id=18572]
  0x000001e13e44eb90 GCTaskThread "GC Thread#12" [stack: 0x0000006cd1500000,0x0000006cd1600000] [id=4608]
  0x000001e107d9ae90 ConcurrentGCThread "G1 Main Marker" [stack: 0x0000006cce800000,0x0000006cce900000] [id=26224]
  0x000001e107d9b640 ConcurrentGCThread "G1 Conc#0" [stack: 0x0000006cce900000,0x0000006ccea00000] [id=39712]
  0x000001e13e54a290 ConcurrentGCThread "G1 Conc#1" [stack: 0x0000006cd1800000,0x0000006cd1900000] [id=36428]
  0x000001e13e54a550 ConcurrentGCThread "G1 Conc#2" [stack: 0x0000006cd1900000,0x0000006cd1a00000] [id=38724]
  0x000001e107e2d9c0 ConcurrentGCThread "G1 Refine#0" [stack: 0x0000006ccea00000,0x0000006cceb00000] [id=36884]
  0x000001e107e2e190 ConcurrentGCThread "G1 Service" [stack: 0x0000006cceb00000,0x0000006ccec00000] [id=31160]

Threads with active compile tasks:
C2 CompilerThread0     5001 5909       4       org.codehaus.groovy.runtime.metaclass.MetaMethodIndex::addMethodToList (128 bytes)

VM state: not at safepoint (normal execution)

VM Mutex/Monitor currently owned by a thread: None

Heap address: 0x00000000e0000000, size: 512 MB, Compressed Oops mode: 32-bit

CDS archive(s) mapped at: [0x000001e124000000-0x000001e124bd0000-0x000001e124bd0000), size 12386304, SharedBaseAddress: 0x000001e124000000, ArchiveRelocationMode: 1.
Compressed class space mapped at: 0x000001e125000000-0x000001e139000000, reserved size: 335544320
Narrow klass base: 0x000001e124000000, Narrow klass shift: 0, Narrow klass range: 0x100000000

GC Precious Log:
 CPUs: 16 total, 16 available
 Memory: 7751M
 Large Page Support: Disabled
 NUMA Support: Disabled
 Compressed Oops: Enabled (32-bit)
 Heap Region Size: 1M
 Heap Min Capacity: 256M
 Heap Initial Capacity: 256M
 Heap Max Capacity: 512M
 Pre-touch: Disabled
 Parallel Workers: 13
 Concurrent Workers: 3
 Concurrent Refinement Workers: 13
 Periodic GC: Disabled

Heap:
 garbage-first heap   total 262144K, used 167019K [0x00000000e0000000, 0x0000000100000000)
  region size 1024K, 106 young (108544K), 16 survivors (16384K)
 Metaspace       used 43312K, committed 43904K, reserved 393216K
  class space    used 6117K, committed 6400K, reserved 327680K

Heap Regions: E=young(eden), S=young(survivor), O=old, HS=humongous(starts), HC=humongous(continues), CS=collection set, F=free, OA=open archive, CA=closed archive, TAMS=top-at-mark-start (previous, next)
|   0|0x00000000e0000000, 0x00000000e0100000, 0x00000000e0100000|100%|HS|  |TAMS 0x00000000e0100000, 0x00000000e0000000| Complete 
|   1|0x00000000e0100000, 0x00000000e0200000, 0x00000000e0200000|100%|HC|  |TAMS 0x00000000e0200000, 0x00000000e0100000| Complete 
|   2|0x00000000e0200000, 0x00000000e0300000, 0x00000000e0300000|100%|HC|  |TAMS 0x00000000e0300000, 0x00000000e0200000| Complete 
|   3|0x00000000e0300000, 0x00000000e0400000, 0x00000000e0400000|100%| O|  |TAMS 0x00000000e0400000, 0x00000000e0300000| Untracked 
|   4|0x00000000e0400000, 0x00000000e0500000, 0x00000000e0500000|100%| O|  |TAMS 0x00000000e0500000, 0x00000000e0400000| Untracked 
|   5|0x00000000e0500000, 0x00000000e0600000, 0x00000000e0600000|100%| O|  |TAMS 0x00000000e0600000, 0x00000000e0500000| Untracked 
|   6|0x00000000e0600000, 0x00000000e0700000, 0x00000000e0700000|100%|HS|  |TAMS 0x00000000e0700000, 0x00000000e0600000| Complete 
|   7|0x00000000e0700000, 0x00000000e0800000, 0x00000000e0800000|100%| O|  |TAMS 0x00000000e0800000, 0x00000000e0700000| Complete 
|   8|0x00000000e0800000, 0x00000000e0900000, 0x00000000e0900000|100%| O|  |TAMS 0x00000000e0900000, 0x00000000e0800000| Untracked 
|   9|0x00000000e0900000, 0x00000000e0a00000, 0x00000000e0a00000|100%| O|  |TAMS 0x00000000e0a00000, 0x00000000e0900000| Untracked 
|  10|0x00000000e0a00000, 0x00000000e0b00000, 0x00000000e0b00000|100%| O|  |TAMS 0x00000000e0b00000, 0x00000000e0a00000| Untracked 
|  11|0x00000000e0b00000, 0x00000000e0c00000, 0x00000000e0c00000|100%| O|  |TAMS 0x00000000e0bb9e00, 0x00000000e0b00000| Untracked 
|  12|0x00000000e0c00000, 0x00000000e0d00000, 0x00000000e0d00000|100%|HS|  |TAMS 0x00000000e0d00000, 0x00000000e0c00000| Complete 
|  13|0x00000000e0d00000, 0x00000000e0e00000, 0x00000000e0e00000|100%|HC|  |TAMS 0x00000000e0e00000, 0x00000000e0d00000| Complete 
|  14|0x00000000e0e00000, 0x00000000e0f00000, 0x00000000e0f00000|100%|HC|  |TAMS 0x00000000e0f00000, 0x00000000e0e00000| Complete 
|  15|0x00000000e0f00000, 0x00000000e1000000, 0x00000000e1000000|100%|HC|  |TAMS 0x00000000e1000000, 0x00000000e0f00000| Complete 
|  16|0x00000000e1000000, 0x00000000e1100000, 0x00000000e1100000|100%|HC|  |TAMS 0x00000000e1100000, 0x00000000e1000000| Complete 
|  17|0x00000000e1100000, 0x00000000e1200000, 0x00000000e1200000|100%|HC|  |TAMS 0x00000000e1200000, 0x00000000e1100000| Complete 
|  18|0x00000000e1200000, 0x00000000e1300000, 0x00000000e1300000|100%|HS|  |TAMS 0x00000000e1300000, 0x00000000e1200000| Complete 
|  19|0x00000000e1300000, 0x00000000e1400000, 0x00000000e1400000|100%|HC|  |TAMS 0x00000000e1400000, 0x00000000e1300000| Complete 
|  20|0x00000000e1400000, 0x00000000e1500000, 0x00000000e1500000|100%|HC|  |TAMS 0x00000000e1500000, 0x00000000e1400000| Complete 
|  21|0x00000000e1500000, 0x00000000e1600000, 0x00000000e1600000|100%|HS|  |TAMS 0x00000000e1600000, 0x00000000e1500000| Complete 
|  22|0x00000000e1600000, 0x00000000e1700000, 0x00000000e1700000|100%|HC|  |TAMS 0x00000000e1700000, 0x00000000e1600000| Complete 
|  23|0x00000000e1700000, 0x00000000e1800000, 0x00000000e1800000|100%|HS|  |TAMS 0x00000000e1800000, 0x00000000e1700000| Complete 
|  24|0x00000000e1800000, 0x00000000e1900000, 0x00000000e1900000|100%|HS|  |TAMS 0x00000000e1900000, 0x00000000e1800000| Complete 
|  25|0x00000000e1900000, 0x00000000e1a00000, 0x00000000e1a00000|100%|HC|  |TAMS 0x00000000e1a00000, 0x00000000e1900000| Complete 
|  26|0x00000000e1a00000, 0x00000000e1b00000, 0x00000000e1b00000|100%|HC|  |TAMS 0x00000000e1b00000, 0x00000000e1a00000| Complete 
|  27|0x00000000e1b00000, 0x00000000e1c00000, 0x00000000e1c00000|100%|HC|  |TAMS 0x00000000e1c00000, 0x00000000e1b00000| Complete 
|  28|0x00000000e1c00000, 0x00000000e1d00000, 0x00000000e1d00000|100%|HC|  |TAMS 0x00000000e1d00000, 0x00000000e1c00000| Complete 
|  29|0x00000000e1d00000, 0x00000000e1e00000, 0x00000000e1e00000|100%|HC|  |TAMS 0x00000000e1e00000, 0x00000000e1d00000| Complete 
|  30|0x00000000e1e00000, 0x00000000e1f00000, 0x00000000e1f00000|100%|HS|  |TAMS 0x00000000e1f00000, 0x00000000e1e00000| Complete 
|  31|0x00000000e1f00000, 0x00000000e2000000, 0x00000000e2000000|100%|HC|  |TAMS 0x00000000e2000000, 0x00000000e1f00000| Complete 
|  32|0x00000000e2000000, 0x00000000e2100000, 0x00000000e2100000|100%|HC|  |TAMS 0x00000000e2100000, 0x00000000e2000000| Complete 
|  33|0x00000000e2100000, 0x00000000e2200000, 0x00000000e2200000|100%|HS|  |TAMS 0x00000000e2200000, 0x00000000e2100000| Complete 
|  34|0x00000000e2200000, 0x00000000e2300000, 0x00000000e2300000|100%|HC|  |TAMS 0x00000000e2300000, 0x00000000e2200000| Complete 
|  35|0x00000000e2300000, 0x00000000e2400000, 0x00000000e2400000|100%|HS|  |TAMS 0x00000000e2400000, 0x00000000e2300000| Complete 
|  36|0x00000000e2400000, 0x00000000e2500000, 0x00000000e2500000|100%|HS|  |TAMS 0x00000000e2400000, 0x00000000e2400000| Complete 
|  37|0x00000000e2500000, 0x00000000e2600000, 0x00000000e2600000|100%|HC|  |TAMS 0x00000000e2500000, 0x00000000e2500000| Complete 
|  38|0x00000000e2600000, 0x00000000e2700000, 0x00000000e2700000|100%|HS|  |TAMS 0x00000000e2600000, 0x00000000e2600000| Complete 
|  39|0x00000000e2700000, 0x00000000e2700000, 0x00000000e2800000|  0%| F|  |TAMS 0x00000000e2700000, 0x00000000e2700000| Untracked 
|  40|0x00000000e2800000, 0x00000000e2800000, 0x00000000e2900000|  0%| F|  |TAMS 0x00000000e2800000, 0x00000000e2800000| Untracked 
|  41|0x00000000e2900000, 0x00000000e2a00000, 0x00000000e2a00000|100%| O|  |TAMS 0x00000000e2900000, 0x00000000e2900000| Untracked 
|  42|0x00000000e2a00000, 0x00000000e2b00000, 0x00000000e2b00000|100%| O|  |TAMS 0x00000000e2a00000, 0x00000000e2a00000| Untracked 
|  43|0x00000000e2b00000, 0x00000000e2c00000, 0x00000000e2c00000|100%| O|  |TAMS 0x00000000e2b00000, 0x00000000e2b00000| Untracked 
|  44|0x00000000e2c00000, 0x00000000e2d00000, 0x00000000e2d00000|100%| O|  |TAMS 0x00000000e2c00000, 0x00000000e2c00000| Untracked 
|  45|0x00000000e2d00000, 0x00000000e2e00000, 0x00000000e2e00000|100%| O|  |TAMS 0x00000000e2d00000, 0x00000000e2d00000| Untracked 
|  46|0x00000000e2e00000, 0x00000000e2f00000, 0x00000000e2f00000|100%| O|  |TAMS 0x00000000e2e00000, 0x00000000e2e00000| Untracked 
|  47|0x00000000e2f00000, 0x00000000e3000000, 0x00000000e3000000|100%| O|  |TAMS 0x00000000e2f00000, 0x00000000e2f00000| Untracked 
|  48|0x00000000e3000000, 0x00000000e3100000, 0x00000000e3100000|100%| O|  |TAMS 0x00000000e3000000, 0x00000000e3000000| Untracked 
|  49|0x00000000e3100000, 0x00000000e31a4c00, 0x00000000e3200000| 64%| O|  |TAMS 0x00000000e3100000, 0x00000000e3100000| Untracked 
|  50|0x00000000e3200000, 0x00000000e3300000, 0x00000000e3300000|100%|HS|  |TAMS 0x00000000e3200000, 0x00000000e3200000| Complete 
|  51|0x00000000e3300000, 0x00000000e3400000, 0x00000000e3400000|100%|HC|  |TAMS 0x00000000e3300000, 0x00000000e3300000| Complete 
|  52|0x00000000e3400000, 0x00000000e3500000, 0x00000000e3500000|100%|HC|  |TAMS 0x00000000e3400000, 0x00000000e3400000| Complete 
|  53|0x00000000e3500000, 0x00000000e3600000, 0x00000000e3600000|100%|HC|  |TAMS 0x00000000e3500000, 0x00000000e3500000| Complete 
|  54|0x00000000e3600000, 0x00000000e3700000, 0x00000000e3700000|100%|HC|  |TAMS 0x00000000e3600000, 0x00000000e3600000| Complete 
|  55|0x00000000e3700000, 0x00000000e3800000, 0x00000000e3800000|100%|HC|  |TAMS 0x00000000e3700000, 0x00000000e3700000| Complete 
|  56|0x00000000e3800000, 0x00000000e3900000, 0x00000000e3900000|100%|HS|  |TAMS 0x00000000e3800000, 0x00000000e3800000| Complete 
|  57|0x00000000e3900000, 0x00000000e3a00000, 0x00000000e3a00000|100%|HC|  |TAMS 0x00000000e3900000, 0x00000000e3900000| Complete 
|  58|0x00000000e3a00000, 0x00000000e3b00000, 0x00000000e3b00000|100%|HC|  |TAMS 0x00000000e3a00000, 0x00000000e3a00000| Complete 
|  59|0x00000000e3b00000, 0x00000000e3c00000, 0x00000000e3c00000|100%|HC|  |TAMS 0x00000000e3b00000, 0x00000000e3b00000| Complete 
|  60|0x00000000e3c00000, 0x00000000e3d00000, 0x00000000e3d00000|100%|HC|  |TAMS 0x00000000e3c00000, 0x00000000e3c00000| Complete 
|  61|0x00000000e3d00000, 0x00000000e3e00000, 0x00000000e3e00000|100%|HC|  |TAMS 0x00000000e3d00000, 0x00000000e3d00000| Complete 
|  62|0x00000000e3e00000, 0x00000000e3e00000, 0x00000000e3f00000|  0%| F|  |TAMS 0x00000000e3e00000, 0x00000000e3e00000| Untracked 
|  63|0x00000000e3f00000, 0x00000000e3f00000, 0x00000000e4000000|  0%| F|  |TAMS 0x00000000e3f00000, 0x00000000e3f00000| Untracked 
|  64|0x00000000e4000000, 0x00000000e4000000, 0x00000000e4100000|  0%| F|  |TAMS 0x00000000e4000000, 0x00000000e4000000| Untracked 
|  65|0x00000000e4100000, 0x00000000e4100000, 0x00000000e4200000|  0%| F|  |TAMS 0x00000000e4100000, 0x00000000e4100000| Untracked 
|  66|0x00000000e4200000, 0x00000000e4200000, 0x00000000e4300000|  0%| F|  |TAMS 0x00000000e4200000, 0x00000000e4200000| Untracked 
|  67|0x00000000e4300000, 0x00000000e4300000, 0x00000000e4400000|  0%| F|  |TAMS 0x00000000e4300000, 0x00000000e4300000| Untracked 
|  68|0x00000000e4400000, 0x00000000e4400000, 0x00000000e4500000|  0%| F|  |TAMS 0x00000000e4400000, 0x00000000e4400000| Untracked 
|  69|0x00000000e4500000, 0x00000000e4500000, 0x00000000e4600000|  0%| F|  |TAMS 0x00000000e4500000, 0x00000000e4500000| Untracked 
|  70|0x00000000e4600000, 0x00000000e4600000, 0x00000000e4700000|  0%| F|  |TAMS 0x00000000e4600000, 0x00000000e4600000| Untracked 
|  71|0x00000000e4700000, 0x00000000e4700000, 0x00000000e4800000|  0%| F|  |TAMS 0x00000000e4700000, 0x00000000e4700000| Untracked 
|  72|0x00000000e4800000, 0x00000000e4800000, 0x00000000e4900000|  0%| F|  |TAMS 0x00000000e4800000, 0x00000000e4800000| Untracked 
|  73|0x00000000e4900000, 0x00000000e4900000, 0x00000000e4a00000|  0%| F|  |TAMS 0x00000000e4900000, 0x00000000e4900000| Untracked 
|  74|0x00000000e4a00000, 0x00000000e4a00000, 0x00000000e4b00000|  0%| F|  |TAMS 0x00000000e4a00000, 0x00000000e4a00000| Untracked 
|  75|0x00000000e4b00000, 0x00000000e4b00000, 0x00000000e4c00000|  0%| F|  |TAMS 0x00000000e4b00000, 0x00000000e4b00000| Untracked 
|  76|0x00000000e4c00000, 0x00000000e4c00000, 0x00000000e4d00000|  0%| F|  |TAMS 0x00000000e4c00000, 0x00000000e4c00000| Untracked 
|  77|0x00000000e4d00000, 0x00000000e4d00000, 0x00000000e4e00000|  0%| F|  |TAMS 0x00000000e4d00000, 0x00000000e4d00000| Untracked 
|  78|0x00000000e4e00000, 0x00000000e4e00000, 0x00000000e4f00000|  0%| F|  |TAMS 0x00000000e4e00000, 0x00000000e4e00000| Untracked 
|  79|0x00000000e4f00000, 0x00000000e4f00000, 0x00000000e5000000|  0%| F|  |TAMS 0x00000000e4f00000, 0x00000000e4f00000| Untracked 
|  80|0x00000000e5000000, 0x00000000e5000000, 0x00000000e5100000|  0%| F|  |TAMS 0x00000000e5000000, 0x00000000e5000000| Untracked 
|  81|0x00000000e5100000, 0x00000000e5100000, 0x00000000e5200000|  0%| F|  |TAMS 0x00000000e5100000, 0x00000000e5100000| Untracked 
|  82|0x00000000e5200000, 0x00000000e5200000, 0x00000000e5300000|  0%| F|  |TAMS 0x00000000e5200000, 0x00000000e5200000| Untracked 
|  83|0x00000000e5300000, 0x00000000e5300000, 0x00000000e5400000|  0%| F|  |TAMS 0x00000000e5300000, 0x00000000e5300000| Untracked 
|  84|0x00000000e5400000, 0x00000000e5400000, 0x00000000e5500000|  0%| F|  |TAMS 0x00000000e5400000, 0x00000000e5400000| Untracked 
|  85|0x00000000e5500000, 0x00000000e5500000, 0x00000000e5600000|  0%| F|  |TAMS 0x00000000e5500000, 0x00000000e5500000| Untracked 
|  86|0x00000000e5600000, 0x00000000e5600000, 0x00000000e5700000|  0%| F|  |TAMS 0x00000000e5600000, 0x00000000e5600000| Untracked 
|  87|0x00000000e5700000, 0x00000000e5700000, 0x00000000e5800000|  0%| F|  |TAMS 0x00000000e5700000, 0x00000000e5700000| Untracked 
|  88|0x00000000e5800000, 0x00000000e5800000, 0x00000000e5900000|  0%| F|  |TAMS 0x00000000e5800000, 0x00000000e5800000| Untracked 
|  89|0x00000000e5900000, 0x00000000e5900000, 0x00000000e5a00000|  0%| F|  |TAMS 0x00000000e5900000, 0x00000000e5900000| Untracked 
|  90|0x00000000e5a00000, 0x00000000e5a00000, 0x00000000e5b00000|  0%| F|  |TAMS 0x00000000e5a00000, 0x00000000e5a00000| Untracked 
|  91|0x00000000e5b00000, 0x00000000e5b00000, 0x00000000e5c00000|  0%| F|  |TAMS 0x00000000e5b00000, 0x00000000e5b00000| Untracked 
|  92|0x00000000e5c00000, 0x00000000e5c00000, 0x00000000e5d00000|  0%| F|  |TAMS 0x00000000e5c00000, 0x00000000e5c00000| Untracked 
|  93|0x00000000e5d00000, 0x00000000e5d00000, 0x00000000e5e00000|  0%| F|  |TAMS 0x00000000e5d00000, 0x00000000e5d00000| Untracked 
|  94|0x00000000e5e00000, 0x00000000e5e00000, 0x00000000e5f00000|  0%| F|  |TAMS 0x00000000e5e00000, 0x00000000e5e00000| Untracked 
|  95|0x00000000e5f00000, 0x00000000e5f00000, 0x00000000e6000000|  0%| F|  |TAMS 0x00000000e5f00000, 0x00000000e5f00000| Untracked 
|  96|0x00000000e6000000, 0x00000000e6000000, 0x00000000e6100000|  0%| F|  |TAMS 0x00000000e6000000, 0x00000000e6000000| Untracked 
|  97|0x00000000e6100000, 0x00000000e6100000, 0x00000000e6200000|  0%| F|  |TAMS 0x00000000e6100000, 0x00000000e6100000| Untracked 
|  98|0x00000000e6200000, 0x00000000e6200000, 0x00000000e6300000|  0%| F|  |TAMS 0x00000000e6200000, 0x00000000e6200000| Untracked 
|  99|0x00000000e6300000, 0x00000000e6300000, 0x00000000e6400000|  0%| F|  |TAMS 0x00000000e6300000, 0x00000000e6300000| Untracked 
| 100|0x00000000e6400000, 0x00000000e6400000, 0x00000000e6500000|  0%| F|  |TAMS 0x00000000e6400000, 0x00000000e6400000| Untracked 
| 101|0x00000000e6500000, 0x00000000e6500000, 0x00000000e6600000|  0%| F|  |TAMS 0x00000000e6500000, 0x00000000e6500000| Untracked 
| 102|0x00000000e6600000, 0x00000000e6600000, 0x00000000e6700000|  0%| F|  |TAMS 0x00000000e6600000, 0x00000000e6600000| Untracked 
| 103|0x00000000e6700000, 0x00000000e6700000, 0x00000000e6800000|  0%| F|  |TAMS 0x00000000e6700000, 0x00000000e6700000| Untracked 
| 104|0x00000000e6800000, 0x00000000e6876190, 0x00000000e6900000| 46%| S|CS|TAMS 0x00000000e6800000, 0x00000000e6800000| Complete 
| 105|0x00000000e6900000, 0x00000000e6a00000, 0x00000000e6a00000|100%| S|CS|TAMS 0x00000000e6900000, 0x00000000e6900000| Complete 
| 106|0x00000000e6a00000, 0x00000000e6b00000, 0x00000000e6b00000|100%| S|CS|TAMS 0x00000000e6a00000, 0x00000000e6a00000| Complete 
| 107|0x00000000e6b00000, 0x00000000e6c00000, 0x00000000e6c00000|100%| S|CS|TAMS 0x00000000e6b00000, 0x00000000e6b00000| Complete 
| 108|0x00000000e6c00000, 0x00000000e6d00000, 0x00000000e6d00000|100%| S|CS|TAMS 0x00000000e6c00000, 0x00000000e6c00000| Complete 
| 109|0x00000000e6d00000, 0x00000000e6e00000, 0x00000000e6e00000|100%| S|CS|TAMS 0x00000000e6d00000, 0x00000000e6d00000| Complete 
| 110|0x00000000e6e00000, 0x00000000e6f00000, 0x00000000e6f00000|100%| S|CS|TAMS 0x00000000e6e00000, 0x00000000e6e00000| Complete 
| 111|0x00000000e6f00000, 0x00000000e7000000, 0x00000000e7000000|100%| S|CS|TAMS 0x00000000e6f00000, 0x00000000e6f00000| Complete 
| 112|0x00000000e7000000, 0x00000000e7100000, 0x00000000e7100000|100%| S|CS|TAMS 0x00000000e7000000, 0x00000000e7000000| Complete 
| 113|0x00000000e7100000, 0x00000000e7200000, 0x00000000e7200000|100%| S|CS|TAMS 0x00000000e7100000, 0x00000000e7100000| Complete 
| 114|0x00000000e7200000, 0x00000000e7300000, 0x00000000e7300000|100%| S|CS|TAMS 0x00000000e7200000, 0x00000000e7200000| Complete 
| 115|0x00000000e7300000, 0x00000000e7400000, 0x00000000e7400000|100%| S|CS|TAMS 0x00000000e7300000, 0x00000000e7300000| Complete 
| 116|0x00000000e7400000, 0x00000000e7500000, 0x00000000e7500000|100%| S|CS|TAMS 0x00000000e7400000, 0x00000000e7400000| Complete 
| 117|0x00000000e7500000, 0x00000000e7600000, 0x00000000e7600000|100%| S|CS|TAMS 0x00000000e7500000, 0x00000000e7500000| Complete 
| 118|0x00000000e7600000, 0x00000000e7700000, 0x00000000e7700000|100%| S|CS|TAMS 0x00000000e7600000, 0x00000000e7600000| Complete 
| 119|0x00000000e7700000, 0x00000000e7800000, 0x00000000e7800000|100%| S|CS|TAMS 0x00000000e7700000, 0x00000000e7700000| Complete 
| 120|0x00000000e7800000, 0x00000000e7800000, 0x00000000e7900000|  0%| F|  |TAMS 0x00000000e7800000, 0x00000000e7800000| Untracked 
| 121|0x00000000e7900000, 0x00000000e7900000, 0x00000000e7a00000|  0%| F|  |TAMS 0x00000000e7900000, 0x00000000e7900000| Untracked 
| 122|0x00000000e7a00000, 0x00000000e7a00000, 0x00000000e7b00000|  0%| F|  |TAMS 0x00000000e7a00000, 0x00000000e7a00000| Untracked 
| 123|0x00000000e7b00000, 0x00000000e7b00000, 0x00000000e7c00000|  0%| F|  |TAMS 0x00000000e7b00000, 0x00000000e7b00000| Untracked 
| 124|0x00000000e7c00000, 0x00000000e7c00000, 0x00000000e7d00000|  0%| F|  |TAMS 0x00000000e7c00000, 0x00000000e7c00000| Untracked 
| 125|0x00000000e7d00000, 0x00000000e7d00000, 0x00000000e7e00000|  0%| F|  |TAMS 0x00000000e7d00000, 0x00000000e7d00000| Untracked 
| 126|0x00000000e7e00000, 0x00000000e7e00000, 0x00000000e7f00000|  0%| F|  |TAMS 0x00000000e7e00000, 0x00000000e7e00000| Untracked 
| 127|0x00000000e7f00000, 0x00000000e7f00000, 0x00000000e8000000|  0%| F|  |TAMS 0x00000000e7f00000, 0x00000000e7f00000| Untracked 
| 128|0x00000000e8000000, 0x00000000e8000000, 0x00000000e8100000|  0%| F|  |TAMS 0x00000000e8000000, 0x00000000e8000000| Untracked 
| 129|0x00000000e8100000, 0x00000000e8100000, 0x00000000e8200000|  0%| F|  |TAMS 0x00000000e8100000, 0x00000000e8100000| Untracked 
| 130|0x00000000e8200000, 0x00000000e8200000, 0x00000000e8300000|  0%| F|  |TAMS 0x00000000e8200000, 0x00000000e8200000| Untracked 
| 131|0x00000000e8300000, 0x00000000e8300000, 0x00000000e8400000|  0%| F|  |TAMS 0x00000000e8300000, 0x00000000e8300000| Untracked 
| 132|0x00000000e8400000, 0x00000000e8400000, 0x00000000e8500000|  0%| F|  |TAMS 0x00000000e8400000, 0x00000000e8400000| Untracked 
| 133|0x00000000e8500000, 0x00000000e8500000, 0x00000000e8600000|  0%| F|  |TAMS 0x00000000e8500000, 0x00000000e8500000| Untracked 
| 134|0x00000000e8600000, 0x00000000e8600000, 0x00000000e8700000|  0%| F|  |TAMS 0x00000000e8600000, 0x00000000e8600000| Untracked 
| 135|0x00000000e8700000, 0x00000000e8700000, 0x00000000e8800000|  0%| F|  |TAMS 0x00000000e8700000, 0x00000000e8700000| Untracked 
| 136|0x00000000e8800000, 0x00000000e8800000, 0x00000000e8900000|  0%| F|  |TAMS 0x00000000e8800000, 0x00000000e8800000| Untracked 
| 137|0x00000000e8900000, 0x00000000e8900000, 0x00000000e8a00000|  0%| F|  |TAMS 0x00000000e8900000, 0x00000000e8900000| Untracked 
| 138|0x00000000e8a00000, 0x00000000e8a00000, 0x00000000e8b00000|  0%| F|  |TAMS 0x00000000e8a00000, 0x00000000e8a00000| Untracked 
| 139|0x00000000e8b00000, 0x00000000e8b00000, 0x00000000e8c00000|  0%| F|  |TAMS 0x00000000e8b00000, 0x00000000e8b00000| Untracked 
| 140|0x00000000e8c00000, 0x00000000e8c00000, 0x00000000e8d00000|  0%| F|  |TAMS 0x00000000e8c00000, 0x00000000e8c00000| Untracked 
| 141|0x00000000e8d00000, 0x00000000e8d00000, 0x00000000e8e00000|  0%| F|  |TAMS 0x00000000e8d00000, 0x00000000e8d00000| Untracked 
| 142|0x00000000e8e00000, 0x00000000e8e00000, 0x00000000e8f00000|  0%| F|  |TAMS 0x00000000e8e00000, 0x00000000e8e00000| Untracked 
| 143|0x00000000e8f00000, 0x00000000e8f00000, 0x00000000e9000000|  0%| F|  |TAMS 0x00000000e8f00000, 0x00000000e8f00000| Untracked 
| 144|0x00000000e9000000, 0x00000000e9000000, 0x00000000e9100000|  0%| F|  |TAMS 0x00000000e9000000, 0x00000000e9000000| Untracked 
| 145|0x00000000e9100000, 0x00000000e9100000, 0x00000000e9200000|  0%| F|  |TAMS 0x00000000e9100000, 0x00000000e9100000| Untracked 
| 146|0x00000000e9200000, 0x00000000e9200000, 0x00000000e9300000|  0%| F|  |TAMS 0x00000000e9200000, 0x00000000e9200000| Untracked 
| 147|0x00000000e9300000, 0x00000000e9300000, 0x00000000e9400000|  0%| F|  |TAMS 0x00000000e9300000, 0x00000000e9300000| Untracked 
| 148|0x00000000e9400000, 0x00000000e9400000, 0x00000000e9500000|  0%| F|  |TAMS 0x00000000e9400000, 0x00000000e9400000| Untracked 
| 149|0x00000000e9500000, 0x00000000e9500000, 0x00000000e9600000|  0%| F|  |TAMS 0x00000000e9500000, 0x00000000e9500000| Untracked 
| 150|0x00000000e9600000, 0x00000000e9600000, 0x00000000e9700000|  0%| F|  |TAMS 0x00000000e9600000, 0x00000000e9600000| Untracked 
| 151|0x00000000e9700000, 0x00000000e9700000, 0x00000000e9800000|  0%| F|  |TAMS 0x00000000e9700000, 0x00000000e9700000| Untracked 
| 152|0x00000000e9800000, 0x00000000e9800000, 0x00000000e9900000|  0%| F|  |TAMS 0x00000000e9800000, 0x00000000e9800000| Untracked 
| 153|0x00000000e9900000, 0x00000000e9900000, 0x00000000e9a00000|  0%| F|  |TAMS 0x00000000e9900000, 0x00000000e9900000| Untracked 
| 154|0x00000000e9a00000, 0x00000000e9a00000, 0x00000000e9b00000|  0%| F|  |TAMS 0x00000000e9a00000, 0x00000000e9a00000| Untracked 
| 155|0x00000000e9b00000, 0x00000000e9b00000, 0x00000000e9c00000|  0%| F|  |TAMS 0x00000000e9b00000, 0x00000000e9b00000| Untracked 
| 156|0x00000000e9c00000, 0x00000000e9c00000, 0x00000000e9d00000|  0%| F|  |TAMS 0x00000000e9c00000, 0x00000000e9c00000| Untracked 
| 157|0x00000000e9d00000, 0x00000000e9d00000, 0x00000000e9e00000|  0%| F|  |TAMS 0x00000000e9d00000, 0x00000000e9d00000| Untracked 
| 158|0x00000000e9e00000, 0x00000000e9e00000, 0x00000000e9f00000|  0%| F|  |TAMS 0x00000000e9e00000, 0x00000000e9e00000| Untracked 
| 159|0x00000000e9f00000, 0x00000000e9f00000, 0x00000000ea000000|  0%| F|  |TAMS 0x00000000e9f00000, 0x00000000e9f00000| Untracked 
| 160|0x00000000ea000000, 0x00000000ea000000, 0x00000000ea100000|  0%| F|  |TAMS 0x00000000ea000000, 0x00000000ea000000| Untracked 
| 161|0x00000000ea100000, 0x00000000ea100000, 0x00000000ea200000|  0%| F|  |TAMS 0x00000000ea100000, 0x00000000ea100000| Untracked 
| 162|0x00000000ea200000, 0x00000000ea200000, 0x00000000ea300000|  0%| F|  |TAMS 0x00000000ea200000, 0x00000000ea200000| Untracked 
| 163|0x00000000ea300000, 0x00000000ea300000, 0x00000000ea400000|  0%| F|  |TAMS 0x00000000ea300000, 0x00000000ea300000| Untracked 
| 164|0x00000000ea400000, 0x00000000ea400000, 0x00000000ea500000|  0%| F|  |TAMS 0x00000000ea400000, 0x00000000ea400000| Untracked 
| 165|0x00000000ea500000, 0x00000000ea500000, 0x00000000ea600000|  0%| F|  |TAMS 0x00000000ea500000, 0x00000000ea500000| Untracked 
| 166|0x00000000ea600000, 0x00000000ea700000, 0x00000000ea700000|100%| E|  |TAMS 0x00000000ea600000, 0x00000000ea600000| Complete 
| 167|0x00000000ea700000, 0x00000000ea800000, 0x00000000ea800000|100%| E|CS|TAMS 0x00000000ea700000, 0x00000000ea700000| Complete 
| 168|0x00000000ea800000, 0x00000000ea900000, 0x00000000ea900000|100%| E|CS|TAMS 0x00000000ea800000, 0x00000000ea800000| Complete 
| 169|0x00000000ea900000, 0x00000000eaa00000, 0x00000000eaa00000|100%| E|CS|TAMS 0x00000000ea900000, 0x00000000ea900000| Complete 
| 170|0x00000000eaa00000, 0x00000000eab00000, 0x00000000eab00000|100%| E|CS|TAMS 0x00000000eaa00000, 0x00000000eaa00000| Complete 
| 171|0x00000000eab00000, 0x00000000eac00000, 0x00000000eac00000|100%| E|CS|TAMS 0x00000000eab00000, 0x00000000eab00000| Complete 
| 172|0x00000000eac00000, 0x00000000ead00000, 0x00000000ead00000|100%| E|CS|TAMS 0x00000000eac00000, 0x00000000eac00000| Complete 
| 173|0x00000000ead00000, 0x00000000eae00000, 0x00000000eae00000|100%| E|CS|TAMS 0x00000000ead00000, 0x00000000ead00000| Complete 
| 174|0x00000000eae00000, 0x00000000eaf00000, 0x00000000eaf00000|100%| E|CS|TAMS 0x00000000eae00000, 0x00000000eae00000| Complete 
| 175|0x00000000eaf00000, 0x00000000eb000000, 0x00000000eb000000|100%| E|  |TAMS 0x00000000eaf00000, 0x00000000eaf00000| Complete 
| 176|0x00000000eb000000, 0x00000000eb100000, 0x00000000eb100000|100%| E|CS|TAMS 0x00000000eb000000, 0x00000000eb000000| Complete 
| 177|0x00000000eb100000, 0x00000000eb200000, 0x00000000eb200000|100%| E|CS|TAMS 0x00000000eb100000, 0x00000000eb100000| Complete 
| 178|0x00000000eb200000, 0x00000000eb300000, 0x00000000eb300000|100%| E|CS|TAMS 0x00000000eb200000, 0x00000000eb200000| Complete 
| 179|0x00000000eb300000, 0x00000000eb400000, 0x00000000eb400000|100%| E|CS|TAMS 0x00000000eb300000, 0x00000000eb300000| Complete 
| 180|0x00000000eb400000, 0x00000000eb500000, 0x00000000eb500000|100%| E|CS|TAMS 0x00000000eb400000, 0x00000000eb400000| Complete 
| 181|0x00000000eb500000, 0x00000000eb600000, 0x00000000eb600000|100%| E|CS|TAMS 0x00000000eb500000, 0x00000000eb500000| Complete 
| 182|0x00000000eb600000, 0x00000000eb700000, 0x00000000eb700000|100%| E|CS|TAMS 0x00000000eb600000, 0x00000000eb600000| Complete 
| 183|0x00000000eb700000, 0x00000000eb800000, 0x00000000eb800000|100%| E|CS|TAMS 0x00000000eb700000, 0x00000000eb700000| Complete 
| 184|0x00000000eb800000, 0x00000000eb900000, 0x00000000eb900000|100%| E|CS|TAMS 0x00000000eb800000, 0x00000000eb800000| Complete 
| 185|0x00000000eb900000, 0x00000000eba00000, 0x00000000eba00000|100%| E|CS|TAMS 0x00000000eb900000, 0x00000000eb900000| Complete 
| 186|0x00000000eba00000, 0x00000000ebb00000, 0x00000000ebb00000|100%| E|CS|TAMS 0x00000000eba00000, 0x00000000eba00000| Complete 
| 187|0x00000000ebb00000, 0x00000000ebc00000, 0x00000000ebc00000|100%| E|CS|TAMS 0x00000000ebb00000, 0x00000000ebb00000| Complete 
| 188|0x00000000ebc00000, 0x00000000ebd00000, 0x00000000ebd00000|100%| E|CS|TAMS 0x00000000ebc00000, 0x00000000ebc00000| Complete 
| 189|0x00000000ebd00000, 0x00000000ebe00000, 0x00000000ebe00000|100%| E|CS|TAMS 0x00000000ebd00000, 0x00000000ebd00000| Complete 
| 190|0x00000000ebe00000, 0x00000000ebf00000, 0x00000000ebf00000|100%| E|CS|TAMS 0x00000000ebe00000, 0x00000000ebe00000| Complete 
| 191|0x00000000ebf00000, 0x00000000ec000000, 0x00000000ec000000|100%| E|CS|TAMS 0x00000000ebf00000, 0x00000000ebf00000| Complete 
| 192|0x00000000ec000000, 0x00000000ec100000, 0x00000000ec100000|100%| E|CS|TAMS 0x00000000ec000000, 0x00000000ec000000| Complete 
| 193|0x00000000ec100000, 0x00000000ec200000, 0x00000000ec200000|100%| E|CS|TAMS 0x00000000ec100000, 0x00000000ec100000| Complete 
| 194|0x00000000ec200000, 0x00000000ec300000, 0x00000000ec300000|100%| E|CS|TAMS 0x00000000ec200000, 0x00000000ec200000| Complete 
| 195|0x00000000ec300000, 0x00000000ec400000, 0x00000000ec400000|100%| E|CS|TAMS 0x00000000ec300000, 0x00000000ec300000| Complete 
| 196|0x00000000ec400000, 0x00000000ec500000, 0x00000000ec500000|100%| E|CS|TAMS 0x00000000ec400000, 0x00000000ec400000| Complete 
| 197|0x00000000ec500000, 0x00000000ec600000, 0x00000000ec600000|100%| E|CS|TAMS 0x00000000ec500000, 0x00000000ec500000| Complete 
| 198|0x00000000ec600000, 0x00000000ec700000, 0x00000000ec700000|100%| E|CS|TAMS 0x00000000ec600000, 0x00000000ec600000| Complete 
| 199|0x00000000ec700000, 0x00000000ec800000, 0x00000000ec800000|100%| E|CS|TAMS 0x00000000ec700000, 0x00000000ec700000| Complete 
| 200|0x00000000ec800000, 0x00000000ec900000, 0x00000000ec900000|100%| E|CS|TAMS 0x00000000ec800000, 0x00000000ec800000| Complete 
| 201|0x00000000ec900000, 0x00000000eca00000, 0x00000000eca00000|100%| E|CS|TAMS 0x00000000ec900000, 0x00000000ec900000| Complete 
| 202|0x00000000eca00000, 0x00000000ecb00000, 0x00000000ecb00000|100%| E|CS|TAMS 0x00000000eca00000, 0x00000000eca00000| Complete 
| 203|0x00000000ecb00000, 0x00000000ecc00000, 0x00000000ecc00000|100%| E|CS|TAMS 0x00000000ecb00000, 0x00000000ecb00000| Complete 
| 204|0x00000000ecc00000, 0x00000000ecd00000, 0x00000000ecd00000|100%| E|CS|TAMS 0x00000000ecc00000, 0x00000000ecc00000| Complete 
| 205|0x00000000ecd00000, 0x00000000ece00000, 0x00000000ece00000|100%| E|CS|TAMS 0x00000000ecd00000, 0x00000000ecd00000| Complete 
| 206|0x00000000ece00000, 0x00000000ecf00000, 0x00000000ecf00000|100%| E|CS|TAMS 0x00000000ece00000, 0x00000000ece00000| Complete 
| 207|0x00000000ecf00000, 0x00000000ed000000, 0x00000000ed000000|100%| E|CS|TAMS 0x00000000ecf00000, 0x00000000ecf00000| Complete 
| 208|0x00000000ed000000, 0x00000000ed100000, 0x00000000ed100000|100%| E|CS|TAMS 0x00000000ed000000, 0x00000000ed000000| Complete 
| 209|0x00000000ed100000, 0x00000000ed200000, 0x00000000ed200000|100%| E|CS|TAMS 0x00000000ed100000, 0x00000000ed100000| Complete 
| 210|0x00000000ed200000, 0x00000000ed300000, 0x00000000ed300000|100%| E|CS|TAMS 0x00000000ed200000, 0x00000000ed200000| Complete 
| 211|0x00000000ed300000, 0x00000000ed400000, 0x00000000ed400000|100%| E|CS|TAMS 0x00000000ed300000, 0x00000000ed300000| Complete 
| 212|0x00000000ed400000, 0x00000000ed500000, 0x00000000ed500000|100%| E|CS|TAMS 0x00000000ed400000, 0x00000000ed400000| Complete 
| 213|0x00000000ed500000, 0x00000000ed600000, 0x00000000ed600000|100%| E|CS|TAMS 0x00000000ed500000, 0x00000000ed500000| Complete 
| 214|0x00000000ed600000, 0x00000000ed700000, 0x00000000ed700000|100%| E|CS|TAMS 0x00000000ed600000, 0x00000000ed600000| Complete 
| 215|0x00000000ed700000, 0x00000000ed800000, 0x00000000ed800000|100%| E|CS|TAMS 0x00000000ed700000, 0x00000000ed700000| Complete 
| 216|0x00000000ed800000, 0x00000000ed900000, 0x00000000ed900000|100%| E|CS|TAMS 0x00000000ed800000, 0x00000000ed800000| Complete 
| 217|0x00000000ed900000, 0x00000000eda00000, 0x00000000eda00000|100%| E|CS|TAMS 0x00000000ed900000, 0x00000000ed900000| Complete 
| 218|0x00000000eda00000, 0x00000000edb00000, 0x00000000edb00000|100%| E|CS|TAMS 0x00000000eda00000, 0x00000000eda00000| Complete 
| 219|0x00000000edb00000, 0x00000000edc00000, 0x00000000edc00000|100%| E|CS|TAMS 0x00000000edb00000, 0x00000000edb00000| Complete 
| 220|0x00000000edc00000, 0x00000000edd00000, 0x00000000edd00000|100%| E|CS|TAMS 0x00000000edc00000, 0x00000000edc00000| Complete 
| 221|0x00000000edd00000, 0x00000000ede00000, 0x00000000ede00000|100%| E|CS|TAMS 0x00000000edd00000, 0x00000000edd00000| Complete 
| 222|0x00000000ede00000, 0x00000000edf00000, 0x00000000edf00000|100%| E|CS|TAMS 0x00000000ede00000, 0x00000000ede00000| Complete 
| 223|0x00000000edf00000, 0x00000000ee000000, 0x00000000ee000000|100%| E|CS|TAMS 0x00000000edf00000, 0x00000000edf00000| Complete 
| 224|0x00000000ee000000, 0x00000000ee100000, 0x00000000ee100000|100%| E|CS|TAMS 0x00000000ee000000, 0x00000000ee000000| Complete 
| 225|0x00000000ee100000, 0x00000000ee200000, 0x00000000ee200000|100%| E|CS|TAMS 0x00000000ee100000, 0x00000000ee100000| Complete 
| 226|0x00000000ee200000, 0x00000000ee300000, 0x00000000ee300000|100%| E|CS|TAMS 0x00000000ee200000, 0x00000000ee200000| Complete 
| 227|0x00000000ee300000, 0x00000000ee400000, 0x00000000ee400000|100%| E|CS|TAMS 0x00000000ee300000, 0x00000000ee300000| Complete 
| 228|0x00000000ee400000, 0x00000000ee500000, 0x00000000ee500000|100%| E|CS|TAMS 0x00000000ee400000, 0x00000000ee400000| Complete 
| 229|0x00000000ee500000, 0x00000000ee600000, 0x00000000ee600000|100%| E|CS|TAMS 0x00000000ee500000, 0x00000000ee500000| Complete 
| 230|0x00000000ee600000, 0x00000000ee700000, 0x00000000ee700000|100%| E|CS|TAMS 0x00000000ee600000, 0x00000000ee600000| Complete 
| 231|0x00000000ee700000, 0x00000000ee800000, 0x00000000ee800000|100%| E|CS|TAMS 0x00000000ee700000, 0x00000000ee700000| Complete 
| 232|0x00000000ee800000, 0x00000000ee900000, 0x00000000ee900000|100%| E|CS|TAMS 0x00000000ee800000, 0x00000000ee800000| Complete 
| 233|0x00000000ee900000, 0x00000000eea00000, 0x00000000eea00000|100%| E|CS|TAMS 0x00000000ee900000, 0x00000000ee900000| Complete 
| 234|0x00000000eea00000, 0x00000000eeb00000, 0x00000000eeb00000|100%| E|CS|TAMS 0x00000000eea00000, 0x00000000eea00000| Complete 
| 235|0x00000000eeb00000, 0x00000000eec00000, 0x00000000eec00000|100%| E|CS|TAMS 0x00000000eeb00000, 0x00000000eeb00000| Complete 
| 236|0x00000000eec00000, 0x00000000eed00000, 0x00000000eed00000|100%| E|CS|TAMS 0x00000000eec00000, 0x00000000eec00000| Complete 
| 237|0x00000000eed00000, 0x00000000eee00000, 0x00000000eee00000|100%| E|CS|TAMS 0x00000000eed00000, 0x00000000eed00000| Complete 
| 238|0x00000000eee00000, 0x00000000eef00000, 0x00000000eef00000|100%| E|CS|TAMS 0x00000000eee00000, 0x00000000eee00000| Complete 
| 239|0x00000000eef00000, 0x00000000ef000000, 0x00000000ef000000|100%| E|CS|TAMS 0x00000000eef00000, 0x00000000eef00000| Complete 
| 240|0x00000000ef000000, 0x00000000ef100000, 0x00000000ef100000|100%| E|CS|TAMS 0x00000000ef000000, 0x00000000ef000000| Complete 
| 241|0x00000000ef100000, 0x00000000ef200000, 0x00000000ef200000|100%| E|CS|TAMS 0x00000000ef100000, 0x00000000ef100000| Complete 
| 242|0x00000000ef200000, 0x00000000ef300000, 0x00000000ef300000|100%| E|CS|TAMS 0x00000000ef200000, 0x00000000ef200000| Complete 
| 243|0x00000000ef300000, 0x00000000ef400000, 0x00000000ef400000|100%| E|CS|TAMS 0x00000000ef300000, 0x00000000ef300000| Complete 
| 244|0x00000000ef400000, 0x00000000ef500000, 0x00000000ef500000|100%| E|CS|TAMS 0x00000000ef400000, 0x00000000ef400000| Complete 
| 245|0x00000000ef500000, 0x00000000ef600000, 0x00000000ef600000|100%| E|CS|TAMS 0x00000000ef500000, 0x00000000ef500000| Complete 
| 246|0x00000000ef600000, 0x00000000ef700000, 0x00000000ef700000|100%| E|CS|TAMS 0x00000000ef600000, 0x00000000ef600000| Complete 
| 247|0x00000000ef700000, 0x00000000ef800000, 0x00000000ef800000|100%| E|CS|TAMS 0x00000000ef700000, 0x00000000ef700000| Complete 
| 248|0x00000000ef800000, 0x00000000ef900000, 0x00000000ef900000|100%| E|CS|TAMS 0x00000000ef800000, 0x00000000ef800000| Complete 
| 249|0x00000000ef900000, 0x00000000efa00000, 0x00000000efa00000|100%| E|CS|TAMS 0x00000000ef900000, 0x00000000ef900000| Complete 
| 250|0x00000000efa00000, 0x00000000efb00000, 0x00000000efb00000|100%| E|CS|TAMS 0x00000000efa00000, 0x00000000efa00000| Complete 
| 251|0x00000000efb00000, 0x00000000efc00000, 0x00000000efc00000|100%| E|CS|TAMS 0x00000000efb00000, 0x00000000efb00000| Complete 
| 252|0x00000000efc00000, 0x00000000efd00000, 0x00000000efd00000|100%| E|CS|TAMS 0x00000000efc00000, 0x00000000efc00000| Complete 
| 253|0x00000000efd00000, 0x00000000efe00000, 0x00000000efe00000|100%| E|CS|TAMS 0x00000000efd00000, 0x00000000efd00000| Complete 
| 254|0x00000000efe00000, 0x00000000eff00000, 0x00000000eff00000|100%| E|CS|TAMS 0x00000000efe00000, 0x00000000efe00000| Complete 
| 255|0x00000000eff00000, 0x00000000f0000000, 0x00000000f0000000|100%| E|CS|TAMS 0x00000000eff00000, 0x00000000eff00000| Complete 

Card table byte_map: [0x000001e11efb0000,0x000001e11f0b0000] _byte_map_base: 0x000001e11e8b0000

Marking Bits (Prev, Next): (CMBitMap*) 0x000001e107d96560, (CMBitMap*) 0x000001e107d965a0
 Prev Bits: [0x000001e11f1b0000, 0x000001e11f9b0000)
 Next Bits: [0x000001e11f9b0000, 0x000001e1201b0000)

Polling page: 0x000001e105ce0000

Metaspace:

Usage:
  Non-class:     36.41 MB used.
      Class:      5.99 MB used.
       Both:     42.40 MB used.

Virtual space:
  Non-class space:       64.00 MB reserved,      36.69 MB ( 57%) committed,  1 nodes.
      Class space:      320.00 MB reserved,       6.25 MB (  2%) committed,  1 nodes.
             Both:      384.00 MB reserved,      42.94 MB ( 11%) committed. 

Chunk freelists:
   Non-Class:  11.31 MB
       Class:  9.72 MB
        Both:  21.02 MB

MaxMetaspaceSize: 384.00 MB
CompressedClassSpaceSize: 320.00 MB
Initial GC threshold: 21.00 MB
Current GC threshold: 58.69 MB
CDS: on
MetaspaceReclaimPolicy: balanced
 - commit_granule_bytes: 65536.
 - commit_granule_words: 8192.
 - virtual_space_node_default_size: 8388608.
 - enlarge_chunks_in_place: 1.
 - new_chunks_are_fully_committed: 0.
 - uncommit_free_chunks: 1.
 - use_allocation_guard: 0.
 - handle_deallocations: 1.


Internal statistics:

num_allocs_failed_limit: 6.
num_arena_births: 636.
num_arena_deaths: 0.
num_vsnodes_births: 2.
num_vsnodes_deaths: 0.
num_space_committed: 688.
num_space_uncommitted: 0.
num_chunks_returned_to_freelist: 6.
num_chunks_taken_from_freelist: 2418.
num_chunk_merges: 3.
num_chunk_splits: 1543.
num_chunks_enlarged: 1010.
num_inconsistent_stats: 0.

CodeHeap 'non-profiled nmethods': size=119168Kb used=2661Kb max_used=2916Kb free=116506Kb
 bounds [0x000001e1171c0000, 0x000001e1174a0000, 0x000001e11e620000]
CodeHeap 'profiled nmethods': size=119104Kb used=10269Kb max_used=10269Kb free=108834Kb
 bounds [0x000001e10f620000, 0x000001e110030000, 0x000001e116a70000]
CodeHeap 'non-nmethods': size=7488Kb used=4008Kb max_used=4057Kb free=3479Kb
 bounds [0x000001e116a70000, 0x000001e116e70000, 0x000001e1171c0000]
 total_blobs=6003 nmethods=5175 adapters=735
 compilation: enabled
              stopped_count=0, restarted_count=0
 full_count=0

Compilation events (20 events):
Event: 4.948 Thread 0x000001e12333f860 5921   !   3       java.lang.ClassLoader::loadClass (121 bytes)
Event: 4.948 Thread 0x000001e12333f860 nmethod 5921 0x000001e11001cf90 code [0x000001e11001d240, 0x000001e11001dea8]
Event: 4.948 Thread 0x000001e12333f310 5923       3       sun.reflect.generics.scope.AbstractScope::lookup (66 bytes)
Event: 4.949 Thread 0x000001e12333f310 nmethod 5923 0x000001e11001e510 code [0x000001e11001e720, 0x000001e11001ef28]
Event: 4.949 Thread 0x000001e12333d330 nmethod 5902 0x000001e117229a90 code [0x000001e117229c40, 0x000001e11722a038]
Event: 4.949 Thread 0x000001e12333d330 5922       4       java.lang.PublicMethods$MethodList::merge (192 bytes)
Event: 4.949 Thread 0x000001e12333cde0 5924       3       groovyjarjarasm.asm.Label::getCanonicalInstance (19 bytes)
Event: 4.949 Thread 0x000001e12333cde0 nmethod 5924 0x000001e11001f190 code [0x000001e11001f320, 0x000001e11001f498]
Event: 4.953 Thread 0x000001e12333d330 nmethod 5922 0x000001e117261490 code [0x000001e117261620, 0x000001e117261b78]
Event: 4.953 Thread 0x000001e12333d330 5925       4       sun.invoke.util.BytecodeDescriptor::unparseSig (49 bytes)
Event: 4.955 Thread 0x000001e12333f310 5926       1       com.google.common.collect.MapMakerInternalMap$AbstractStrongKeyEntry::getKey (5 bytes)
Event: 4.955 Thread 0x000001e12333f310 nmethod 5926 0x000001e117261190 code [0x000001e117261320, 0x000001e1172613f8]
Event: 4.957 Thread 0x000001e12333f310 5927       3       java.util.TreeMap$Values::iterator (19 bytes)
Event: 4.957 Thread 0x000001e123190400 5928       3       java.util.TreeMap$ValueIterator::<init> (12 bytes)
Event: 4.957 Thread 0x000001e123190400 nmethod 5928 0x000001e11001f590 code [0x000001e11001f740, 0x000001e11001fa58]
Event: 4.958 Thread 0x000001e12333f310 nmethod 5927 0x000001e11001fb90 code [0x000001e11001fd60, 0x000001e110020278]
Event: 4.959 Thread 0x000001e123190400 5929       1       com.google.common.collect.MapMakerInternalMap$StrongKeyWeakValueEntry::access$400 (5 bytes)
Event: 4.959 Thread 0x000001e12333cde0 5930       1       com.google.common.collect.MapMakerInternalMap$StrongKeyWeakValueSegment::access$500 (5 bytes)
Event: 4.959 Thread 0x000001e12333cde0 nmethod 5930 0x000001e117260e90 code [0x000001e117261020, 0x000001e1172610d8]
Event: 4.959 Thread 0x000001e123190400 nmethod 5929 0x000001e117260b90 code [0x000001e117260d20, 0x000001e117260dd8]

GC Heap History (10 events):
Event: 0.300 GC heap before
{Heap before GC invocations=0 (full 0):
 garbage-first heap   total 262144K, used 22528K [0x00000000e0000000, 0x0000000100000000)
  region size 1024K, 23 young (23552K), 0 survivors (0K)
 Metaspace       used 874K, committed 960K, reserved 393216K
  class space    used 66K, committed 128K, reserved 327680K
}
Event: 0.302 GC heap after
{Heap after GC invocations=1 (full 0):
 garbage-first heap   total 262144K, used 1855K [0x00000000e0000000, 0x0000000100000000)
  region size 1024K, 2 young (2048K), 2 survivors (2048K)
 Metaspace       used 874K, committed 960K, reserved 393216K
  class space    used 66K, committed 128K, reserved 327680K
}
Event: 0.895 GC heap before
{Heap before GC invocations=1 (full 0):
 garbage-first heap   total 262144K, used 39743K [0x00000000e0000000, 0x0000000100000000)
  region size 1024K, 36 young (36864K), 2 survivors (2048K)
 Metaspace       used 4458K, committed 4672K, reserved 393216K
  class space    used 551K, committed 640K, reserved 327680K
}
Event: 0.898 GC heap after
{Heap after GC invocations=2 (full 0):
 garbage-first heap   total 262144K, used 11023K [0x00000000e0000000, 0x0000000100000000)
  region size 1024K, 5 young (5120K), 5 survivors (5120K)
 Metaspace       used 4458K, committed 4672K, reserved 393216K
  class space    used 551K, committed 640K, reserved 327680K
}
Event: 2.301 GC heap before
{Heap before GC invocations=2 (full 0):
 garbage-first heap   total 262144K, used 132879K [0x00000000e0000000, 0x0000000100000000)
  region size 1024K, 122 young (124928K), 5 survivors (5120K)
 Metaspace       used 17011K, committed 17344K, reserved 393216K
  class space    used 2390K, committed 2560K, reserved 327680K
}
Event: 2.308 GC heap after
{Heap after GC invocations=3 (full 0):
 garbage-first heap   total 262144K, used 21231K [0x00000000e0000000, 0x0000000100000000)
  region size 1024K, 14 young (14336K), 14 survivors (14336K)
 Metaspace       used 17011K, committed 17344K, reserved 393216K
  class space    used 2390K, committed 2560K, reserved 327680K
}
Event: 2.662 GC heap before
{Heap before GC invocations=3 (full 0):
 garbage-first heap   total 262144K, used 61167K [0x00000000e0000000, 0x0000000100000000)
  region size 1024K, 54 young (55296K), 14 survivors (14336K)
 Metaspace       used 21169K, committed 21504K, reserved 393216K
  class space    used 3077K, committed 3264K, reserved 327680K
}
Event: 2.667 GC heap after
{Heap after GC invocations=4 (full 0):
 garbage-first heap   total 262144K, used 24202K [0x00000000e0000000, 0x0000000100000000)
  region size 1024K, 12 young (12288K), 12 survivors (12288K)
 Metaspace       used 21169K, committed 21504K, reserved 393216K
  class space    used 3077K, committed 3264K, reserved 327680K
}
Event: 3.868 GC heap before
{Heap before GC invocations=5 (full 0):
 garbage-first heap   total 262144K, used 178826K [0x00000000e0000000, 0x0000000100000000)
  region size 1024K, 136 young (139264K), 12 survivors (12288K)
 Metaspace       used 35483K, committed 35968K, reserved 393216K
  class space    used 4908K, committed 5184K, reserved 327680K
}
Event: 3.878 GC heap after
{Heap after GC invocations=6 (full 0):
 garbage-first heap   total 262144K, used 61547K [0x00000000e0000000, 0x0000000100000000)
  region size 1024K, 16 young (16384K), 16 survivors (16384K)
 Metaspace       used 35483K, committed 35968K, reserved 393216K
  class space    used 4908K, committed 5184K, reserved 327680K
}

Deoptimization events (20 events):
Event: 4.733 Thread 0x000001e13d69db90 Uncommon trap: trap_request=0xffffff45 fr.pc=0x000001e1174734a8 relative=0x0000000000000188
Event: 4.733 Thread 0x000001e13d69db90 Uncommon trap: reason=unstable_if action=reinterpret pc=0x000001e1174734a8 method=sun.instrument.TransformerManager.transform(Ljava/lang/Module;Ljava/lang/ClassLoader;Ljava/lang/String;Ljava/lang/Class;Ljava/security/ProtectionDomain;[B)[B @ 66 c2
Event: 4.733 Thread 0x000001e13d69db90 DEOPT PACKING pc=0x000001e1174734a8 sp=0x0000006cd08f6010
Event: 4.733 Thread 0x000001e13d69db90 DEOPT UNPACKING pc=0x000001e116ac23a3 sp=0x0000006cd08f5fc0 mode 2
Event: 4.797 Thread 0x000001e13ff535d0 DEOPT PACKING pc=0x000001e10fef643c sp=0x0000006cd43fca30
Event: 4.797 Thread 0x000001e13ff535d0 DEOPT UNPACKING pc=0x000001e116ac2b43 sp=0x0000006cd43fbfb0 mode 0
Event: 4.822 Thread 0x000001e13ff50d50 DEOPT PACKING pc=0x000001e10fef643c sp=0x0000006cd47fc680
Event: 4.822 Thread 0x000001e13ff50d50 DEOPT UNPACKING pc=0x000001e116ac2b43 sp=0x0000006cd47fbc00 mode 0
Event: 4.933 Thread 0x000001e13d69db90 Uncommon trap: trap_request=0xffffff45 fr.pc=0x000001e1174946fc relative=0x0000000000000b7c
Event: 4.933 Thread 0x000001e13d69db90 Uncommon trap: reason=unstable_if action=reinterpret pc=0x000001e1174946fc method=java.lang.ClassLoader.checkCerts(Ljava/lang/String;Ljava/security/CodeSource;)V @ 30 c2
Event: 4.933 Thread 0x000001e13d69db90 DEOPT PACKING pc=0x000001e1174946fc sp=0x0000006cd08f7810
Event: 4.933 Thread 0x000001e13d69db90 DEOPT UNPACKING pc=0x000001e116ac23a3 sp=0x0000006cd08f7730 mode 2
Event: 4.934 Thread 0x000001e13d69db90 Uncommon trap: trap_request=0xffffff45 fr.pc=0x000001e11748b83c relative=0x00000000000013dc
Event: 4.934 Thread 0x000001e13d69db90 Uncommon trap: reason=unstable_if action=reinterpret pc=0x000001e11748b83c method=java.lang.ClassLoader.postDefineClass(Ljava/lang/Class;Ljava/security/ProtectionDomain;)V @ 17 c2
Event: 4.934 Thread 0x000001e13d69db90 DEOPT PACKING pc=0x000001e11748b83c sp=0x0000006cd08f77a0
Event: 4.934 Thread 0x000001e13d69db90 DEOPT UNPACKING pc=0x000001e116ac23a3 sp=0x0000006cd08f77a8 mode 2
Event: 4.934 Thread 0x000001e13d69db90 Uncommon trap: trap_request=0xffffff45 fr.pc=0x000001e117247520 relative=0x0000000000000aa0
Event: 4.934 Thread 0x000001e13d69db90 Uncommon trap: reason=unstable_if action=reinterpret pc=0x000001e117247520 method=java.lang.ClassLoader.loadClass(Ljava/lang/String;Z)Ljava/lang/Class; @ 29 c2
Event: 4.934 Thread 0x000001e13d69db90 DEOPT PACKING pc=0x000001e117247520 sp=0x0000006cd08f3960
Event: 4.934 Thread 0x000001e13d69db90 DEOPT UNPACKING pc=0x000001e116ac23a3 sp=0x0000006cd08f3928 mode 2

Classes unloaded (0 events):
No events

Classes redefined (0 events):
No events

Internal exceptions (20 events):
Event: 4.918 Thread 0x000001e13d69db90 Exception <a 'java/lang/ClassNotFoundException'{0x00000000eaddd328}: JetGradlePluginBeanInfo> (0x00000000eaddd328) 
thrown [s\open\src\hotspot\share\classfile\systemDictionary.cpp, line 256]
Event: 4.918 Thread 0x000001e13d69db90 Exception <a 'java/lang/ClassNotFoundException'{0x00000000eadea538}: JetGradlePluginCustomizer> (0x00000000eadea538) 
thrown [s\open\src\hotspot\share\classfile\systemDictionary.cpp, line 256]
Event: 4.920 Thread 0x000001e13d69db90 Exception <a 'java/lang/ClassNotFoundException'{0x00000000eac2b3d8}: groovy/lang/ReferenceBeanInfo> (0x00000000eac2b3d8) 
thrown [s\open\src\hotspot\share\classfile\systemDictionary.cpp, line 256]
Event: 4.921 Thread 0x000001e13d69db90 Exception <a 'java/lang/ClassNotFoundException'{0x00000000eac4e250}: groovy/lang/ReferenceCustomizer> (0x00000000eac4e250) 
thrown [s\open\src\hotspot\share\classfile\systemDictionary.cpp, line 256]
Event: 4.926 Thread 0x000001e13d69db90 Exception <a 'java/lang/ClassNotFoundException'{0x00000000eac98618}: com/intellij/gradle/toolingExtension/impl/model/utilDummyModel/DummyModelBeanInfo> (0x00000000eac98618) 
thrown [s\open\src\hotspot\share\classfile\systemDictionary.cpp, line 256]
Event: 4.927 Thread 0x000001e13d69db90 Exception <a 'java/lang/ClassNotFoundException'{0x00000000eaca4340}: com/intellij/gradle/toolingExtension/impl/model/utilDummyModel/DummyModelCustomizer> (0x00000000eaca4340) 
thrown [s\open\src\hotspot\share\classfile\systemDictionary.cpp, line 256]
Event: 4.928 Thread 0x000001e13d69db90 Exception <a 'java/lang/ClassNotFoundException'{0x00000000eacd5638}: java/lang/ClassBeanInfo> (0x00000000eacd5638) 
thrown [s\open\src\hotspot\share\classfile\systemDictionary.cpp, line 256]
Event: 4.928 Thread 0x000001e13d69db90 Exception <a 'java/lang/ClassNotFoundException'{0x00000000eacdea30}: java/lang/ClassCustomizer> (0x00000000eacdea30) 
thrown [s\open\src\hotspot\share\classfile\systemDictionary.cpp, line 256]
Event: 4.933 Thread 0x000001e13d69db90 Implicit null exception at 0x000001e117493fdc to 0x000001e11749469c
Event: 4.934 Thread 0x000001e13d69db90 Implicit null exception at 0x000001e11748ad59 to 0x000001e11748b824
Event: 4.936 Thread 0x000001e13d69db90 Exception <a 'java/lang/ClassNotFoundException'{0x00000000eaba63d0}: org/gradle/tooling/provider/model/internal/DefaultToolingModelBuilderRegistryBeanInfo> (0x00000000eaba63d0) 
thrown [s\open\src\hotspot\share\classfile\systemDictionary.cpp, line 256]
Event: 4.937 Thread 0x000001e13d69db90 Exception <a 'java/lang/ClassNotFoundException'{0x00000000eabbe110}: org/gradle/tooling/provider/model/internal/DefaultToolingModelBuilderRegistryCustomizer> (0x00000000eabbe110) 
thrown [s\open\src\hotspot\share\classfile\systemDictionary.cpp, line 256]
Event: 4.942 Thread 0x000001e13d69db90 Exception <a 'java/lang/ClassNotFoundException'{0x00000000eaa32310}: org/gradle/internal/service/ScopedServiceRegistryBeanInfo> (0x00000000eaa32310) 
thrown [s\open\src\hotspot\share\classfile\systemDictionary.cpp, line 256]
Event: 4.943 Thread 0x000001e13d69db90 Exception <a 'java/lang/ClassNotFoundException'{0x00000000eaa49330}: org/gradle/internal/service/DefaultServiceRegistryBeanInfo> (0x00000000eaa49330) 
thrown [s\open\src\hotspot\share\classfile\systemDictionary.cpp, line 256]
Event: 4.943 Thread 0x000001e13d69db90 Exception <a 'java/lang/ClassNotFoundException'{0x00000000eaa5fe10}: org/gradle/internal/service/DefaultServiceRegistryCustomizer> (0x00000000eaa5fe10) 
thrown [s\open\src\hotspot\share\classfile\systemDictionary.cpp, line 256]
Event: 4.944 Thread 0x000001e13d69db90 Exception <a 'java/lang/ClassNotFoundException'{0x00000000eaa845a0}: org/gradle/internal/service/ScopedServiceRegistryCustomizer> (0x00000000eaa845a0) 
thrown [s\open\src\hotspot\share\classfile\systemDictionary.cpp, line 256]
Event: 4.948 Thread 0x000001e13d69db90 Exception <a 'java/lang/ClassNotFoundException'{0x00000000eaad82c0}: org/gradle/internal/extensibility/DefaultConventionBeanInfo> (0x00000000eaad82c0) 
thrown [s\open\src\hotspot\share\classfile\systemDictionary.cpp, line 256]
Event: 4.948 Thread 0x000001e13d69db90 Exception <a 'java/lang/ClassNotFoundException'{0x00000000eaaee4b0}: org/gradle/internal/extensibility/DefaultConventionCustomizer> (0x00000000eaaee4b0) 
thrown [s\open\src\hotspot\share\classfile\systemDictionary.cpp, line 256]
Event: 4.956 Thread 0x000001e13d69db90 Exception <a 'java/lang/ClassNotFoundException'{0x00000000ea989150}: com/intellij/gradle/toolingExtension/impl/modelBuilder/ExtraModelBuilderBeanInfo> (0x00000000ea989150) 
thrown [s\open\src\hotspot\share\classfile\systemDictionary.cpp, line 256]
Event: 4.957 Thread 0x000001e13d69db90 Exception <a 'java/lang/ClassNotFoundException'{0x00000000ea994e58}: com/intellij/gradle/toolingExtension/impl/modelBuilder/ExtraModelBuilderCustomizer> (0x00000000ea994e58) 
thrown [s\open\src\hotspot\share\classfile\systemDictionary.cpp, line 256]

VM Operations (20 events):
Event: 4.229 Executing VM operation: HandshakeAllThreads
Event: 4.229 Executing VM operation: HandshakeAllThreads done
Event: 4.234 Executing VM operation: HandshakeAllThreads
Event: 4.234 Executing VM operation: HandshakeAllThreads done
Event: 4.264 Executing VM operation: HandshakeAllThreads
Event: 4.264 Executing VM operation: HandshakeAllThreads done
Event: 4.268 Executing VM operation: HandshakeAllThreads
Event: 4.268 Executing VM operation: HandshakeAllThreads done
Event: 4.276 Executing VM operation: HandshakeAllThreads
Event: 4.276 Executing VM operation: HandshakeAllThreads done
Event: 4.474 Executing VM operation: HandshakeAllThreads
Event: 4.474 Executing VM operation: HandshakeAllThreads done
Event: 4.515 Executing VM operation: ICBufferFull
Event: 4.516 Executing VM operation: ICBufferFull done
Event: 4.745 Executing VM operation: ICBufferFull
Event: 4.745 Executing VM operation: ICBufferFull done
Event: 4.841 Executing VM operation: ICBufferFull
Event: 4.841 Executing VM operation: ICBufferFull done
Event: 4.940 Executing VM operation: HandshakeAllThreads
Event: 4.940 Executing VM operation: HandshakeAllThreads done

Events (20 events):
Event: 4.794 Thread 0x000001e13ff50330 Thread added: 0x000001e13ff50330
Event: 4.794 Thread 0x000001e13ff4d5a0 Thread added: 0x000001e13ff4d5a0
Event: 4.795 Thread 0x000001e13ff4e9e0 Thread added: 0x000001e13ff4e9e0
Event: 4.795 Thread 0x000001e13ff50d50 Thread added: 0x000001e13ff50d50
Event: 4.795 Thread 0x000001e13ff52190 Thread added: 0x000001e13ff52190
Event: 4.796 Thread 0x000001e13ff51260 Thread added: 0x000001e13ff51260
Event: 4.928 loading class java/lang/ClassBeanInfo
Event: 4.928 loading class java/lang/ClassBeanInfo done
Event: 4.928 loading class java/lang/ClassBeanInfo
Event: 4.928 loading class java/lang/ClassBeanInfo done
Event: 4.928 loading class java/lang/ClassCustomizer
Event: 4.928 loading class java/lang/ClassCustomizer done
Event: 4.928 loading class java/lang/ClassCustomizer
Event: 4.928 loading class java/lang/ClassCustomizer done
Event: 4.929 loading class sun/reflect/generics/tree/BooleanSignature
Event: 4.929 loading class sun/reflect/generics/tree/BooleanSignature done
Event: 4.929 loading class sun/reflect/generics/reflectiveObjects/GenericArrayTypeImpl
Event: 4.929 loading class sun/reflect/generics/reflectiveObjects/GenericArrayTypeImpl done
Event: 4.930 loading class jdk/internal/vm/annotation/ForceInline
Event: 4.931 loading class jdk/internal/vm/annotation/ForceInline done


Dynamic libraries:
0x00007ff660e70000 - 0x00007ff660e80000 	C:\Program Files\Java\jdk-17\bin\java.exe
0x00007ff91e570000 - 0x00007ff91e787000 	C:\windows\SYSTEM32\ntdll.dll
0x00007ff91ce80000 - 0x00007ff91cf44000 	C:\windows\System32\KERNEL32.DLL
0x00007ff91b820000 - 0x00007ff91bbf2000 	C:\windows\System32\KERNELBASE.dll
0x00007ff91b660000 - 0x00007ff91b771000 	C:\windows\System32\ucrtbase.dll
0x00007ff904790000 - 0x00007ff9047a9000 	C:\Program Files\Java\jdk-17\bin\jli.dll
0x00007ff91d990000 - 0x00007ff91da41000 	C:\windows\System32\ADVAPI32.dll
0x00007ff91cdd0000 - 0x00007ff91ce77000 	C:\windows\System32\msvcrt.dll
0x00007ff904830000 - 0x00007ff90484b000 	C:\Program Files\Java\jdk-17\bin\VCRUNTIME140.dll
0x00007ff91d800000 - 0x00007ff91d8a8000 	C:\windows\System32\sechost.dll
0x00007ff91bfb0000 - 0x00007ff91bfd8000 	C:\windows\System32\bcrypt.dll
0x00007ff91ded0000 - 0x00007ff91dfe4000 	C:\windows\System32\RPCRT4.dll
0x00007ff91cc10000 - 0x00007ff91cdc1000 	C:\windows\System32\USER32.dll
0x00007ff91c150000 - 0x00007ff91c176000 	C:\windows\System32\win32u.dll
0x00007ff91dd80000 - 0x00007ff91dda9000 	C:\windows\System32\GDI32.dll
0x00007ff91be00000 - 0x00007ff91bf23000 	C:\windows\System32\gdi32full.dll
0x00007ff91b780000 - 0x00007ff91b81a000 	C:\windows\System32\msvcp_win.dll
0x00007ff906810000 - 0x00007ff906aab000 	C:\windows\WinSxS\amd64_microsoft.windows.common-controls_6595b64144ccf1df_6.0.22621.5547_none_27104afb73855772\COMCTL32.dll
0x00007ff911aa0000 - 0x00007ff911aaa000 	C:\windows\SYSTEM32\VERSION.dll
0x00007ff91da70000 - 0x00007ff91daa1000 	C:\windows\System32\IMM32.DLL
0x00007ff915ba0000 - 0x00007ff915bac000 	C:\Program Files\Java\jdk-17\bin\vcruntime140_1.dll
0x00007ff8d4840000 - 0x00007ff8d48ce000 	C:\Program Files\Java\jdk-17\bin\msvcp140.dll
0x00007ff844250000 - 0x00007ff844e30000 	C:\Program Files\Java\jdk-17\bin\server\jvm.dll
0x00007ff91dec0000 - 0x00007ff91dec8000 	C:\windows\System32\PSAPI.DLL
0x00007ff913280000 - 0x00007ff913289000 	C:\windows\SYSTEM32\WSOCK32.dll
0x00007ff913900000 - 0x00007ff913934000 	C:\windows\SYSTEM32\WINMM.dll
0x00007ff91c6e0000 - 0x00007ff91c751000 	C:\windows\System32\WS2_32.dll
0x00007ff91a750000 - 0x00007ff91a768000 	C:\windows\SYSTEM32\kernel.appcore.dll
0x00007ff915010000 - 0x00007ff91501a000 	C:\Program Files\Java\jdk-17\bin\jimage.dll
0x00007ff9188b0000 - 0x00007ff918ae3000 	C:\windows\SYSTEM32\DBGHELP.DLL
0x00007ff91e080000 - 0x00007ff91e413000 	C:\windows\System32\combase.dll
0x00007ff91d8b0000 - 0x00007ff91d987000 	C:\windows\System32\OLEAUT32.dll
0x00007ff912770000 - 0x00007ff9127a2000 	C:\windows\SYSTEM32\dbgcore.DLL
0x00007ff91c180000 - 0x00007ff91c1fb000 	C:\windows\System32\bcryptPrimitives.dll
0x00007ff8f8140000 - 0x00007ff8f814e000 	C:\Program Files\Java\jdk-17\bin\instrument.dll
0x00007ff904760000 - 0x00007ff904785000 	C:\Program Files\Java\jdk-17\bin\java.dll
0x00007ff8d1270000 - 0x00007ff8d1347000 	C:\Program Files\Java\jdk-17\bin\jsvml.dll
0x00007ff91cf50000 - 0x00007ff91d7f2000 	C:\windows\System32\SHELL32.dll
0x00007ff91bcc0000 - 0x00007ff91bdff000 	C:\windows\System32\wintypes.dll
0x00007ff919550000 - 0x00007ff919e6d000 	C:\windows\SYSTEM32\windows.storage.dll
0x00007ff91ddb0000 - 0x00007ff91debc000 	C:\windows\System32\SHCORE.dll
0x00007ff91dab0000 - 0x00007ff91db19000 	C:\windows\System32\shlwapi.dll
0x00007ff91b590000 - 0x00007ff91b5bb000 	C:\windows\SYSTEM32\profapi.dll
0x00007ff8f4e00000 - 0x00007ff8f4e18000 	C:\Program Files\Java\jdk-17\bin\zip.dll
0x00007ff8ff860000 - 0x00007ff8ff879000 	C:\Program Files\Java\jdk-17\bin\net.dll
0x00007ff917630000 - 0x00007ff91775c000 	C:\windows\SYSTEM32\WINHTTP.dll
0x00007ff91ac00000 - 0x00007ff91ac69000 	C:\windows\system32\mswsock.dll
0x00007ff8f4e20000 - 0x00007ff8f4e36000 	C:\Program Files\Java\jdk-17\bin\nio.dll
0x00007ff9049c0000 - 0x00007ff9049d0000 	C:\Program Files\Java\jdk-17\bin\verify.dll
0x00007ff911300000 - 0x00007ff911327000 	C:\Users\samsung\.gradle\native\1def1411415f61bf3af743bc5b6707747c0891f09f0c88961ee8f79bc544acac\windows-amd64\native-platform.dll
0x00007ff8d7810000 - 0x00007ff8d7888000 	C:\Users\samsung\.gradle\native\0.2.7\x86_64-windows-gnu\gradle-fileevents.dll
0x00007ff9048d0000 - 0x00007ff9048da000 	C:\Program Files\Java\jdk-17\bin\management.dll
0x00007ff9047c0000 - 0x00007ff9047cb000 	C:\Program Files\Java\jdk-17\bin\management_ext.dll
0x00007ff91a180000 - 0x00007ff91a1ad000 	C:\windows\SYSTEM32\IPHLPAPI.DLL
0x00007ff91c940000 - 0x00007ff91c949000 	C:\windows\System32\NSI.dll
0x00007ff915e20000 - 0x00007ff915e39000 	C:\windows\SYSTEM32\dhcpcsvc6.DLL
0x00007ff915de0000 - 0x00007ff915dff000 	C:\windows\SYSTEM32\dhcpcsvc.DLL
0x00007ff91a1b0000 - 0x00007ff91a2a8000 	C:\windows\SYSTEM32\DNSAPI.dll
0x00007ff91ae50000 - 0x00007ff91ae6b000 	C:\windows\SYSTEM32\CRYPTSP.dll
0x00007ff91a6b0000 - 0x00007ff91a6e7000 	C:\windows\system32\rsaenh.dll
0x00007ff91acf0000 - 0x00007ff91ad18000 	C:\windows\SYSTEM32\USERENV.dll
0x00007ff91ae70000 - 0x00007ff91ae7c000 	C:\windows\SYSTEM32\CRYPTBASE.dll
0x00007ff8f7b40000 - 0x00007ff8f7b4e000 	C:\Program Files\Java\jdk-17\bin\sunmscapi.dll
0x00007ff91bfe0000 - 0x00007ff91c147000 	C:\windows\System32\CRYPT32.dll
0x00007ff91b010000 - 0x00007ff91b03d000 	C:\windows\SYSTEM32\ncrypt.dll
0x00007ff91afd0000 - 0x00007ff91b007000 	C:\windows\SYSTEM32\NTASN1.dll
0x00007ff8eabe0000 - 0x00007ff8eabe8000 	C:\windows\system32\wshunix.dll

dbghelp: loaded successfully - version: 4.0.5 - missing functions: none
symbol engine: initialized successfully - sym options: 0x614 - pdb path: .;C:\Program Files\Java\jdk-17\bin;C:\windows\SYSTEM32;C:\windows\WinSxS\amd64_microsoft.windows.common-controls_6595b64144ccf1df_6.0.22621.5547_none_27104afb73855772;C:\Program Files\Java\jdk-17\bin\server;C:\Users\samsung\.gradle\native\1def1411415f61bf3af743bc5b6707747c0891f09f0c88961ee8f79bc544acac\windows-amd64;C:\Users\samsung\.gradle\native\0.2.7\x86_64-windows-gnu

VM Arguments:
jvm_args: --add-opens=java.base/java.lang=ALL-UNNAMED --add-opens=java.base/java.lang.invoke=ALL-UNNAMED --add-opens=java.base/java.util=ALL-UNNAMED --add-opens=java.prefs/java.util.prefs=ALL-UNNAMED --add-exports=jdk.compiler/com.sun.tools.javac.api=ALL-UNNAMED --add-exports=jdk.compiler/com.sun.tools.javac.util=ALL-UNNAMED --add-opens=java.base/java.util=ALL-UNNAMED --add-opens=java.prefs/java.util.prefs=ALL-UNNAMED --add-opens=java.base/java.nio.charset=ALL-UNNAMED --add-opens=java.base/java.net=ALL-UNNAMED --add-opens=java.base/java.util.concurrent.atomic=ALL-UNNAMED --add-opens=java.xml/javax.xml.namespace=ALL-UNNAMED -XX:MaxMetaspaceSize=384m -XX:+HeapDumpOnOutOfMemoryError -Xms256m -Xmx512m -Dfile.encoding=UTF-8 -Duser.country=KR -Duser.language=ko -Duser.variant -javaagent:C:\Users\samsung\.gradle\wrapper\dists\gradle-8.14.3-bin\cv11ve7ro1n3o1j4so8xd9n66\gradle-8.14.3\lib\agents\gradle-instrumentation-agent-8.14.3.jar 
java_command: org.gradle.launcher.daemon.bootstrap.GradleDaemon 8.14.3
java_class_path (initial): C:\Users\samsung\.gradle\wrapper\dists\gradle-8.14.3-bin\cv11ve7ro1n3o1j4so8xd9n66\gradle-8.14.3\lib\gradle-daemon-main-8.14.3.jar
Launcher Type: SUN_STANDARD

[Global flags]
     intx CICompilerCount                          = 12                                        {product} {ergonomic}
   size_t CompressedClassSpaceSize                 = 335544320                                 {product} {ergonomic}
     uint ConcGCThreads                            = 3                                         {product} {ergonomic}
     uint G1ConcRefinementThreads                  = 13                                        {product} {ergonomic}
   size_t G1HeapRegionSize                         = 1048576                                   {product} {ergonomic}
    uintx GCDrainStackTargetSize                   = 64                                        {product} {ergonomic}
     bool HeapDumpOnOutOfMemoryError               = true                                   {manageable} {command line}
   size_t InitialHeapSize                          = 268435456                                 {product} {command line}
   size_t MarkStackSize                            = 4194304                                   {product} {ergonomic}
   size_t MaxHeapSize                              = 536870912                                 {product} {command line}
   size_t MaxMetaspaceSize                         = 402653184                                 {product} {command line}
   size_t MaxNewSize                               = 321912832                                 {product} {ergonomic}
   size_t MinHeapDeltaBytes                        = 1048576                                   {product} {ergonomic}
   size_t MinHeapSize                              = 268435456                                 {product} {command line}
    uintx NonNMethodCodeHeapSize                   = 7602480                                {pd product} {ergonomic}
    uintx NonProfiledCodeHeapSize                  = 122027880                              {pd product} {ergonomic}
    uintx ProfiledCodeHeapSize                     = 122027880                              {pd product} {ergonomic}
    uintx ReservedCodeCacheSize                    = 251658240                              {pd product} {ergonomic}
     bool SegmentedCodeCache                       = true                                      {product} {ergonomic}
   size_t SoftMaxHeapSize                          = 536870912                              {manageable} {ergonomic}
     bool UseCompressedClassPointers               = true                           {product lp64_product} {ergonomic}
     bool UseCompressedOops                        = true                           {product lp64_product} {ergonomic}
     bool UseG1GC                                  = true                                      {product} {ergonomic}
     bool UseLargePagesIndividualAllocation        = false                                  {pd product} {ergonomic}

Logging:
Log output configuration:
 #0: stdout all=warning uptime,level,tags
 #1: stderr all=off uptime,level,tags

Environment Variables:
JAVA_HOME=C:\Program Files\Java\jdk-17
CLASSPATH=C:\Program Files\Java\jdk-17\lib
PATH=C:\Program Files\Common Files\Oracle\Java\javapath;C:\windows\system32;C:\windows;C:\windows\System32\Wbem;C:\windows\System32\WindowsPowerShell\v1.0\;C:\windows\System32\OpenSSH\;C:\Program Files\Java\jdk-17\bin;C:\Program Files\Git\cmd;C:\Program Files\Android\AndroidStudio\bin;C:\Program Files (x86)\Windows Kits\10\Windows Performance Toolkit\;C:\Program Files\nodejs\;C:\flutter_windows_3.27.1-stable\flutter\bin;C:\Program Files\Java\jdk-17\bin\;C:\Users\samsung\AppData\Local\Programs\Python\Python311\Scripts\;C:\Users\samsung\AppData\Local\Programs\Python\Python311\;C:\Users\samsung\AppData\Local\Microsoft\WindowsApps;C:\Program Files\JetBrains\IntelliJ IDEA 2025.1.3\bin;;C:\Users\samsung\AppData\Local\Programs\Microsoft VS Code\bin;C:\Users\samsung\AppData\Roaming\npm;C:\flutter\bin;C:\Users\samsung\AppData\Local\GitHubDesktop\bin
USERNAME=samsung
OS=Windows_NT
PROCESSOR_IDENTIFIER=Intel64 Family 6 Model 186 Stepping 2, GenuineIntel



---------------  S Y S T E M  ---------------

OS:
 Windows 11 , 64 bit Build 22621 (10.0.22621.5415)
OS uptime: 11 days 11:55 hours
Hyper-V role detected

CPU: total 16 (initial active 16) (8 cores per cpu, 2 threads per core) family 6 model 186 stepping 2 microcode 0x410e, cx8, cmov, fxsr, ht, mmx, 3dnowpref, sse, sse2, sse3, ssse3, sse4.1, sse4.2, popcnt, lzcnt, tsc, tscinvbit, avx, avx2, aes, erms, clmul, bmi1, bmi2, adx, sha, fma, vzeroupper, clflush, clflushopt, clwb, hv

Memory: 4k page, system-wide physical 7751M (603M free)
TotalPageFile size 25506M (AvailPageFile size 4M)
current process WorkingSet (physical memory assigned to process): 391M, peak: 391M
current process commit charge ("private bytes"): 497M, peak: 498M

vm_info: Java HotSpot(TM) 64-Bit Server VM (17.0.12+8-LTS-286) for windows-amd64 JRE (17.0.12+8-LTS-286), built on Jun  5 2024 06:46:59 by "mach5one" with MS VC++ 17.6 (VS2022)

END.
