#
# There is insufficient memory for the Java Runtime Environment to continue.
# Native memory allocation (malloc) failed to allocate 1228256 bytes for Chunk::new
# Possible reasons:
#   The system is out of physical RAM or swap space
#   The process is running with CompressedOops enabled, and the Java Heap may be blocking the growth of the native heap
# Possible solutions:
#   Reduce memory load on the system
#   Increase physical memory or swap space
#   Check if swap backing store is full
#   Decrease Java heap size (-Xmx/-Xms)
#   Decrease number of Java threads
#   Decrease Java thread stack sizes (-Xss)
#   Set larger code cache with -XX:ReservedCodeCacheSize=
#   JVM is running with Unscaled Compressed Oops mode in which the Java heap is
#     placed in the first 4GB address space. The Java Heap base address is the
#     maximum limit for the native heap growth. Please use -XX:HeapBaseMinAddress
#     to set the Java Heap base and to place the Java Heap above 4GB virtual address.
# This output file may be truncated or incomplete.
#
#  Out of Memory Error (arena.cpp:189), pid=39044, tid=33236
#
# JRE version: Java(TM) SE Runtime Environment (17.0.12+8) (build 17.0.12+8-LTS-286)
# Java VM: Java HotSpot(TM) 64-Bit Server VM (17.0.12+8-LTS-286, mixed mode, sharing, tiered, compressed oops, compressed class ptrs, g1 gc, windows-amd64)
# No core dump will be written. Minidumps are not enabled by default on client versions of Windows
#

---------------  S U M M A R Y ------------

Command Line: --add-opens=java.base/java.lang=ALL-UNNAMED --add-opens=java.base/java.lang.invoke=ALL-UNNAMED --add-opens=java.base/java.util=ALL-UNNAMED --add-opens=java.prefs/java.util.prefs=ALL-UNNAMED --add-exports=jdk.compiler/com.sun.tools.javac.api=ALL-UNNAMED --add-exports=jdk.compiler/com.sun.tools.javac.util=ALL-UNNAMED --add-opens=java.base/java.util=ALL-UNNAMED --add-opens=java.prefs/java.util.prefs=ALL-UNNAMED --add-opens=java.base/java.nio.charset=ALL-UNNAMED --add-opens=java.base/java.net=ALL-UNNAMED --add-opens=java.base/java.util.concurrent.atomic=ALL-UNNAMED --add-opens=java.xml/javax.xml.namespace=ALL-UNNAMED -XX:MaxMetaspaceSize=384m -XX:+HeapDumpOnOutOfMemoryError -Xms256m -Xmx512m -Dfile.encoding=x-windows-949 -Duser.country=KR -Duser.language=ko -Duser.variant -javaagent:C:\Users\samsung\.gradle\wrapper\dists\gradle-8.14.3-bin\cv11ve7ro1n3o1j4so8xd9n66\gradle-8.14.3\lib\agents\gradle-instrumentation-agent-8.14.3.jar org.gradle.launcher.daemon.bootstrap.GradleDaemon 8.14.3

Host: 13th Gen Intel(R) Core(TM) i5-1340P, 16 cores, 7G,  Windows 11 , 64 bit Build 22621 (10.0.22621.5415)
Time: Tue Jul 29 19:01:34 2025  Windows 11 , 64 bit Build 22621 (10.0.22621.5415) elapsed time: 4.985671 seconds (0d 0h 0m 4s)

---------------  T H R E A D  ---------------

Current thread (0x000001caf9587440):  JavaThread "C2 CompilerThread1" daemon [_thread_in_native, id=33236, stack(0x00000082d6f00000,0x00000082d7000000)]


Current CompileTask:
C2:   4985 6491       4       org.gradle.internal.service.DefaultServiceRegistry$OwnServices::getService (317 bytes)

Stack: [0x00000082d6f00000,0x00000082d7000000]
Native frames: (J=compiled Java code, j=interpreted, Vv=VM code, C=native code)
V  [jvm.dll+0x67a04a]
V  [jvm.dll+0x7da4ed]
V  [jvm.dll+0x7dbe33]
V  [jvm.dll+0x7dc4a3]
V  [jvm.dll+0x24508f]
V  [jvm.dll+0xab773]
V  [jvm.dll+0xabd3c]
V  [jvm.dll+0x2aa52f]
V  [jvm.dll+0x581eb9]
V  [jvm.dll+0x21f422]
V  [jvm.dll+0x21f81f]
V  [jvm.dll+0x218aa0]
V  [jvm.dll+0x215b65]
V  [jvm.dll+0x1a2960]
V  [jvm.dll+0x22610b]
V  [jvm.dll+0x2242ab]
V  [jvm.dll+0x79075c]
V  [jvm.dll+0x78abea]
V  [jvm.dll+0x678f35]
C  [ucrtbase.dll+0x29333]
C  [KERNEL32.DLL+0x1259d]
C  [ntdll.dll+0x5af78]


---------------  P R O C E S S  ---------------

Threads class SMR info:
_java_thread_list=0x000001cafa9915c0, length=86, elements={
0x000001cad4995bb0, 0x000001caf1cbbb00, 0x000001caf1cbc980, 0x000001caf1cdb2f0,
0x000001caf1cdbeb0, 0x000001caf1cde980, 0x000001caf1ce0350, 0x000001caf1ce10f0,
0x000001caf1ce1ba0, 0x000001caf1ce45b0, 0x000001caf6092d40, 0x000001caf6122ea0,
0x000001caf6126790, 0x000001caf6126d60, 0x000001caf6217860, 0x000001caf7c9e400,
0x000001caf7c9def0, 0x000001caf7c9e910, 0x000001caf7c9ee20, 0x000001caf7c9d4d0,
0x000001caf7c9d9e0, 0x000001caf8107da0, 0x000001caf81096f0, 0x000001caf810b550,
0x000001caf81091e0, 0x000001caf8109c00, 0x000001caf810a110, 0x000001caf810c990,
0x000001caf8106960, 0x000001caf8107890, 0x000001caf8105520, 0x000001caf8105a30,
0x000001caf9587440, 0x000001caf810cea0, 0x000001caf8108cd0, 0x000001caf8107380,
0x000001caf810a620, 0x000001caf810ba60, 0x000001caf810b040, 0x000001caf810bf70,
0x000001caf810c480, 0x000001caf8106450, 0x000001caf81082b0, 0x000001caf81087c0,
0x000001cafa89e650, 0x000001cafa89cd00, 0x000001cafa89d210, 0x000001cafa898110,
0x000001cafa899040, 0x000001cafa899550, 0x000001cafa89eb60, 0x000001cafa899f70,
0x000001cafa89a990, 0x000001cafa89b3b0, 0x000001cafa898620, 0x000001cafa897c00,
0x000001cafa898b30, 0x000001cafa899a60, 0x000001cafa8976f0, 0x000001cafa89a480,
0x000001cafa89aea0, 0x000001cafa89bdd0, 0x000001cafa89b8c0, 0x000001cafa89c7f0,
0x000001cafa89c2e0, 0x000001cafa89d720, 0x000001cafa89e140, 0x000001cafa89dc30,
0x000001cafa89f070, 0x000001caf9ebbf10, 0x000001caf9ebe790, 0x000001caf9ebc420,
0x000001caf9ebc930, 0x000001caf9ebce40, 0x000001caf9ebeca0, 0x000001caf9ebd860,
0x000001caf9ebd350, 0x000001caf9ebf1b0, 0x000001caf9ebdd70, 0x000001caf9ebe280,
0x000001caf9ebf6c0, 0x000001caf9b1f490, 0x000001caf9b1b7d0, 0x000001caf9b1c700,
0x000001caf9b1f9a0, 0x000001caf9b1db40
}

Java Threads: ( => current thread )
  0x000001cad4995bb0 JavaThread "main" [_thread_blocked, id=36300, stack(0x00000082d3a00000,0x00000082d3b00000)]
  0x000001caf1cbbb00 JavaThread "Reference Handler" daemon [_thread_blocked, id=29508, stack(0x00000082d4100000,0x00000082d4200000)]
  0x000001caf1cbc980 JavaThread "Finalizer" daemon [_thread_blocked, id=38576, stack(0x00000082d4200000,0x00000082d4300000)]
  0x000001caf1cdb2f0 JavaThread "Signal Dispatcher" daemon [_thread_blocked, id=33116, stack(0x00000082d4300000,0x00000082d4400000)]
  0x000001caf1cdbeb0 JavaThread "Attach Listener" daemon [_thread_blocked, id=28348, stack(0x00000082d4400000,0x00000082d4500000)]
  0x000001caf1cde980 JavaThread "Service Thread" daemon [_thread_blocked, id=23316, stack(0x00000082d4500000,0x00000082d4600000)]
  0x000001caf1ce0350 JavaThread "Monitor Deflation Thread" daemon [_thread_blocked, id=30876, stack(0x00000082d4600000,0x00000082d4700000)]
  0x000001caf1ce10f0 JavaThread "C2 CompilerThread0" daemon [_thread_in_native, id=6168, stack(0x00000082d4700000,0x00000082d4800000)]
  0x000001caf1ce1ba0 JavaThread "C1 CompilerThread0" daemon [_thread_blocked, id=4888, stack(0x00000082d4800000,0x00000082d4900000)]
  0x000001caf1ce45b0 JavaThread "Sweeper thread" daemon [_thread_blocked, id=27096, stack(0x00000082d4900000,0x00000082d4a00000)]
  0x000001caf6092d40 JavaThread "C1 CompilerThread1" daemon [_thread_blocked, id=21796, stack(0x00000082d4a00000,0x00000082d4b00000)]
  0x000001caf6122ea0 JavaThread "Common-Cleaner" daemon [_thread_blocked, id=12344, stack(0x00000082d4b00000,0x00000082d4c00000)]
  0x000001caf6126790 JavaThread "C1 CompilerThread2" daemon [_thread_in_native, id=39548, stack(0x00000082d4c00000,0x00000082d4d00000)]
  0x000001caf6126d60 JavaThread "C1 CompilerThread3" daemon [_thread_blocked, id=34000, stack(0x00000082d4d00000,0x00000082d4e00000)]
  0x000001caf6217860 JavaThread "Notification Thread" daemon [_thread_blocked, id=33532, stack(0x00000082d4f00000,0x00000082d5000000)]
  0x000001caf7c9e400 JavaThread "Daemon health stats" [_thread_blocked, id=32760, stack(0x00000082d5600000,0x00000082d5700000)]
  0x000001caf7c9def0 JavaThread "Incoming local TCP Connector on port 64425" [_thread_in_native, id=9936, stack(0x00000082d5700000,0x00000082d5800000)]
  0x000001caf7c9e910 JavaThread "Daemon periodic checks" [_thread_blocked, id=29480, stack(0x00000082d5800000,0x00000082d5900000)]
  0x000001caf7c9ee20 JavaThread "Daemon" [_thread_blocked, id=36320, stack(0x00000082d5900000,0x00000082d5a00000)]
  0x000001caf7c9d4d0 JavaThread "Handler for socket connection from /127.0.0.1:64425 to /127.0.0.1:64426" [_thread_in_native, id=38916, stack(0x00000082d5a00000,0x00000082d5b00000)]
  0x000001caf7c9d9e0 JavaThread "Cancel handler" [_thread_blocked, id=15876, stack(0x00000082d5b00000,0x00000082d5c00000)]
  0x000001caf8107da0 JavaThread "Daemon worker" [_thread_in_Java, id=16492, stack(0x00000082d5c00000,0x00000082d5d00000)]
  0x000001caf81096f0 JavaThread "Asynchronous log dispatcher for DefaultDaemonConnection: socket connection from /127.0.0.1:64425 to /127.0.0.1:64426" [_thread_blocked, id=30256, stack(0x00000082d5d00000,0x00000082d5e00000)]
  0x000001caf810b550 JavaThread "Stdin handler" [_thread_blocked, id=10824, stack(0x00000082d5e00000,0x00000082d5f00000)]
  0x000001caf81091e0 JavaThread "Daemon client event forwarder" [_thread_blocked, id=39400, stack(0x00000082d5f00000,0x00000082d6000000)]
  0x000001caf8109c00 JavaThread "Cache worker for journal cache (C:\Users\samsung\.gradle\caches\journal-1)" [_thread_blocked, id=28036, stack(0x00000082d6000000,0x00000082d6100000)]
  0x000001caf810a110 JavaThread "File lock request listener" [_thread_in_native, id=36508, stack(0x00000082d6100000,0x00000082d6200000)]
  0x000001caf810c990 JavaThread "Cache worker for file hash cache (C:\Users\samsung\.gradle\caches\8.14.3\fileHashes)" [_thread_blocked, id=556, stack(0x00000082d4e00000,0x00000082d4f00000)]
  0x000001caf8106960 JavaThread "Cache worker for file hash cache (C:\Users\samsung\Documents\2025-LikeLion-AhnSungMin\AnSeongMin\spring\week03\seminar\.gradle\8.14.3\fileHashes)" [_thread_blocked, id=28500, stack(0x00000082d6900000,0x00000082d6a00000)]
  0x000001caf8107890 JavaThread "Cache worker for Build Output Cleanup Cache (C:\Users\samsung\Documents\2025-LikeLion-AhnSungMin\AnSeongMin\spring\week03\seminar\.gradle\buildOutputCleanup)" [_thread_blocked, id=37908, stack(0x00000082d6a00000,0x00000082d6b00000)]
  0x000001caf8105520 JavaThread "File watcher server" daemon [_thread_in_native, id=23340, stack(0x00000082d6d00000,0x00000082d6e00000)]
  0x000001caf8105a30 JavaThread "File watcher consumer" daemon [_thread_blocked, id=10348, stack(0x00000082d6e00000,0x00000082d6f00000)]
=>0x000001caf9587440 JavaThread "C2 CompilerThread1" daemon [_thread_in_native, id=33236, stack(0x00000082d6f00000,0x00000082d7000000)]
  0x000001caf810cea0 JavaThread "jar transforms" [_thread_blocked, id=35932, stack(0x00000082d7000000,0x00000082d7100000)]
  0x000001caf8108cd0 JavaThread "jar transforms Thread 2" [_thread_blocked, id=38468, stack(0x00000082d7100000,0x00000082d7200000)]
  0x000001caf8107380 JavaThread "Cache worker for checksums cache (C:\Users\samsung\Documents\2025-LikeLion-AhnSungMin\AnSeongMin\spring\week03\seminar\.gradle\8.14.3\checksums)" [_thread_blocked, id=39008, stack(0x00000082d7200000,0x00000082d7300000)]
  0x000001caf810a620 JavaThread "Cache worker for file content cache (C:\Users\samsung\.gradle\caches\8.14.3\fileContent)" [_thread_blocked, id=28420, stack(0x00000082d7300000,0x00000082d7400000)]
  0x000001caf810ba60 JavaThread "Cache worker for cache directory md-supplier (C:\Users\samsung\.gradle\caches\8.14.3\md-supplier)" [_thread_blocked, id=24160, stack(0x00000082d7400000,0x00000082d7500000)]
  0x000001caf810b040 JavaThread "Cache worker for cache directory md-rule (C:\Users\samsung\.gradle\caches\8.14.3\md-rule)" [_thread_blocked, id=36636, stack(0x00000082d7500000,0x00000082d7600000)]
  0x000001caf810bf70 JavaThread "jar transforms Thread 3" [_thread_blocked, id=39636, stack(0x00000082d7600000,0x00000082d7700000)]
  0x000001caf810c480 JavaThread "Unconstrained build operations" [_thread_blocked, id=13444, stack(0x00000082d7700000,0x00000082d7800000)]
  0x000001caf8106450 JavaThread "Unconstrained build operations Thread 2" [_thread_blocked, id=24988, stack(0x00000082d7800000,0x00000082d7900000)]
  0x000001caf81082b0 JavaThread "Unconstrained build operations Thread 3" [_thread_blocked, id=564, stack(0x00000082d7900000,0x00000082d7a00000)]
  0x000001caf81087c0 JavaThread "Unconstrained build operations Thread 4" [_thread_blocked, id=31480, stack(0x00000082d7a00000,0x00000082d7b00000)]
  0x000001cafa89e650 JavaThread "Unconstrained build operations Thread 5" [_thread_blocked, id=5796, stack(0x00000082d7b00000,0x00000082d7c00000)]
  0x000001cafa89cd00 JavaThread "Unconstrained build operations Thread 6" [_thread_blocked, id=20212, stack(0x00000082d7c00000,0x00000082d7d00000)]
  0x000001cafa89d210 JavaThread "Unconstrained build operations Thread 7" [_thread_blocked, id=36264, stack(0x00000082d7d00000,0x00000082d7e00000)]
  0x000001cafa898110 JavaThread "Unconstrained build operations Thread 8" [_thread_blocked, id=11920, stack(0x00000082d7e00000,0x00000082d7f00000)]
  0x000001cafa899040 JavaThread "Unconstrained build operations Thread 9" [_thread_blocked, id=17376, stack(0x00000082d7f00000,0x00000082d8000000)]
  0x000001cafa899550 JavaThread "Unconstrained build operations Thread 10" [_thread_blocked, id=14292, stack(0x00000082d8000000,0x00000082d8100000)]
  0x000001cafa89eb60 JavaThread "Unconstrained build operations Thread 11" [_thread_blocked, id=35160, stack(0x00000082d8100000,0x00000082d8200000)]
  0x000001cafa899f70 JavaThread "Unconstrained build operations Thread 12" [_thread_blocked, id=25604, stack(0x00000082d8200000,0x00000082d8300000)]
  0x000001cafa89a990 JavaThread "Unconstrained build operations Thread 13" [_thread_blocked, id=39924, stack(0x00000082d8300000,0x00000082d8400000)]
  0x000001cafa89b3b0 JavaThread "Unconstrained build operations Thread 14" [_thread_blocked, id=28212, stack(0x00000082d8400000,0x00000082d8500000)]
  0x000001cafa898620 JavaThread "Unconstrained build operations Thread 15" [_thread_blocked, id=19532, stack(0x00000082d8500000,0x00000082d8600000)]
  0x000001cafa897c00 JavaThread "Unconstrained build operations Thread 16" [_thread_blocked, id=37564, stack(0x00000082d8600000,0x00000082d8700000)]
  0x000001cafa898b30 JavaThread "Unconstrained build operations Thread 17" [_thread_blocked, id=28408, stack(0x00000082d8700000,0x00000082d8800000)]
  0x000001cafa899a60 JavaThread "Unconstrained build operations Thread 18" [_thread_blocked, id=39176, stack(0x00000082d8800000,0x00000082d8900000)]
  0x000001cafa8976f0 JavaThread "Unconstrained build operations Thread 19" [_thread_blocked, id=23436, stack(0x00000082d8900000,0x00000082d8a00000)]
  0x000001cafa89a480 JavaThread "Unconstrained build operations Thread 20" [_thread_blocked, id=32372, stack(0x00000082d8a00000,0x00000082d8b00000)]
  0x000001cafa89aea0 JavaThread "Unconstrained build operations Thread 21" [_thread_blocked, id=30456, stack(0x00000082d8b00000,0x00000082d8c00000)]
  0x000001cafa89bdd0 JavaThread "Unconstrained build operations Thread 22" [_thread_blocked, id=19172, stack(0x00000082d8c00000,0x00000082d8d00000)]
  0x000001cafa89b8c0 JavaThread "Unconstrained build operations Thread 23" [_thread_blocked, id=6232, stack(0x00000082d8d00000,0x00000082d8e00000)]
  0x000001cafa89c7f0 JavaThread "Unconstrained build operations Thread 24" [_thread_blocked, id=39300, stack(0x00000082d8e00000,0x00000082d8f00000)]
  0x000001cafa89c2e0 JavaThread "Unconstrained build operations Thread 25" [_thread_blocked, id=20004, stack(0x00000082d8f00000,0x00000082d9000000)]
  0x000001cafa89d720 JavaThread "Unconstrained build operations Thread 26" [_thread_blocked, id=20048, stack(0x00000082d9000000,0x00000082d9100000)]
  0x000001cafa89e140 JavaThread "Unconstrained build operations Thread 27" [_thread_blocked, id=38832, stack(0x00000082d9100000,0x00000082d9200000)]
  0x000001cafa89dc30 JavaThread "Unconstrained build operations Thread 28" [_thread_blocked, id=25024, stack(0x00000082d9200000,0x00000082d9300000)]
  0x000001cafa89f070 JavaThread "Unconstrained build operations Thread 29" [_thread_blocked, id=14884, stack(0x00000082d9300000,0x00000082d9400000)]
  0x000001caf9ebbf10 JavaThread "Unconstrained build operations Thread 30" [_thread_blocked, id=37456, stack(0x00000082d9400000,0x00000082d9500000)]
  0x000001caf9ebe790 JavaThread "Unconstrained build operations Thread 31" [_thread_blocked, id=21496, stack(0x00000082d9500000,0x00000082d9600000)]
  0x000001caf9ebc420 JavaThread "Unconstrained build operations Thread 32" [_thread_blocked, id=5052, stack(0x00000082d9600000,0x00000082d9700000)]
  0x000001caf9ebc930 JavaThread "Unconstrained build operations Thread 33" [_thread_blocked, id=36056, stack(0x00000082d9700000,0x00000082d9800000)]
  0x000001caf9ebce40 JavaThread "Unconstrained build operations Thread 34" [_thread_blocked, id=14736, stack(0x00000082d9800000,0x00000082d9900000)]
  0x000001caf9ebeca0 JavaThread "Unconstrained build operations Thread 35" [_thread_blocked, id=39272, stack(0x00000082d9900000,0x00000082d9a00000)]
  0x000001caf9ebd860 JavaThread "Unconstrained build operations Thread 36" [_thread_blocked, id=35476, stack(0x00000082d9a00000,0x00000082d9b00000)]
  0x000001caf9ebd350 JavaThread "Unconstrained build operations Thread 37" [_thread_blocked, id=16328, stack(0x00000082d9b00000,0x00000082d9c00000)]
  0x000001caf9ebf1b0 JavaThread "Unconstrained build operations Thread 38" [_thread_blocked, id=36164, stack(0x00000082d9c00000,0x00000082d9d00000)]
  0x000001caf9ebdd70 JavaThread "Unconstrained build operations Thread 39" [_thread_blocked, id=39336, stack(0x00000082d9d00000,0x00000082d9e00000)]
  0x000001caf9ebe280 JavaThread "Unconstrained build operations Thread 40" [_thread_blocked, id=14128, stack(0x00000082d9e00000,0x00000082d9f00000)]
  0x000001caf9ebf6c0 JavaThread "Unconstrained build operations Thread 41" [_thread_blocked, id=38296, stack(0x00000082d9f00000,0x00000082da000000)]
  0x000001caf9b1f490 JavaThread "Unconstrained build operations Thread 42" [_thread_blocked, id=16916, stack(0x00000082da000000,0x00000082da100000)]
  0x000001caf9b1b7d0 JavaThread "Unconstrained build operations Thread 43" [_thread_blocked, id=23984, stack(0x00000082da100000,0x00000082da200000)]
  0x000001caf9b1c700 JavaThread "Unconstrained build operations Thread 44" [_thread_blocked, id=28524, stack(0x00000082da200000,0x00000082da300000)]
  0x000001caf9b1f9a0 JavaThread "Unconstrained build operations Thread 45" [_thread_blocked, id=27284, stack(0x00000082da300000,0x00000082da400000)]
  0x000001caf9b1db40 JavaThread "Memory manager" [_thread_blocked, id=25268, stack(0x00000082da400000,0x00000082da500000)]

Other Threads:
  0x000001caf1cb7f00 VMThread "VM Thread" [stack: 0x00000082d4000000,0x00000082d4100000] [id=13660]
  0x000001cad4996a30 WatcherThread [stack: 0x00000082d5000000,0x00000082d5100000] [id=26240]
  0x000001cad49c4960 GCTaskThread "GC Thread#0" [stack: 0x00000082d3b00000,0x00000082d3c00000] [id=32244]
  0x000001caf62bf350 GCTaskThread "GC Thread#1" [stack: 0x00000082d5100000,0x00000082d5200000] [id=29456]
  0x000001caf62bf610 GCTaskThread "GC Thread#2" [stack: 0x00000082d5200000,0x00000082d5300000] [id=19836]
  0x000001caf62bf8d0 GCTaskThread "GC Thread#3" [stack: 0x00000082d5300000,0x00000082d5400000] [id=31348]
  0x000001caf62bfb90 GCTaskThread "GC Thread#4" [stack: 0x00000082d5400000,0x00000082d5500000] [id=39524]
  0x000001caf62bfe50 GCTaskThread "GC Thread#5" [stack: 0x00000082d5500000,0x00000082d5600000] [id=27148]
  0x000001caf6314890 GCTaskThread "GC Thread#6" [stack: 0x00000082d6200000,0x00000082d6300000] [id=34644]
  0x000001caf63145d0 GCTaskThread "GC Thread#7" [stack: 0x00000082d6300000,0x00000082d6400000] [id=10648]
  0x000001caf6312fd0 GCTaskThread "GC Thread#8" [stack: 0x00000082d6400000,0x00000082d6500000] [id=38204]
  0x000001caf6313d90 GCTaskThread "GC Thread#9" [stack: 0x00000082d6500000,0x00000082d6600000] [id=37204]
  0x000001caf6313290 GCTaskThread "GC Thread#10" [stack: 0x00000082d6600000,0x00000082d6700000] [id=16904]
  0x000001caf6313ad0 GCTaskThread "GC Thread#11" [stack: 0x00000082d6700000,0x00000082d6800000] [id=38440]
  0x000001caf6314310 GCTaskThread "GC Thread#12" [stack: 0x00000082d6800000,0x00000082d6900000] [id=26348]
  0x000001cad49c98b0 ConcurrentGCThread "G1 Main Marker" [stack: 0x00000082d3c00000,0x00000082d3d00000] [id=35180]
  0x000001cad49ca2c0 ConcurrentGCThread "G1 Conc#0" [stack: 0x00000082d3d00000,0x00000082d3e00000] [id=22000]
  0x000001caf89a1700 ConcurrentGCThread "G1 Conc#1" [stack: 0x00000082d6b00000,0x00000082d6c00000] [id=36952]
  0x000001caf89a24c0 ConcurrentGCThread "G1 Conc#2" [stack: 0x00000082d6c00000,0x00000082d6d00000] [id=34500]
  0x000001caf1b7e150 ConcurrentGCThread "G1 Refine#0" [stack: 0x00000082d3e00000,0x00000082d3f00000] [id=25236]
  0x000001caf1b7ea90 ConcurrentGCThread "G1 Service" [stack: 0x00000082d3f00000,0x00000082d4000000] [id=7956]

Threads with active compile tasks:
C2 CompilerThread0     5014 6535       4       org.objectweb.asm.Frame::execute (2303 bytes)
C2 CompilerThread1     5014 6491       4       org.gradle.internal.service.DefaultServiceRegistry$OwnServices::getService (317 bytes)

VM state: not at safepoint (normal execution)

VM Mutex/Monitor currently owned by a thread: None

Heap address: 0x00000000e0000000, size: 512 MB, Compressed Oops mode: 32-bit

CDS archive(s) mapped at: [0x000001ca80000000-0x000001ca80bd0000-0x000001ca80bd0000), size 12386304, SharedBaseAddress: 0x000001ca80000000, ArchiveRelocationMode: 1.
Compressed class space mapped at: 0x000001ca81000000-0x000001ca95000000, reserved size: 335544320
Narrow klass base: 0x000001ca80000000, Narrow klass shift: 0, Narrow klass range: 0x100000000

GC Precious Log:
 CPUs: 16 total, 16 available
 Memory: 7751M
 Large Page Support: Disabled
 NUMA Support: Disabled
 Compressed Oops: Enabled (32-bit)
 Heap Region Size: 1M
 Heap Min Capacity: 256M
 Heap Initial Capacity: 256M
 Heap Max Capacity: 512M
 Pre-touch: Disabled
 Parallel Workers: 13
 Concurrent Workers: 3
 Concurrent Refinement Workers: 13
 Periodic GC: Disabled

Heap:
 garbage-first heap   total 262144K, used 167211K [0x00000000e0000000, 0x0000000100000000)
  region size 1024K, 128 young (131072K), 1 survivors (1024K)
 Metaspace       used 47810K, committed 48384K, reserved 393216K
  class space    used 6706K, committed 6976K, reserved 327680K

Heap Regions: E=young(eden), S=young(survivor), O=old, HS=humongous(starts), HC=humongous(continues), CS=collection set, F=free, OA=open archive, CA=closed archive, TAMS=top-at-mark-start (previous, next)
|   0|0x00000000e0000000, 0x00000000e0100000, 0x00000000e0100000|100%|HS|  |TAMS 0x00000000e0100000, 0x00000000e0000000| Complete 
|   1|0x00000000e0100000, 0x00000000e0200000, 0x00000000e0200000|100%|HC|  |TAMS 0x00000000e0200000, 0x00000000e0100000| Complete 
|   2|0x00000000e0200000, 0x00000000e0300000, 0x00000000e0300000|100%|HC|  |TAMS 0x00000000e0300000, 0x00000000e0200000| Complete 
|   3|0x00000000e0300000, 0x00000000e0400000, 0x00000000e0400000|100%|HS|  |TAMS 0x00000000e0300000, 0x00000000e0300000| Complete 
|   4|0x00000000e0400000, 0x00000000e0500000, 0x00000000e0500000|100%| O|  |TAMS 0x00000000e0500000, 0x00000000e0400000| Untracked 
|   5|0x00000000e0500000, 0x00000000e0600000, 0x00000000e0600000|100%| O|  |TAMS 0x00000000e0600000, 0x00000000e0500000| Untracked 
|   6|0x00000000e0600000, 0x00000000e0700000, 0x00000000e0700000|100%| O|  |TAMS 0x00000000e0700000, 0x00000000e0600000| Untracked 
|   7|0x00000000e0700000, 0x00000000e0800000, 0x00000000e0800000|100%|HS|  |TAMS 0x00000000e0800000, 0x00000000e0700000| Complete 
|   8|0x00000000e0800000, 0x00000000e0900000, 0x00000000e0900000|100%| O|  |TAMS 0x00000000e0900000, 0x00000000e0800000| Untracked 
|   9|0x00000000e0900000, 0x00000000e0a00000, 0x00000000e0a00000|100%| O|  |TAMS 0x00000000e0a00000, 0x00000000e0900000| Untracked 
|  10|0x00000000e0a00000, 0x00000000e0b00000, 0x00000000e0b00000|100%| O|  |TAMS 0x00000000e0b00000, 0x00000000e0a00000| Untracked 
|  11|0x00000000e0b00000, 0x00000000e0c00000, 0x00000000e0c00000|100%| O|  |TAMS 0x00000000e0c00000, 0x00000000e0b00000| Untracked 
|  12|0x00000000e0c00000, 0x00000000e0d00000, 0x00000000e0d00000|100%| O|  |TAMS 0x00000000e0d00000, 0x00000000e0c00000| Untracked 
|  13|0x00000000e0d00000, 0x00000000e0e00000, 0x00000000e0e00000|100%| O|  |TAMS 0x00000000e0e00000, 0x00000000e0d00000| Untracked 
|  14|0x00000000e0e00000, 0x00000000e0f00000, 0x00000000e0f00000|100%| O|  |TAMS 0x00000000e0f00000, 0x00000000e0e00000| Untracked 
|  15|0x00000000e0f00000, 0x00000000e1000000, 0x00000000e1000000|100%| O|  |TAMS 0x00000000e1000000, 0x00000000e0f00000| Untracked 
|  16|0x00000000e1000000, 0x00000000e1100000, 0x00000000e1100000|100%| O|  |TAMS 0x00000000e1100000, 0x00000000e1000000| Untracked 
|  17|0x00000000e1100000, 0x00000000e1200000, 0x00000000e1200000|100%| O|  |TAMS 0x00000000e1200000, 0x00000000e1100000| Untracked 
|  18|0x00000000e1200000, 0x00000000e1300000, 0x00000000e1300000|100%| O|  |TAMS 0x00000000e1300000, 0x00000000e1200000| Untracked 
|  19|0x00000000e1300000, 0x00000000e1400000, 0x00000000e1400000|100%| O|  |TAMS 0x00000000e1400000, 0x00000000e1300000| Untracked 
|  20|0x00000000e1400000, 0x00000000e1500000, 0x00000000e1500000|100%| O|  |TAMS 0x00000000e1500000, 0x00000000e1400000| Untracked 
|  21|0x00000000e1500000, 0x00000000e1600000, 0x00000000e1600000|100%| O|  |TAMS 0x00000000e1600000, 0x00000000e1500000| Untracked 
|  22|0x00000000e1600000, 0x00000000e1700000, 0x00000000e1700000|100%| O|  |TAMS 0x00000000e1700000, 0x00000000e1600000| Untracked 
|  23|0x00000000e1700000, 0x00000000e1800000, 0x00000000e1800000|100%| O|  |TAMS 0x00000000e1800000, 0x00000000e1700000| Untracked 
|  24|0x00000000e1800000, 0x00000000e1900000, 0x00000000e1900000|100%| O|  |TAMS 0x00000000e1900000, 0x00000000e1800000| Untracked 
|  25|0x00000000e1900000, 0x00000000e1a00000, 0x00000000e1a00000|100%| O|  |TAMS 0x00000000e1a00000, 0x00000000e1900000| Untracked 
|  26|0x00000000e1a00000, 0x00000000e1b00000, 0x00000000e1b00000|100%| O|  |TAMS 0x00000000e1b00000, 0x00000000e1a00000| Untracked 
|  27|0x00000000e1b00000, 0x00000000e1c00000, 0x00000000e1c00000|100%| O|  |TAMS 0x00000000e1c00000, 0x00000000e1b00000| Untracked 
|  28|0x00000000e1c00000, 0x00000000e1d00000, 0x00000000e1d00000|100%| O|  |TAMS 0x00000000e1d00000, 0x00000000e1c00000| Untracked 
|  29|0x00000000e1d00000, 0x00000000e1e00000, 0x00000000e1e00000|100%| O|  |TAMS 0x00000000e1e00000, 0x00000000e1d00000| Untracked 
|  30|0x00000000e1e00000, 0x00000000e1f00000, 0x00000000e1f00000|100%| O|  |TAMS 0x00000000e1f00000, 0x00000000e1e00000| Untracked 
|  31|0x00000000e1f00000, 0x00000000e1ff4400, 0x00000000e2000000| 95%| O|  |TAMS 0x00000000e1ff4400, 0x00000000e1f00000| Untracked 
|  32|0x00000000e2000000, 0x00000000e2100000, 0x00000000e2100000|100%|HS|  |TAMS 0x00000000e2000000, 0x00000000e2000000| Complete 
|  33|0x00000000e2100000, 0x00000000e2200000, 0x00000000e2200000|100%|HS|  |TAMS 0x00000000e2100000, 0x00000000e2100000| Complete 
|  34|0x00000000e2200000, 0x00000000e2300000, 0x00000000e2300000|100%|HS|  |TAMS 0x00000000e2200000, 0x00000000e2200000| Complete 
|  35|0x00000000e2300000, 0x00000000e2400000, 0x00000000e2400000|100%|HC|  |TAMS 0x00000000e2300000, 0x00000000e2300000| Complete 
|  36|0x00000000e2400000, 0x00000000e2500000, 0x00000000e2500000|100%|HS|  |TAMS 0x00000000e2400000, 0x00000000e2400000| Complete 
|  37|0x00000000e2500000, 0x00000000e2600000, 0x00000000e2600000|100%|HC|  |TAMS 0x00000000e2500000, 0x00000000e2500000| Complete 
|  38|0x00000000e2600000, 0x00000000e2600000, 0x00000000e2700000|  0%| F|  |TAMS 0x00000000e2600000, 0x00000000e2600000| Untracked 
|  39|0x00000000e2700000, 0x00000000e2700000, 0x00000000e2800000|  0%| F|  |TAMS 0x00000000e2700000, 0x00000000e2700000| Untracked 
|  40|0x00000000e2800000, 0x00000000e2800000, 0x00000000e2900000|  0%| F|  |TAMS 0x00000000e2800000, 0x00000000e2800000| Untracked 
|  41|0x00000000e2900000, 0x00000000e2900000, 0x00000000e2a00000|  0%| F|  |TAMS 0x00000000e2900000, 0x00000000e2900000| Untracked 
|  42|0x00000000e2a00000, 0x00000000e2a00000, 0x00000000e2b00000|  0%| F|  |TAMS 0x00000000e2a00000, 0x00000000e2a00000| Untracked 
|  43|0x00000000e2b00000, 0x00000000e2b00000, 0x00000000e2c00000|  0%| F|  |TAMS 0x00000000e2b00000, 0x00000000e2b00000| Untracked 
|  44|0x00000000e2c00000, 0x00000000e2c00000, 0x00000000e2d00000|  0%| F|  |TAMS 0x00000000e2c00000, 0x00000000e2c00000| Untracked 
|  45|0x00000000e2d00000, 0x00000000e2d00000, 0x00000000e2e00000|  0%| F|  |TAMS 0x00000000e2d00000, 0x00000000e2d00000| Untracked 
|  46|0x00000000e2e00000, 0x00000000e2e00000, 0x00000000e2f00000|  0%| F|  |TAMS 0x00000000e2e00000, 0x00000000e2e00000| Untracked 
|  47|0x00000000e2f00000, 0x00000000e2f00000, 0x00000000e3000000|  0%| F|  |TAMS 0x00000000e2f00000, 0x00000000e2f00000| Untracked 
|  48|0x00000000e3000000, 0x00000000e3000000, 0x00000000e3100000|  0%| F|  |TAMS 0x00000000e3000000, 0x00000000e3000000| Untracked 
|  49|0x00000000e3100000, 0x00000000e3100000, 0x00000000e3200000|  0%| F|  |TAMS 0x00000000e3100000, 0x00000000e3100000| Untracked 
|  50|0x00000000e3200000, 0x00000000e3200000, 0x00000000e3300000|  0%| F|  |TAMS 0x00000000e3200000, 0x00000000e3200000| Untracked 
|  51|0x00000000e3300000, 0x00000000e3300000, 0x00000000e3400000|  0%| F|  |TAMS 0x00000000e3300000, 0x00000000e3300000| Untracked 
|  52|0x00000000e3400000, 0x00000000e3400000, 0x00000000e3500000|  0%| F|  |TAMS 0x00000000e3400000, 0x00000000e3400000| Untracked 
|  53|0x00000000e3500000, 0x00000000e3500000, 0x00000000e3600000|  0%| F|  |TAMS 0x00000000e3500000, 0x00000000e3500000| Untracked 
|  54|0x00000000e3600000, 0x00000000e3600000, 0x00000000e3700000|  0%| F|  |TAMS 0x00000000e3600000, 0x00000000e3600000| Untracked 
|  55|0x00000000e3700000, 0x00000000e3700000, 0x00000000e3800000|  0%| F|  |TAMS 0x00000000e3700000, 0x00000000e3700000| Untracked 
|  56|0x00000000e3800000, 0x00000000e3800000, 0x00000000e3900000|  0%| F|  |TAMS 0x00000000e3800000, 0x00000000e3800000| Untracked 
|  57|0x00000000e3900000, 0x00000000e3900000, 0x00000000e3a00000|  0%| F|  |TAMS 0x00000000e3900000, 0x00000000e3900000| Untracked 
|  58|0x00000000e3a00000, 0x00000000e3a00000, 0x00000000e3b00000|  0%| F|  |TAMS 0x00000000e3a00000, 0x00000000e3a00000| Untracked 
|  59|0x00000000e3b00000, 0x00000000e3b00000, 0x00000000e3c00000|  0%| F|  |TAMS 0x00000000e3b00000, 0x00000000e3b00000| Untracked 
|  60|0x00000000e3c00000, 0x00000000e3c00000, 0x00000000e3d00000|  0%| F|  |TAMS 0x00000000e3c00000, 0x00000000e3c00000| Untracked 
|  61|0x00000000e3d00000, 0x00000000e3d00000, 0x00000000e3e00000|  0%| F|  |TAMS 0x00000000e3d00000, 0x00000000e3d00000| Untracked 
|  62|0x00000000e3e00000, 0x00000000e3e00000, 0x00000000e3f00000|  0%| F|  |TAMS 0x00000000e3e00000, 0x00000000e3e00000| Untracked 
|  63|0x00000000e3f00000, 0x00000000e3f00000, 0x00000000e4000000|  0%| F|  |TAMS 0x00000000e3f00000, 0x00000000e3f00000| Untracked 
|  64|0x00000000e4000000, 0x00000000e4000000, 0x00000000e4100000|  0%| F|  |TAMS 0x00000000e4000000, 0x00000000e4000000| Untracked 
|  65|0x00000000e4100000, 0x00000000e4100000, 0x00000000e4200000|  0%| F|  |TAMS 0x00000000e4100000, 0x00000000e4100000| Untracked 
|  66|0x00000000e4200000, 0x00000000e4200000, 0x00000000e4300000|  0%| F|  |TAMS 0x00000000e4200000, 0x00000000e4200000| Untracked 
|  67|0x00000000e4300000, 0x00000000e4300000, 0x00000000e4400000|  0%| F|  |TAMS 0x00000000e4300000, 0x00000000e4300000| Untracked 
|  68|0x00000000e4400000, 0x00000000e4400000, 0x00000000e4500000|  0%| F|  |TAMS 0x00000000e4400000, 0x00000000e4400000| Untracked 
|  69|0x00000000e4500000, 0x00000000e4500000, 0x00000000e4600000|  0%| F|  |TAMS 0x00000000e4500000, 0x00000000e4500000| Untracked 
|  70|0x00000000e4600000, 0x00000000e4600000, 0x00000000e4700000|  0%| F|  |TAMS 0x00000000e4600000, 0x00000000e4600000| Untracked 
|  71|0x00000000e4700000, 0x00000000e4700000, 0x00000000e4800000|  0%| F|  |TAMS 0x00000000e4700000, 0x00000000e4700000| Untracked 
|  72|0x00000000e4800000, 0x00000000e4800000, 0x00000000e4900000|  0%| F|  |TAMS 0x00000000e4800000, 0x00000000e4800000| Untracked 
|  73|0x00000000e4900000, 0x00000000e4900000, 0x00000000e4a00000|  0%| F|  |TAMS 0x00000000e4900000, 0x00000000e4900000| Untracked 
|  74|0x00000000e4a00000, 0x00000000e4a00000, 0x00000000e4b00000|  0%| F|  |TAMS 0x00000000e4a00000, 0x00000000e4a00000| Untracked 
|  75|0x00000000e4b00000, 0x00000000e4b00000, 0x00000000e4c00000|  0%| F|  |TAMS 0x00000000e4b00000, 0x00000000e4b00000| Untracked 
|  76|0x00000000e4c00000, 0x00000000e4c00000, 0x00000000e4d00000|  0%| F|  |TAMS 0x00000000e4c00000, 0x00000000e4c00000| Untracked 
|  77|0x00000000e4d00000, 0x00000000e4d00000, 0x00000000e4e00000|  0%| F|  |TAMS 0x00000000e4d00000, 0x00000000e4d00000| Untracked 
|  78|0x00000000e4e00000, 0x00000000e4e00000, 0x00000000e4f00000|  0%| F|  |TAMS 0x00000000e4e00000, 0x00000000e4e00000| Untracked 
|  79|0x00000000e4f00000, 0x00000000e4f00000, 0x00000000e5000000|  0%| F|  |TAMS 0x00000000e4f00000, 0x00000000e4f00000| Untracked 
|  80|0x00000000e5000000, 0x00000000e5000000, 0x00000000e5100000|  0%| F|  |TAMS 0x00000000e5000000, 0x00000000e5000000| Untracked 
|  81|0x00000000e5100000, 0x00000000e5100000, 0x00000000e5200000|  0%| F|  |TAMS 0x00000000e5100000, 0x00000000e5100000| Untracked 
|  82|0x00000000e5200000, 0x00000000e5200000, 0x00000000e5300000|  0%| F|  |TAMS 0x00000000e5200000, 0x00000000e5200000| Untracked 
|  83|0x00000000e5300000, 0x00000000e5300000, 0x00000000e5400000|  0%| F|  |TAMS 0x00000000e5300000, 0x00000000e5300000| Untracked 
|  84|0x00000000e5400000, 0x00000000e5400000, 0x00000000e5500000|  0%| F|  |TAMS 0x00000000e5400000, 0x00000000e5400000| Untracked 
|  85|0x00000000e5500000, 0x00000000e5500000, 0x00000000e5600000|  0%| F|  |TAMS 0x00000000e5500000, 0x00000000e5500000| Untracked 
|  86|0x00000000e5600000, 0x00000000e5600000, 0x00000000e5700000|  0%| F|  |TAMS 0x00000000e5600000, 0x00000000e5600000| Untracked 
|  87|0x00000000e5700000, 0x00000000e5700000, 0x00000000e5800000|  0%| F|  |TAMS 0x00000000e5700000, 0x00000000e5700000| Untracked 
|  88|0x00000000e5800000, 0x00000000e5800000, 0x00000000e5900000|  0%| F|  |TAMS 0x00000000e5800000, 0x00000000e5800000| Untracked 
|  89|0x00000000e5900000, 0x00000000e5900000, 0x00000000e5a00000|  0%| F|  |TAMS 0x00000000e5900000, 0x00000000e5900000| Untracked 
|  90|0x00000000e5a00000, 0x00000000e5a00000, 0x00000000e5b00000|  0%| F|  |TAMS 0x00000000e5a00000, 0x00000000e5a00000| Untracked 
|  91|0x00000000e5b00000, 0x00000000e5b00000, 0x00000000e5c00000|  0%| F|  |TAMS 0x00000000e5b00000, 0x00000000e5b00000| Untracked 
|  92|0x00000000e5c00000, 0x00000000e5c00000, 0x00000000e5d00000|  0%| F|  |TAMS 0x00000000e5c00000, 0x00000000e5c00000| Untracked 
|  93|0x00000000e5d00000, 0x00000000e5d00000, 0x00000000e5e00000|  0%| F|  |TAMS 0x00000000e5d00000, 0x00000000e5d00000| Untracked 
|  94|0x00000000e5e00000, 0x00000000e5e00000, 0x00000000e5f00000|  0%| F|  |TAMS 0x00000000e5e00000, 0x00000000e5e00000| Untracked 
|  95|0x00000000e5f00000, 0x00000000e5f00000, 0x00000000e6000000|  0%| F|  |TAMS 0x00000000e5f00000, 0x00000000e5f00000| Untracked 
|  96|0x00000000e6000000, 0x00000000e6000000, 0x00000000e6100000|  0%| F|  |TAMS 0x00000000e6000000, 0x00000000e6000000| Untracked 
|  97|0x00000000e6100000, 0x00000000e6100000, 0x00000000e6200000|  0%| F|  |TAMS 0x00000000e6100000, 0x00000000e6100000| Untracked 
|  98|0x00000000e6200000, 0x00000000e6200000, 0x00000000e6300000|  0%| F|  |TAMS 0x00000000e6200000, 0x00000000e6200000| Untracked 
|  99|0x00000000e6300000, 0x00000000e6300000, 0x00000000e6400000|  0%| F|  |TAMS 0x00000000e6300000, 0x00000000e6300000| Untracked 
| 100|0x00000000e6400000, 0x00000000e6400000, 0x00000000e6500000|  0%| F|  |TAMS 0x00000000e6400000, 0x00000000e6400000| Untracked 
| 101|0x00000000e6500000, 0x00000000e6500000, 0x00000000e6600000|  0%| F|  |TAMS 0x00000000e6500000, 0x00000000e6500000| Untracked 
| 102|0x00000000e6600000, 0x00000000e6600000, 0x00000000e6700000|  0%| F|  |TAMS 0x00000000e6600000, 0x00000000e6600000| Untracked 
| 103|0x00000000e6700000, 0x00000000e6700000, 0x00000000e6800000|  0%| F|  |TAMS 0x00000000e6700000, 0x00000000e6700000| Untracked 
| 104|0x00000000e6800000, 0x00000000e6800000, 0x00000000e6900000|  0%| F|  |TAMS 0x00000000e6800000, 0x00000000e6800000| Untracked 
| 105|0x00000000e6900000, 0x00000000e6900000, 0x00000000e6a00000|  0%| F|  |TAMS 0x00000000e6900000, 0x00000000e6900000| Untracked 
| 106|0x00000000e6a00000, 0x00000000e6a00000, 0x00000000e6b00000|  0%| F|  |TAMS 0x00000000e6a00000, 0x00000000e6a00000| Untracked 
| 107|0x00000000e6b00000, 0x00000000e6b00000, 0x00000000e6c00000|  0%| F|  |TAMS 0x00000000e6b00000, 0x00000000e6b00000| Untracked 
| 108|0x00000000e6c00000, 0x00000000e6c00000, 0x00000000e6d00000|  0%| F|  |TAMS 0x00000000e6c00000, 0x00000000e6c00000| Untracked 
| 109|0x00000000e6d00000, 0x00000000e6d00000, 0x00000000e6e00000|  0%| F|  |TAMS 0x00000000e6d00000, 0x00000000e6d00000| Untracked 
| 110|0x00000000e6e00000, 0x00000000e6e00000, 0x00000000e6f00000|  0%| F|  |TAMS 0x00000000e6e00000, 0x00000000e6e00000| Untracked 
| 111|0x00000000e6f00000, 0x00000000e6f00000, 0x00000000e7000000|  0%| F|  |TAMS 0x00000000e6f00000, 0x00000000e6f00000| Untracked 
| 112|0x00000000e7000000, 0x00000000e7000000, 0x00000000e7100000|  0%| F|  |TAMS 0x00000000e7000000, 0x00000000e7000000| Untracked 
| 113|0x00000000e7100000, 0x00000000e7100000, 0x00000000e7200000|  0%| F|  |TAMS 0x00000000e7100000, 0x00000000e7100000| Untracked 
| 114|0x00000000e7200000, 0x00000000e7200000, 0x00000000e7300000|  0%| F|  |TAMS 0x00000000e7200000, 0x00000000e7200000| Untracked 
| 115|0x00000000e7300000, 0x00000000e7300000, 0x00000000e7400000|  0%| F|  |TAMS 0x00000000e7300000, 0x00000000e7300000| Untracked 
| 116|0x00000000e7400000, 0x00000000e7400000, 0x00000000e7500000|  0%| F|  |TAMS 0x00000000e7400000, 0x00000000e7400000| Untracked 
| 117|0x00000000e7500000, 0x00000000e7500000, 0x00000000e7600000|  0%| F|  |TAMS 0x00000000e7500000, 0x00000000e7500000| Untracked 
| 118|0x00000000e7600000, 0x00000000e7600000, 0x00000000e7700000|  0%| F|  |TAMS 0x00000000e7600000, 0x00000000e7600000| Untracked 
| 119|0x00000000e7700000, 0x00000000e7700000, 0x00000000e7800000|  0%| F|  |TAMS 0x00000000e7700000, 0x00000000e7700000| Untracked 
| 120|0x00000000e7800000, 0x00000000e7800000, 0x00000000e7900000|  0%| F|  |TAMS 0x00000000e7800000, 0x00000000e7800000| Untracked 
| 121|0x00000000e7900000, 0x00000000e7900000, 0x00000000e7a00000|  0%| F|  |TAMS 0x00000000e7900000, 0x00000000e7900000| Untracked 
| 122|0x00000000e7a00000, 0x00000000e7a00000, 0x00000000e7b00000|  0%| F|  |TAMS 0x00000000e7a00000, 0x00000000e7a00000| Untracked 
| 123|0x00000000e7b00000, 0x00000000e7b00000, 0x00000000e7c00000|  0%| F|  |TAMS 0x00000000e7b00000, 0x00000000e7b00000| Untracked 
| 124|0x00000000e7c00000, 0x00000000e7c00000, 0x00000000e7d00000|  0%| F|  |TAMS 0x00000000e7c00000, 0x00000000e7c00000| Untracked 
| 125|0x00000000e7d00000, 0x00000000e7d00000, 0x00000000e7e00000|  0%| F|  |TAMS 0x00000000e7d00000, 0x00000000e7d00000| Untracked 
| 126|0x00000000e7e00000, 0x00000000e7e00000, 0x00000000e7f00000|  0%| F|  |TAMS 0x00000000e7e00000, 0x00000000e7e00000| Untracked 
| 127|0x00000000e7f00000, 0x00000000e7f00000, 0x00000000e8000000|  0%| F|  |TAMS 0x00000000e7f00000, 0x00000000e7f00000| Untracked 
| 128|0x00000000e8000000, 0x00000000e8100000, 0x00000000e8100000|100%| E|  |TAMS 0x00000000e8000000, 0x00000000e8000000| Complete 
| 129|0x00000000e8100000, 0x00000000e8200000, 0x00000000e8200000|100%| E|CS|TAMS 0x00000000e8100000, 0x00000000e8100000| Complete 
| 130|0x00000000e8200000, 0x00000000e8300000, 0x00000000e8300000|100%| E|CS|TAMS 0x00000000e8200000, 0x00000000e8200000| Complete 
| 131|0x00000000e8300000, 0x00000000e8400000, 0x00000000e8400000|100%| E|CS|TAMS 0x00000000e8300000, 0x00000000e8300000| Complete 
| 132|0x00000000e8400000, 0x00000000e8500000, 0x00000000e8500000|100%| E|CS|TAMS 0x00000000e8400000, 0x00000000e8400000| Complete 
| 133|0x00000000e8500000, 0x00000000e8600000, 0x00000000e8600000|100%| E|CS|TAMS 0x00000000e8500000, 0x00000000e8500000| Complete 
| 134|0x00000000e8600000, 0x00000000e8700000, 0x00000000e8700000|100%| E|CS|TAMS 0x00000000e8600000, 0x00000000e8600000| Complete 
| 135|0x00000000e8700000, 0x00000000e8800000, 0x00000000e8800000|100%| E|CS|TAMS 0x00000000e8700000, 0x00000000e8700000| Complete 
| 136|0x00000000e8800000, 0x00000000e8900000, 0x00000000e8900000|100%| E|CS|TAMS 0x00000000e8800000, 0x00000000e8800000| Complete 
| 137|0x00000000e8900000, 0x00000000e8a00000, 0x00000000e8a00000|100%| E|CS|TAMS 0x00000000e8900000, 0x00000000e8900000| Complete 
| 138|0x00000000e8a00000, 0x00000000e8b00000, 0x00000000e8b00000|100%| E|CS|TAMS 0x00000000e8a00000, 0x00000000e8a00000| Complete 
| 139|0x00000000e8b00000, 0x00000000e8c00000, 0x00000000e8c00000|100%| E|CS|TAMS 0x00000000e8b00000, 0x00000000e8b00000| Complete 
| 140|0x00000000e8c00000, 0x00000000e8d00000, 0x00000000e8d00000|100%| E|CS|TAMS 0x00000000e8c00000, 0x00000000e8c00000| Complete 
| 141|0x00000000e8d00000, 0x00000000e8e00000, 0x00000000e8e00000|100%| E|CS|TAMS 0x00000000e8d00000, 0x00000000e8d00000| Complete 
| 142|0x00000000e8e00000, 0x00000000e8f00000, 0x00000000e8f00000|100%| E|CS|TAMS 0x00000000e8e00000, 0x00000000e8e00000| Complete 
| 143|0x00000000e8f00000, 0x00000000e9000000, 0x00000000e9000000|100%| E|CS|TAMS 0x00000000e8f00000, 0x00000000e8f00000| Complete 
| 144|0x00000000e9000000, 0x00000000e9100000, 0x00000000e9100000|100%| E|CS|TAMS 0x00000000e9000000, 0x00000000e9000000| Complete 
| 145|0x00000000e9100000, 0x00000000e9200000, 0x00000000e9200000|100%| E|CS|TAMS 0x00000000e9100000, 0x00000000e9100000| Complete 
| 146|0x00000000e9200000, 0x00000000e9300000, 0x00000000e9300000|100%| E|CS|TAMS 0x00000000e9200000, 0x00000000e9200000| Complete 
| 147|0x00000000e9300000, 0x00000000e9400000, 0x00000000e9400000|100%| E|CS|TAMS 0x00000000e9300000, 0x00000000e9300000| Complete 
| 148|0x00000000e9400000, 0x00000000e9500000, 0x00000000e9500000|100%| E|CS|TAMS 0x00000000e9400000, 0x00000000e9400000| Complete 
| 149|0x00000000e9500000, 0x00000000e9600000, 0x00000000e9600000|100%| E|CS|TAMS 0x00000000e9500000, 0x00000000e9500000| Complete 
| 150|0x00000000e9600000, 0x00000000e9700000, 0x00000000e9700000|100%| E|CS|TAMS 0x00000000e9600000, 0x00000000e9600000| Complete 
| 151|0x00000000e9700000, 0x00000000e9800000, 0x00000000e9800000|100%| E|CS|TAMS 0x00000000e9700000, 0x00000000e9700000| Complete 
| 152|0x00000000e9800000, 0x00000000e9900000, 0x00000000e9900000|100%| E|CS|TAMS 0x00000000e9800000, 0x00000000e9800000| Complete 
| 153|0x00000000e9900000, 0x00000000e9a00000, 0x00000000e9a00000|100%| E|CS|TAMS 0x00000000e9900000, 0x00000000e9900000| Complete 
| 154|0x00000000e9a00000, 0x00000000e9b00000, 0x00000000e9b00000|100%| E|CS|TAMS 0x00000000e9a00000, 0x00000000e9a00000| Complete 
| 155|0x00000000e9b00000, 0x00000000e9c00000, 0x00000000e9c00000|100%| E|CS|TAMS 0x00000000e9b00000, 0x00000000e9b00000| Complete 
| 156|0x00000000e9c00000, 0x00000000e9d00000, 0x00000000e9d00000|100%| E|CS|TAMS 0x00000000e9c00000, 0x00000000e9c00000| Complete 
| 157|0x00000000e9d00000, 0x00000000e9e00000, 0x00000000e9e00000|100%| E|CS|TAMS 0x00000000e9d00000, 0x00000000e9d00000| Complete 
| 158|0x00000000e9e00000, 0x00000000e9f00000, 0x00000000e9f00000|100%| E|CS|TAMS 0x00000000e9e00000, 0x00000000e9e00000| Complete 
| 159|0x00000000e9f00000, 0x00000000ea000000, 0x00000000ea000000|100%| E|CS|TAMS 0x00000000e9f00000, 0x00000000e9f00000| Complete 
| 160|0x00000000ea000000, 0x00000000ea100000, 0x00000000ea100000|100%| E|CS|TAMS 0x00000000ea000000, 0x00000000ea000000| Complete 
| 161|0x00000000ea100000, 0x00000000ea200000, 0x00000000ea200000|100%| E|CS|TAMS 0x00000000ea100000, 0x00000000ea100000| Complete 
| 162|0x00000000ea200000, 0x00000000ea300000, 0x00000000ea300000|100%| E|CS|TAMS 0x00000000ea200000, 0x00000000ea200000| Complete 
| 163|0x00000000ea300000, 0x00000000ea400000, 0x00000000ea400000|100%| E|CS|TAMS 0x00000000ea300000, 0x00000000ea300000| Complete 
| 164|0x00000000ea400000, 0x00000000ea500000, 0x00000000ea500000|100%| E|CS|TAMS 0x00000000ea400000, 0x00000000ea400000| Complete 
| 165|0x00000000ea500000, 0x00000000ea600000, 0x00000000ea600000|100%| E|CS|TAMS 0x00000000ea500000, 0x00000000ea500000| Complete 
| 166|0x00000000ea600000, 0x00000000ea700000, 0x00000000ea700000|100%| E|CS|TAMS 0x00000000ea600000, 0x00000000ea600000| Complete 
| 167|0x00000000ea700000, 0x00000000ea800000, 0x00000000ea800000|100%| E|CS|TAMS 0x00000000ea700000, 0x00000000ea700000| Complete 
| 168|0x00000000ea800000, 0x00000000ea900000, 0x00000000ea900000|100%| E|CS|TAMS 0x00000000ea800000, 0x00000000ea800000| Complete 
| 169|0x00000000ea900000, 0x00000000eaa00000, 0x00000000eaa00000|100%| E|CS|TAMS 0x00000000ea900000, 0x00000000ea900000| Complete 
| 170|0x00000000eaa00000, 0x00000000eab00000, 0x00000000eab00000|100%| E|CS|TAMS 0x00000000eaa00000, 0x00000000eaa00000| Complete 
| 171|0x00000000eab00000, 0x00000000eac00000, 0x00000000eac00000|100%| E|CS|TAMS 0x00000000eab00000, 0x00000000eab00000| Complete 
| 172|0x00000000eac00000, 0x00000000ead00000, 0x00000000ead00000|100%| E|CS|TAMS 0x00000000eac00000, 0x00000000eac00000| Complete 
| 173|0x00000000ead00000, 0x00000000eae00000, 0x00000000eae00000|100%| E|CS|TAMS 0x00000000ead00000, 0x00000000ead00000| Complete 
| 174|0x00000000eae00000, 0x00000000eaf00000, 0x00000000eaf00000|100%| E|CS|TAMS 0x00000000eae00000, 0x00000000eae00000| Complete 
| 175|0x00000000eaf00000, 0x00000000eb000000, 0x00000000eb000000|100%| E|CS|TAMS 0x00000000eaf00000, 0x00000000eaf00000| Complete 
| 176|0x00000000eb000000, 0x00000000eb100000, 0x00000000eb100000|100%| E|CS|TAMS 0x00000000eb000000, 0x00000000eb000000| Complete 
| 177|0x00000000eb100000, 0x00000000eb200000, 0x00000000eb200000|100%| E|CS|TAMS 0x00000000eb100000, 0x00000000eb100000| Complete 
| 178|0x00000000eb200000, 0x00000000eb300000, 0x00000000eb300000|100%| E|CS|TAMS 0x00000000eb200000, 0x00000000eb200000| Complete 
| 179|0x00000000eb300000, 0x00000000eb400000, 0x00000000eb400000|100%| E|CS|TAMS 0x00000000eb300000, 0x00000000eb300000| Complete 
| 180|0x00000000eb400000, 0x00000000eb500000, 0x00000000eb500000|100%| E|CS|TAMS 0x00000000eb400000, 0x00000000eb400000| Complete 
| 181|0x00000000eb500000, 0x00000000eb600000, 0x00000000eb600000|100%| E|CS|TAMS 0x00000000eb500000, 0x00000000eb500000| Complete 
| 182|0x00000000eb600000, 0x00000000eb700000, 0x00000000eb700000|100%| E|CS|TAMS 0x00000000eb600000, 0x00000000eb600000| Complete 
| 183|0x00000000eb700000, 0x00000000eb800000, 0x00000000eb800000|100%| E|CS|TAMS 0x00000000eb700000, 0x00000000eb700000| Complete 
| 184|0x00000000eb800000, 0x00000000eb900000, 0x00000000eb900000|100%| E|CS|TAMS 0x00000000eb800000, 0x00000000eb800000| Complete 
| 185|0x00000000eb900000, 0x00000000eba00000, 0x00000000eba00000|100%| E|CS|TAMS 0x00000000eb900000, 0x00000000eb900000| Complete 
| 186|0x00000000eba00000, 0x00000000ebb00000, 0x00000000ebb00000|100%| E|CS|TAMS 0x00000000eba00000, 0x00000000eba00000| Complete 
| 187|0x00000000ebb00000, 0x00000000ebc00000, 0x00000000ebc00000|100%| E|CS|TAMS 0x00000000ebb00000, 0x00000000ebb00000| Complete 
| 188|0x00000000ebc00000, 0x00000000ebd00000, 0x00000000ebd00000|100%| E|CS|TAMS 0x00000000ebc00000, 0x00000000ebc00000| Complete 
| 189|0x00000000ebd00000, 0x00000000ebe00000, 0x00000000ebe00000|100%| E|CS|TAMS 0x00000000ebd00000, 0x00000000ebd00000| Complete 
| 190|0x00000000ebe00000, 0x00000000ebf00000, 0x00000000ebf00000|100%| E|CS|TAMS 0x00000000ebe00000, 0x00000000ebe00000| Complete 
| 191|0x00000000ebf00000, 0x00000000ec000000, 0x00000000ec000000|100%| E|CS|TAMS 0x00000000ebf00000, 0x00000000ebf00000| Complete 
| 192|0x00000000ec000000, 0x00000000ec100000, 0x00000000ec100000|100%| E|CS|TAMS 0x00000000ec000000, 0x00000000ec000000| Complete 
| 193|0x00000000ec100000, 0x00000000ec200000, 0x00000000ec200000|100%| E|CS|TAMS 0x00000000ec100000, 0x00000000ec100000| Complete 
| 194|0x00000000ec200000, 0x00000000ec300000, 0x00000000ec300000|100%| E|CS|TAMS 0x00000000ec200000, 0x00000000ec200000| Complete 
| 195|0x00000000ec300000, 0x00000000ec400000, 0x00000000ec400000|100%| E|CS|TAMS 0x00000000ec300000, 0x00000000ec300000| Complete 
| 196|0x00000000ec400000, 0x00000000ec500000, 0x00000000ec500000|100%| E|CS|TAMS 0x00000000ec400000, 0x00000000ec400000| Complete 
| 197|0x00000000ec500000, 0x00000000ec600000, 0x00000000ec600000|100%| E|CS|TAMS 0x00000000ec500000, 0x00000000ec500000| Complete 
| 198|0x00000000ec600000, 0x00000000ec700000, 0x00000000ec700000|100%| E|CS|TAMS 0x00000000ec600000, 0x00000000ec600000| Complete 
| 199|0x00000000ec700000, 0x00000000ec800000, 0x00000000ec800000|100%| E|CS|TAMS 0x00000000ec700000, 0x00000000ec700000| Complete 
| 200|0x00000000ec800000, 0x00000000ec900000, 0x00000000ec900000|100%| E|CS|TAMS 0x00000000ec800000, 0x00000000ec800000| Complete 
| 201|0x00000000ec900000, 0x00000000eca00000, 0x00000000eca00000|100%| E|CS|TAMS 0x00000000ec900000, 0x00000000ec900000| Complete 
| 202|0x00000000eca00000, 0x00000000ecb00000, 0x00000000ecb00000|100%| E|CS|TAMS 0x00000000eca00000, 0x00000000eca00000| Complete 
| 203|0x00000000ecb00000, 0x00000000ecc00000, 0x00000000ecc00000|100%| E|CS|TAMS 0x00000000ecb00000, 0x00000000ecb00000| Complete 
| 204|0x00000000ecc00000, 0x00000000ecd00000, 0x00000000ecd00000|100%| E|CS|TAMS 0x00000000ecc00000, 0x00000000ecc00000| Complete 
| 205|0x00000000ecd00000, 0x00000000ece00000, 0x00000000ece00000|100%| E|CS|TAMS 0x00000000ecd00000, 0x00000000ecd00000| Complete 
| 206|0x00000000ece00000, 0x00000000ecf00000, 0x00000000ecf00000|100%| E|CS|TAMS 0x00000000ece00000, 0x00000000ece00000| Complete 
| 207|0x00000000ecf00000, 0x00000000ed000000, 0x00000000ed000000|100%| E|CS|TAMS 0x00000000ecf00000, 0x00000000ecf00000| Complete 
| 208|0x00000000ed000000, 0x00000000ed100000, 0x00000000ed100000|100%| E|CS|TAMS 0x00000000ed000000, 0x00000000ed000000| Complete 
| 209|0x00000000ed100000, 0x00000000ed200000, 0x00000000ed200000|100%| E|CS|TAMS 0x00000000ed100000, 0x00000000ed100000| Complete 
| 210|0x00000000ed200000, 0x00000000ed300000, 0x00000000ed300000|100%| E|CS|TAMS 0x00000000ed200000, 0x00000000ed200000| Complete 
| 211|0x00000000ed300000, 0x00000000ed400000, 0x00000000ed400000|100%| E|CS|TAMS 0x00000000ed300000, 0x00000000ed300000| Complete 
| 212|0x00000000ed400000, 0x00000000ed500000, 0x00000000ed500000|100%| E|CS|TAMS 0x00000000ed400000, 0x00000000ed400000| Complete 
| 213|0x00000000ed500000, 0x00000000ed600000, 0x00000000ed600000|100%| E|CS|TAMS 0x00000000ed500000, 0x00000000ed500000| Complete 
| 214|0x00000000ed600000, 0x00000000ed700000, 0x00000000ed700000|100%| E|CS|TAMS 0x00000000ed600000, 0x00000000ed600000| Complete 
| 215|0x00000000ed700000, 0x00000000ed800000, 0x00000000ed800000|100%| E|CS|TAMS 0x00000000ed700000, 0x00000000ed700000| Complete 
| 216|0x00000000ed800000, 0x00000000ed900000, 0x00000000ed900000|100%| E|CS|TAMS 0x00000000ed800000, 0x00000000ed800000| Complete 
| 217|0x00000000ed900000, 0x00000000eda00000, 0x00000000eda00000|100%| E|CS|TAMS 0x00000000ed900000, 0x00000000ed900000| Complete 
| 218|0x00000000eda00000, 0x00000000edb00000, 0x00000000edb00000|100%| E|CS|TAMS 0x00000000eda00000, 0x00000000eda00000| Complete 
| 219|0x00000000edb00000, 0x00000000edc00000, 0x00000000edc00000|100%| E|CS|TAMS 0x00000000edb00000, 0x00000000edb00000| Complete 
| 220|0x00000000edc00000, 0x00000000edd00000, 0x00000000edd00000|100%| E|CS|TAMS 0x00000000edc00000, 0x00000000edc00000| Complete 
| 221|0x00000000edd00000, 0x00000000ede00000, 0x00000000ede00000|100%| E|CS|TAMS 0x00000000edd00000, 0x00000000edd00000| Complete 
| 222|0x00000000ede00000, 0x00000000edf00000, 0x00000000edf00000|100%| E|CS|TAMS 0x00000000ede00000, 0x00000000ede00000| Complete 
| 223|0x00000000edf00000, 0x00000000ee000000, 0x00000000ee000000|100%| E|CS|TAMS 0x00000000edf00000, 0x00000000edf00000| Complete 
| 224|0x00000000ee000000, 0x00000000ee100000, 0x00000000ee100000|100%| E|CS|TAMS 0x00000000ee000000, 0x00000000ee000000| Complete 
| 225|0x00000000ee100000, 0x00000000ee200000, 0x00000000ee200000|100%| E|CS|TAMS 0x00000000ee100000, 0x00000000ee100000| Complete 
| 226|0x00000000ee200000, 0x00000000ee300000, 0x00000000ee300000|100%| E|CS|TAMS 0x00000000ee200000, 0x00000000ee200000| Complete 
| 227|0x00000000ee300000, 0x00000000ee400000, 0x00000000ee400000|100%| E|CS|TAMS 0x00000000ee300000, 0x00000000ee300000| Complete 
| 228|0x00000000ee400000, 0x00000000ee500000, 0x00000000ee500000|100%| E|CS|TAMS 0x00000000ee400000, 0x00000000ee400000| Complete 
| 229|0x00000000ee500000, 0x00000000ee600000, 0x00000000ee600000|100%| E|  |TAMS 0x00000000ee500000, 0x00000000ee500000| Complete 
| 230|0x00000000ee600000, 0x00000000ee700000, 0x00000000ee700000|100%| E|CS|TAMS 0x00000000ee600000, 0x00000000ee600000| Complete 
| 231|0x00000000ee700000, 0x00000000ee800000, 0x00000000ee800000|100%| E|CS|TAMS 0x00000000ee700000, 0x00000000ee700000| Complete 
| 232|0x00000000ee800000, 0x00000000ee900000, 0x00000000ee900000|100%| E|CS|TAMS 0x00000000ee800000, 0x00000000ee800000| Complete 
| 233|0x00000000ee900000, 0x00000000eea00000, 0x00000000eea00000|100%| E|CS|TAMS 0x00000000ee900000, 0x00000000ee900000| Complete 
| 234|0x00000000eea00000, 0x00000000eeb00000, 0x00000000eeb00000|100%| E|CS|TAMS 0x00000000eea00000, 0x00000000eea00000| Complete 
| 235|0x00000000eeb00000, 0x00000000eec00000, 0x00000000eec00000|100%| E|CS|TAMS 0x00000000eeb00000, 0x00000000eeb00000| Complete 
| 236|0x00000000eec00000, 0x00000000eed00000, 0x00000000eed00000|100%| E|CS|TAMS 0x00000000eec00000, 0x00000000eec00000| Complete 
| 237|0x00000000eed00000, 0x00000000eee00000, 0x00000000eee00000|100%| E|CS|TAMS 0x00000000eed00000, 0x00000000eed00000| Complete 
| 238|0x00000000eee00000, 0x00000000eef00000, 0x00000000eef00000|100%| E|CS|TAMS 0x00000000eee00000, 0x00000000eee00000| Complete 
| 239|0x00000000eef00000, 0x00000000ef000000, 0x00000000ef000000|100%| E|CS|TAMS 0x00000000eef00000, 0x00000000eef00000| Complete 
| 240|0x00000000ef000000, 0x00000000ef100000, 0x00000000ef100000|100%| E|CS|TAMS 0x00000000ef000000, 0x00000000ef000000| Complete 
| 241|0x00000000ef100000, 0x00000000ef200000, 0x00000000ef200000|100%| E|CS|TAMS 0x00000000ef100000, 0x00000000ef100000| Complete 
| 242|0x00000000ef200000, 0x00000000ef300000, 0x00000000ef300000|100%| E|CS|TAMS 0x00000000ef200000, 0x00000000ef200000| Complete 
| 243|0x00000000ef300000, 0x00000000ef400000, 0x00000000ef400000|100%| E|CS|TAMS 0x00000000ef300000, 0x00000000ef300000| Complete 
| 244|0x00000000ef400000, 0x00000000ef500000, 0x00000000ef500000|100%| E|CS|TAMS 0x00000000ef400000, 0x00000000ef400000| Complete 
| 245|0x00000000ef500000, 0x00000000ef600000, 0x00000000ef600000|100%| E|CS|TAMS 0x00000000ef500000, 0x00000000ef500000| Complete 
| 246|0x00000000ef600000, 0x00000000ef700000, 0x00000000ef700000|100%| E|CS|TAMS 0x00000000ef600000, 0x00000000ef600000| Complete 
| 247|0x00000000ef700000, 0x00000000ef800000, 0x00000000ef800000|100%| E|CS|TAMS 0x00000000ef700000, 0x00000000ef700000| Complete 
| 248|0x00000000ef800000, 0x00000000ef900000, 0x00000000ef900000|100%| E|CS|TAMS 0x00000000ef800000, 0x00000000ef800000| Complete 
| 249|0x00000000ef900000, 0x00000000efa00000, 0x00000000efa00000|100%| E|CS|TAMS 0x00000000ef900000, 0x00000000ef900000| Complete 
| 250|0x00000000efa00000, 0x00000000efb00000, 0x00000000efb00000|100%| E|CS|TAMS 0x00000000efa00000, 0x00000000efa00000| Complete 
| 251|0x00000000efb00000, 0x00000000efc00000, 0x00000000efc00000|100%| E|CS|TAMS 0x00000000efb00000, 0x00000000efb00000| Complete 
| 252|0x00000000efc00000, 0x00000000efd00000, 0x00000000efd00000|100%| E|CS|TAMS 0x00000000efc00000, 0x00000000efc00000| Complete 
| 253|0x00000000efd00000, 0x00000000efe00000, 0x00000000efe00000|100%| E|CS|TAMS 0x00000000efd00000, 0x00000000efd00000| Complete 
| 254|0x00000000efe00000, 0x00000000efe56958, 0x00000000eff00000| 33%| S|CS|TAMS 0x00000000efe00000, 0x00000000efe00000| Complete 
| 255|0x00000000eff00000, 0x00000000f0000000, 0x00000000f0000000|100%| E|CS|TAMS 0x00000000eff00000, 0x00000000eff00000| Complete 

Card table byte_map: [0x000001caedae0000,0x000001caedbe0000] _byte_map_base: 0x000001caed3e0000

Marking Bits (Prev, Next): (CMBitMap*) 0x000001cad49c4f80, (CMBitMap*) 0x000001cad49c4fc0
 Prev Bits: [0x000001caedce0000, 0x000001caee4e0000)
 Next Bits: [0x000001caee4e0000, 0x000001caeece0000)

Polling page: 0x000001cad4a60000

Metaspace:

Usage:
  Non-class:     40.24 MB used.
      Class:      6.57 MB used.
       Both:     46.81 MB used.

Virtual space:
  Non-class space:       64.00 MB reserved,      40.50 MB ( 63%) committed,  1 nodes.
      Class space:      320.00 MB reserved,       6.81 MB (  2%) committed,  1 nodes.
             Both:      384.00 MB reserved,      47.31 MB ( 12%) committed. 

Chunk freelists:
   Non-Class:  6.83 MB
       Class:  9.09 MB
        Both:  15.92 MB

MaxMetaspaceSize: 384.00 MB
CompressedClassSpaceSize: 320.00 MB
Initial GC threshold: 21.00 MB
Current GC threshold: 59.31 MB
CDS: on
MetaspaceReclaimPolicy: balanced
 - commit_granule_bytes: 65536.
 - commit_granule_words: 8192.
 - virtual_space_node_default_size: 8388608.
 - enlarge_chunks_in_place: 1.
 - new_chunks_are_fully_committed: 0.
 - uncommit_free_chunks: 1.
 - use_allocation_guard: 0.
 - handle_deallocations: 1.


Internal statistics:

num_allocs_failed_limit: 9.
num_arena_births: 570.
num_arena_deaths: 0.
num_vsnodes_births: 2.
num_vsnodes_deaths: 0.
num_space_committed: 757.
num_space_uncommitted: 0.
num_chunks_returned_to_freelist: 9.
num_chunks_taken_from_freelist: 2506.
num_chunk_merges: 9.
num_chunk_splits: 1625.
num_chunks_enlarged: 1104.
num_inconsistent_stats: 0.

CodeHeap 'non-profiled nmethods': size=119168Kb used=2745Kb max_used=3054Kb free=116422Kb
 bounds [0x000001cae55c0000, 0x000001cae58c0000, 0x000001caeca20000]
CodeHeap 'profiled nmethods': size=119104Kb used=11656Kb max_used=11656Kb free=107447Kb
 bounds [0x000001cadda20000, 0x000001cade590000, 0x000001cae4e70000]
CodeHeap 'non-nmethods': size=7488Kb used=4021Kb max_used=4066Kb free=3466Kb
 bounds [0x000001cae4e70000, 0x000001cae5270000, 0x000001cae55c0000]
 total_blobs=6640 nmethods=5787 adapters=761
 compilation: enabled
              stopped_count=0, restarted_count=0
 full_count=0

Compilation events (20 events):
Event: 4.973 Thread 0x000001caf6126790 6560       3       java.util.regex.Matcher::search (154 bytes)
Event: 4.973 Thread 0x000001caf6092d40 6559       3       java.util.regex.Pattern$SliceI::match (96 bytes)
Event: 4.973 Thread 0x000001caf6126d60 nmethod 6556 0x000001cade562d90 code [0x000001cade562f20, 0x000001cade563118]
Event: 4.974 Thread 0x000001caf6126d60 6557       3       java.util.regex.ASCII::isUpper (18 bytes)
Event: 4.974 Thread 0x000001caf1ce1ba0 nmethod 6558 0x000001cade563210 code [0x000001cade5633e0, 0x000001cade5638b8]
Event: 4.974 Thread 0x000001caf6126d60 nmethod 6557 0x000001cade563a90 code [0x000001cade563c20, 0x000001cade563d78]
Event: 4.974 Thread 0x000001caf6126d60 6561       3       org.gradle.api.internal.provider.AbstractProviderWithValue::<init> (5 bytes)
Event: 4.974 Thread 0x000001caf6126790 nmethod 6560 0x000001cade563e10 code [0x000001cade564000, 0x000001cade5645c8]
Event: 4.974 Thread 0x000001caf1ce1ba0 6562       3       org.gradle.api.internal.provider.Providers$FixedValueProvider::<init> (10 bytes)
Event: 4.974 Thread 0x000001caf6126d60 nmethod 6561 0x000001cade564810 code [0x000001cade5649c0, 0x000001cade564b78]
Event: 4.974 Thread 0x000001caf6092d40 nmethod 6559 0x000001cade564c90 code [0x000001cade564e80, 0x000001cade5654d8]
Event: 4.974 Thread 0x000001caf1ce1ba0 nmethod 6562 0x000001cade565710 code [0x000001cade5658c0, 0x000001cade565b38]
Event: 4.976 Thread 0x000001caf6126d60 6563       3       java.lang.String::replaceAll (13 bytes)
Event: 4.976 Thread 0x000001caf1ce1ba0 6564       3       java.util.regex.Matcher::replaceAll (59 bytes)
Event: 4.976 Thread 0x000001caf6092d40 6565       3       org.objectweb.asm.SymbolTable::addBootstrapMethod (209 bytes)
Event: 4.976 Thread 0x000001caf6126d60 nmethod 6563 0x000001cade565c90 code [0x000001cade565e60, 0x000001cade5660e8]
Event: 4.976 Thread 0x000001caf1ce1ba0 nmethod 6564 0x000001cade566210 code [0x000001cade566480, 0x000001cade566df8]
Event: 4.977 Thread 0x000001caf1ce1ba0 6566       3       jdk.internal.org.objectweb.asm.ClassReader::getFirstAttributeOffset (136 bytes)
Event: 4.977 Thread 0x000001caf1ce1ba0 nmethod 6566 0x000001cade567110 code [0x000001cade567340, 0x000001cade5679c8]
Event: 4.977 Thread 0x000001caf6092d40 nmethod 6565 0x000001cade567c10 code [0x000001cade567e80, 0x000001cade568958]

GC Heap History (14 events):
Event: 0.231 GC heap before
{Heap before GC invocations=0 (full 0):
 garbage-first heap   total 262144K, used 23552K [0x00000000e0000000, 0x0000000100000000)
  region size 1024K, 23 young (23552K), 0 survivors (0K)
 Metaspace       used 867K, committed 960K, reserved 393216K
  class space    used 66K, committed 128K, reserved 327680K
}
Event: 0.233 GC heap after
{Heap after GC invocations=1 (full 0):
 garbage-first heap   total 262144K, used 1855K [0x00000000e0000000, 0x0000000100000000)
  region size 1024K, 2 young (2048K), 2 survivors (2048K)
 Metaspace       used 867K, committed 960K, reserved 393216K
  class space    used 66K, committed 128K, reserved 327680K
}
Event: 0.605 GC heap before
{Heap before GC invocations=1 (full 0):
 garbage-first heap   total 262144K, used 38719K [0x00000000e0000000, 0x0000000100000000)
  region size 1024K, 36 young (36864K), 2 survivors (2048K)
 Metaspace       used 4449K, committed 4608K, reserved 393216K
  class space    used 552K, committed 640K, reserved 327680K
}
Event: 0.608 GC heap after
{Heap after GC invocations=2 (full 0):
 garbage-first heap   total 262144K, used 11551K [0x00000000e0000000, 0x0000000100000000)
  region size 1024K, 5 young (5120K), 5 survivors (5120K)
 Metaspace       used 4449K, committed 4608K, reserved 393216K
  class space    used 552K, committed 640K, reserved 327680K
}
Event: 2.469 GC heap before
{Heap before GC invocations=2 (full 0):
 garbage-first heap   total 262144K, used 160031K [0x00000000e0000000, 0x0000000100000000)
  region size 1024K, 148 young (151552K), 5 survivors (5120K)
 Metaspace       used 19439K, committed 19712K, reserved 393216K
  class space    used 2804K, committed 2944K, reserved 327680K
}
Event: 2.477 GC heap after
{Heap after GC invocations=3 (full 0):
 garbage-first heap   total 262144K, used 23144K [0x00000000e0000000, 0x0000000100000000)
  region size 1024K, 16 young (16384K), 16 survivors (16384K)
 Metaspace       used 19439K, committed 19712K, reserved 393216K
  class space    used 2804K, committed 2944K, reserved 327680K
}
Event: 2.611 GC heap before
{Heap before GC invocations=3 (full 0):
 garbage-first heap   total 262144K, used 39528K [0x00000000e0000000, 0x0000000100000000)
  region size 1024K, 33 young (33792K), 16 survivors (16384K)
 Metaspace       used 21166K, committed 21504K, reserved 393216K
  class space    used 3048K, committed 3200K, reserved 327680K
}
Event: 2.619 GC heap after
{Heap after GC invocations=4 (full 0):
 garbage-first heap   total 262144K, used 25187K [0x00000000e0000000, 0x0000000100000000)
  region size 1024K, 2 young (2048K), 2 survivors (2048K)
 Metaspace       used 21166K, committed 21504K, reserved 393216K
  class space    used 3048K, committed 3200K, reserved 327680K
}
Event: 3.774 GC heap before
{Heap before GC invocations=5 (full 0):
 garbage-first heap   total 262144K, used 144995K [0x00000000e0000000, 0x0000000100000000)
  region size 1024K, 121 young (123904K), 2 survivors (2048K)
 Metaspace       used 35597K, committed 35968K, reserved 393216K
  class space    used 5020K, committed 5184K, reserved 327680K
}
Event: 3.778 GC heap after
{Heap after GC invocations=6 (full 0):
 garbage-first heap   total 262144K, used 32566K [0x00000000e0000000, 0x0000000100000000)
  region size 1024K, 9 young (9216K), 9 survivors (9216K)
 Metaspace       used 35597K, committed 35968K, reserved 393216K
  class space    used 5020K, committed 5184K, reserved 327680K
}
Event: 3.806 GC heap before
{Heap before GC invocations=6 (full 0):
 garbage-first heap   total 262144K, used 35638K [0x00000000e0000000, 0x0000000100000000)
  region size 1024K, 12 young (12288K), 9 survivors (9216K)
 Metaspace       used 35888K, committed 36288K, reserved 393216K
  class space    used 5072K, committed 5248K, reserved 327680K
}
Event: 3.810 GC heap after
{Heap after GC invocations=7 (full 0):
 garbage-first heap   total 262144K, used 32721K [0x00000000e0000000, 0x0000000100000000)
  region size 1024K, 1 young (1024K), 1 survivors (1024K)
 Metaspace       used 35888K, committed 36288K, reserved 393216K
  class space    used 5072K, committed 5248K, reserved 327680K
}
Event: 3.815 GC heap before
{Heap before GC invocations=7 (full 0):
 garbage-first heap   total 262144K, used 32721K [0x00000000e0000000, 0x0000000100000000)
  region size 1024K, 2 young (2048K), 1 survivors (1024K)
 Metaspace       used 35923K, committed 36288K, reserved 393216K
  class space    used 5078K, committed 5248K, reserved 327680K
}
Event: 3.816 GC heap after
{Heap after GC invocations=8 (full 0):
 garbage-first heap   total 262144K, used 32043K [0x00000000e0000000, 0x0000000100000000)
  region size 1024K, 1 young (1024K), 1 survivors (1024K)
 Metaspace       used 35923K, committed 36288K, reserved 393216K
  class space    used 5078K, committed 5248K, reserved 327680K
}

Deoptimization events (20 events):
Event: 4.973 Thread 0x000001caf8107da0 Uncommon trap: trap_request=0xffffffc6 fr.pc=0x000001cae5899024 relative=0x0000000000000924
Event: 4.973 Thread 0x000001caf8107da0 Uncommon trap: reason=bimorphic_or_optimized_type_check action=maybe_recompile pc=0x000001cae5899024 method=java.util.regex.Pattern$Start.match(Ljava/util/regex/Matcher;ILjava/lang/CharSequence;)Z @ 44 c2
Event: 4.973 Thread 0x000001caf8107da0 DEOPT PACKING pc=0x000001cae5899024 sp=0x00000082d5cf5460
Event: 4.973 Thread 0x000001caf8107da0 DEOPT UNPACKING pc=0x000001cae4ec23a3 sp=0x00000082d5cf5358 mode 2
Event: 4.973 Thread 0x000001caf8107da0 Uncommon trap: trap_request=0xffffffc6 fr.pc=0x000001cae5899024 relative=0x0000000000000924
Event: 4.973 Thread 0x000001caf8107da0 Uncommon trap: reason=bimorphic_or_optimized_type_check action=maybe_recompile pc=0x000001cae5899024 method=java.util.regex.Pattern$Start.match(Ljava/util/regex/Matcher;ILjava/lang/CharSequence;)Z @ 44 c2
Event: 4.973 Thread 0x000001caf8107da0 DEOPT PACKING pc=0x000001cae5899024 sp=0x00000082d5cf5460
Event: 4.973 Thread 0x000001caf8107da0 DEOPT UNPACKING pc=0x000001cae4ec23a3 sp=0x00000082d5cf5358 mode 2
Event: 4.973 Thread 0x000001caf8107da0 Uncommon trap: trap_request=0xffffffc6 fr.pc=0x000001cae588ced8 relative=0x0000000000000878
Event: 4.973 Thread 0x000001caf8107da0 Uncommon trap: reason=bimorphic_or_optimized_type_check action=maybe_recompile pc=0x000001cae588ced8 method=java.util.regex.Pattern$Start.match(Ljava/util/regex/Matcher;ILjava/lang/CharSequence;)Z @ 44 c2
Event: 4.973 Thread 0x000001caf8107da0 DEOPT PACKING pc=0x000001cae588ced8 sp=0x00000082d5cf53f0
Event: 4.973 Thread 0x000001caf8107da0 DEOPT UNPACKING pc=0x000001cae4ec23a3 sp=0x00000082d5cf5350 mode 2
Event: 4.973 Thread 0x000001caf8107da0 Uncommon trap: trap_request=0xffffffc6 fr.pc=0x000001cae588df1c relative=0x00000000000006bc
Event: 4.973 Thread 0x000001caf8107da0 Uncommon trap: reason=bimorphic_or_optimized_type_check action=maybe_recompile pc=0x000001cae588df1c method=java.util.regex.Pattern$Start.match(Ljava/util/regex/Matcher;ILjava/lang/CharSequence;)Z @ 44 c2
Event: 4.973 Thread 0x000001caf8107da0 DEOPT PACKING pc=0x000001cae588df1c sp=0x00000082d5cf5370
Event: 4.973 Thread 0x000001caf8107da0 DEOPT UNPACKING pc=0x000001cae4ec23a3 sp=0x00000082d5cf5350 mode 2
Event: 4.973 Thread 0x000001caf8107da0 Uncommon trap: trap_request=0xffffffc6 fr.pc=0x000001cae58761c0 relative=0x00000000000008c0
Event: 4.973 Thread 0x000001caf8107da0 Uncommon trap: reason=bimorphic_or_optimized_type_check action=maybe_recompile pc=0x000001cae58761c0 method=java.util.regex.Pattern$Start.match(Ljava/util/regex/Matcher;ILjava/lang/CharSequence;)Z @ 44 c2
Event: 4.973 Thread 0x000001caf8107da0 DEOPT PACKING pc=0x000001cae58761c0 sp=0x00000082d5cf53e0
Event: 4.973 Thread 0x000001caf8107da0 DEOPT UNPACKING pc=0x000001cae4ec23a3 sp=0x00000082d5cf5360 mode 2

Classes unloaded (0 events):
No events

Classes redefined (0 events):
No events

Internal exceptions (20 events):
Event: 4.336 Thread 0x000001caf8107da0 Exception <a 'java/lang/NoSuchMethodError'{0x00000000ec61a3e0}: 'java.lang.Object java.lang.invoke.DirectMethodHandle$Holder.newInvokeSpecial(java.lang.Object, java.lang.Object, java.lang.Object, java.lang.Object, int)'> (0x00000000ec61a3e0) 
thrown [s\open\src\hotspot\share\interpreter\linkResolver.cpp, line 759]
Event: 4.337 Thread 0x000001caf8107da0 Exception <a 'java/lang/NoSuchMethodError'{0x00000000ec61f708}: 'java.lang.Object java.lang.invoke.DirectMethodHandle$Holder.invokeSpecial(java.lang.Object, java.lang.Object, java.lang.Object, java.lang.Object, java.lang.Object, int)'> (0x00000000ec61f708) 
thrown [s\open\src\hotspot\share\interpreter\linkResolver.cpp, line 759]
Event: 4.337 Thread 0x000001caf8107da0 Exception <a 'java/lang/NoSuchMethodError'{0x00000000ec6243e0}: 'java.lang.Object java.lang.invoke.Invokers$Holder.linkToTargetMethod(java.lang.Object, java.lang.Object, java.lang.Object, int, java.lang.Object)'> (0x00000000ec6243e0) 
thrown [s\open\src\hotspot\share\interpreter\linkResolver.cpp, line 759]
Event: 4.339 Thread 0x000001caf8107da0 Exception <a 'java/lang/NoSuchMethodError'{0x00000000ec6540b0}: 'void java.lang.invoke.DirectMethodHandle$Holder.invokeSpecial(java.lang.Object, java.lang.Object, java.lang.Object, java.lang.Object, java.lang.Object, java.lang.Object)'> (0x00000000ec6540b0) 
thrown [s\open\src\hotspot\share\interpreter\linkResolver.cpp, line 759]
Event: 4.341 Thread 0x000001caf8107da0 Exception <a 'java/lang/NoSuchMethodError'{0x00000000ec67acf8}: 'java.lang.Object java.lang.invoke.DirectMethodHandle$Holder.newInvokeSpecial(java.lang.Object, java.lang.Object, long, java.lang.Object)'> (0x00000000ec67acf8) 
thrown [s\open\src\hotspot\share\interpreter\linkResolver.cpp, line 759]
Event: 4.341 Thread 0x000001caf8107da0 Exception <a 'java/lang/NoSuchMethodError'{0x00000000ec67fb58}: 'java.lang.Object java.lang.invoke.DirectMethodHandle$Holder.invokeSpecial(java.lang.Object, java.lang.Object, java.lang.Object, long, java.lang.Object)'> (0x00000000ec67fb58) 
thrown [s\open\src\hotspot\share\interpreter\linkResolver.cpp, line 759]
Event: 4.341 Thread 0x000001caf8107da0 Exception <a 'java/lang/NoSuchMethodError'{0x00000000ec684760}: 'java.lang.Object java.lang.invoke.Invokers$Holder.linkToTargetMethod(java.lang.Object, long, java.lang.Object, java.lang.Object)'> (0x00000000ec684760) 
thrown [s\open\src\hotspot\share\interpreter\linkResolver.cpp, line 759]
Event: 4.342 Thread 0x000001caf8107da0 Exception <a 'java/lang/NoSuchMethodError'{0x00000000ec6adfb8}: 'void java.lang.invoke.DirectMethodHandle$Holder.invokeStatic(java.lang.Object, java.lang.Object, java.lang.Object, int, java.lang.Object)'> (0x00000000ec6adfb8) 
thrown [s\open\src\hotspot\share\interpreter\linkResolver.cpp, line 759]
Event: 4.351 Thread 0x000001caf8107da0 Exception <a 'java/lang/NoSuchMethodError'{0x00000000ec4883d0}: 'int java.lang.invoke.DirectMethodHandle$Holder.invokeInterface(java.lang.Object, java.lang.Object, java.lang.Object, java.lang.Object, java.lang.Object)'> (0x00000000ec4883d0) 
thrown [s\open\src\hotspot\share\interpreter\linkResolver.cpp, line 759]
Event: 4.420 Thread 0x000001caf8107da0 Exception <a 'java/lang/NoSuchMethodError'{0x00000000ebc11d70}: 'int java.lang.invoke.DirectMethodHandle$Holder.invokeInterface(java.lang.Object, java.lang.Object, java.lang.Object, java.lang.Object)'> (0x00000000ebc11d70) 
thrown [s\open\src\hotspot\share\interpreter\linkResolver.cpp, line 759]
Event: 4.439 Thread 0x000001caf8107da0 Exception <a 'java/lang/NoSuchMethodError'{0x00000000ebbf3dd0}: 'java.lang.Object java.lang.invoke.DirectMethodHandle$Holder.invokeStatic(java.lang.Object, long, java.lang.Object)'> (0x00000000ebbf3dd0) 
thrown [s\open\src\hotspot\share\interpreter\linkResolver.cpp, line 759]
Event: 4.439 Thread 0x000001caf8107da0 Exception <a 'java/lang/NoSuchMethodError'{0x00000000ebbfbc28}: 'java.lang.Object java.lang.invoke.DirectMethodHandle$Holder.newInvokeSpecial(java.lang.Object, long)'> (0x00000000ebbfbc28) 
thrown [s\open\src\hotspot\share\interpreter\linkResolver.cpp, line 759]
Event: 4.443 Thread 0x000001caf8107da0 Exception <a 'java/lang/NoSuchMethodError'{0x00000000eba6d930}: 'java.lang.Object java.lang.invoke.Invokers$Holder.linkToTargetMethod(java.lang.Object, java.lang.Object, java.lang.Object, java.lang.Object, long, java.lang.Object, java.lang.Object)'> (0x00000000eba6d930) 
thrown [s\open\src\hotspot\share\interpreter\linkResolver.cpp, line 759]
Event: 4.446 Thread 0x000001caf8107da0 Exception <a 'java/lang/NoSuchMethodError'{0x00000000ebab4418}: 'java.lang.Object java.lang.invoke.DirectMethodHandle$Holder.newInvokeSpecial(java.lang.Object, java.lang.Object, java.lang.Object, long, java.lang.Object)'> (0x00000000ebab4418) 
thrown [s\open\src\hotspot\share\interpreter\linkResolver.cpp, line 759]
Event: 4.447 Thread 0x000001caf8107da0 Exception <a 'java/lang/NoSuchMethodError'{0x00000000ebab93a0}: 'java.lang.Object java.lang.invoke.DirectMethodHandle$Holder.invokeSpecial(java.lang.Object, java.lang.Object, java.lang.Object, java.lang.Object, long, java.lang.Object)'> (0x00000000ebab93a0) 
thrown [s\open\src\hotspot\share\interpreter\linkResolver.cpp, line 759]
Event: 4.447 Thread 0x000001caf8107da0 Exception <a 'java/lang/NoSuchMethodError'{0x00000000ebabdbd0}: 'java.lang.Object java.lang.invoke.Invokers$Holder.linkToTargetMethod(java.lang.Object, java.lang.Object, long, java.lang.Object, java.lang.Object)'> (0x00000000ebabdbd0) 
thrown [s\open\src\hotspot\share\interpreter\linkResolver.cpp, line 759]
Event: 4.477 Thread 0x000001caf8107da0 Exception <a 'java/lang/NoSuchMethodError'{0x00000000eb78c490}: 'java.lang.Object java.lang.invoke.DirectMethodHandle$Holder.invokeSpecial(java.lang.Object, java.lang.Object, long, java.lang.Object, java.lang.Object)'> (0x00000000eb78c490) 
thrown [s\open\src\hotspot\share\interpreter\linkResolver.cpp, line 759]
Event: 4.623 Thread 0x000001caf8107da0 Exception <a 'java/lang/NoSuchMethodError'{0x00000000eaa9fe00}: 'java.lang.Object java.lang.invoke.DirectMethodHandle$Holder.newInvokeSpecial(java.lang.Object, java.lang.Object, java.lang.Object, java.lang.Object, int, java.lang.Object)'> (0x00000000eaa9fe00) 
thrown [s\open\src\hotspot\share\interpreter\linkResolver.cpp, line 759]
Event: 4.623 Thread 0x000001caf8107da0 Exception <a 'java/lang/NoSuchMethodError'{0x00000000eaaa89e8}: 'java.lang.Object java.lang.invoke.Invokers$Holder.linkToTargetMethod(java.lang.Object, java.lang.Object, java.lang.Object, int, java.lang.Object, java.lang.Object)'> (0x00000000eaaa89e8) 
thrown [s\open\src\hotspot\share\interpreter\linkResolver.cpp, line 759]
Event: 4.742 Thread 0x000001caf8107da0 Exception <a 'java/lang/NoSuchMethodError'{0x00000000e9e4eca8}: 'java.lang.Object java.lang.invoke.DirectMethodHandle$Holder.invokeSpecialIFC(java.lang.Object, java.lang.Object, java.lang.Object)'> (0x00000000e9e4eca8) 
thrown [s\open\src\hotspot\share\interpreter\linkResolver.cpp, line 759]

VM Operations (20 events):
Event: 4.442 Executing VM operation: HandshakeAllThreads
Event: 4.442 Executing VM operation: HandshakeAllThreads done
Event: 4.445 Executing VM operation: ICBufferFull
Event: 4.445 Executing VM operation: ICBufferFull done
Event: 4.454 Executing VM operation: HandshakeAllThreads
Event: 4.454 Executing VM operation: HandshakeAllThreads done
Event: 4.466 Executing VM operation: HandshakeAllThreads
Event: 4.466 Executing VM operation: HandshakeAllThreads done
Event: 4.469 Executing VM operation: HandshakeAllThreads
Event: 4.470 Executing VM operation: HandshakeAllThreads done
Event: 4.619 Executing VM operation: HandshakeAllThreads
Event: 4.619 Executing VM operation: HandshakeAllThreads done
Event: 4.629 Executing VM operation: ICBufferFull
Event: 4.629 Executing VM operation: ICBufferFull done
Event: 4.751 Executing VM operation: ICBufferFull
Event: 4.751 Executing VM operation: ICBufferFull done
Event: 4.827 Executing VM operation: ICBufferFull
Event: 4.827 Executing VM operation: ICBufferFull done
Event: 4.913 Executing VM operation: ICBufferFull
Event: 4.913 Executing VM operation: ICBufferFull done

Events (20 events):
Event: 4.952 loading class javax/xml/parsers/FactoryFinder$1
Event: 4.952 loading class javax/xml/parsers/FactoryFinder$1 done
Event: 4.952 loading class com/sun/org/apache/xerces/internal/jaxp/DocumentBuilderFactoryImpl
Event: 4.952 loading class com/sun/org/apache/xerces/internal/jaxp/DocumentBuilderFactoryImpl done
Event: 4.952 loading class com/sun/org/apache/xerces/internal/utils/XMLSecurityManager
Event: 4.953 loading class com/sun/org/apache/xerces/internal/utils/XMLSecurityManager done
Event: 4.953 loading class com/sun/org/apache/xerces/internal/utils/XMLSecurityManager$Limit
Event: 4.953 loading class com/sun/org/apache/xerces/internal/utils/XMLSecurityManager$Limit done
Event: 4.953 loading class com/sun/org/apache/xerces/internal/utils/XMLSecurityManager$NameMap
Event: 4.953 loading class com/sun/org/apache/xerces/internal/utils/XMLSecurityManager$NameMap done
Event: 4.953 loading class com/sun/org/apache/xerces/internal/utils/XMLSecurityPropertyManager
Event: 4.953 loading class com/sun/org/apache/xerces/internal/utils/XMLSecurityPropertyManager done
Event: 4.953 loading class com/sun/org/apache/xerces/internal/utils/XMLSecurityPropertyManager$State
Event: 4.953 loading class com/sun/org/apache/xerces/internal/utils/XMLSecurityPropertyManager$State done
Event: 4.953 loading class com/sun/org/apache/xerces/internal/utils/XMLSecurityPropertyManager$Property
Event: 4.953 loading class com/sun/org/apache/xerces/internal/utils/XMLSecurityPropertyManager$Property done
Event: 4.962 loading class java/util/ArrayList$SubList$1
Event: 4.963 loading class java/util/ArrayList$SubList$1 done
Event: 4.972 loading class java/util/regex/Pattern$SliceI
Event: 4.972 loading class java/util/regex/Pattern$SliceI done


Dynamic libraries:
0x00007ff660e70000 - 0x00007ff660e80000 	C:\Program Files\Java\jdk-17\bin\java.exe
0x00007ff91e570000 - 0x00007ff91e787000 	C:\windows\SYSTEM32\ntdll.dll
0x00007ff91ce80000 - 0x00007ff91cf44000 	C:\windows\System32\KERNEL32.DLL
0x00007ff91b820000 - 0x00007ff91bbf2000 	C:\windows\System32\KERNELBASE.dll
0x00007ff91b660000 - 0x00007ff91b771000 	C:\windows\System32\ucrtbase.dll
0x00007ff8ff860000 - 0x00007ff8ff87b000 	C:\Program Files\Java\jdk-17\bin\VCRUNTIME140.dll
0x00007ff904770000 - 0x00007ff904789000 	C:\Program Files\Java\jdk-17\bin\jli.dll
0x00007ff91d990000 - 0x00007ff91da41000 	C:\windows\System32\ADVAPI32.dll
0x00007ff91cdd0000 - 0x00007ff91ce77000 	C:\windows\System32\msvcrt.dll
0x00007ff91d800000 - 0x00007ff91d8a8000 	C:\windows\System32\sechost.dll
0x00007ff91bfb0000 - 0x00007ff91bfd8000 	C:\windows\System32\bcrypt.dll
0x00007ff91ded0000 - 0x00007ff91dfe4000 	C:\windows\System32\RPCRT4.dll
0x00007ff91cc10000 - 0x00007ff91cdc1000 	C:\windows\System32\USER32.dll
0x00007ff91c150000 - 0x00007ff91c176000 	C:\windows\System32\win32u.dll
0x00007ff91dd80000 - 0x00007ff91dda9000 	C:\windows\System32\GDI32.dll
0x00007ff91be00000 - 0x00007ff91bf23000 	C:\windows\System32\gdi32full.dll
0x00007ff91b780000 - 0x00007ff91b81a000 	C:\windows\System32\msvcp_win.dll
0x00007ff906810000 - 0x00007ff906aab000 	C:\windows\WinSxS\amd64_microsoft.windows.common-controls_6595b64144ccf1df_6.0.22621.5547_none_27104afb73855772\COMCTL32.dll
0x00007ff911aa0000 - 0x00007ff911aaa000 	C:\windows\SYSTEM32\VERSION.dll
0x00007ff91da70000 - 0x00007ff91daa1000 	C:\windows\System32\IMM32.DLL
0x00007ff915ba0000 - 0x00007ff915bac000 	C:\Program Files\Java\jdk-17\bin\vcruntime140_1.dll
0x00007ff8d30c0000 - 0x00007ff8d314e000 	C:\Program Files\Java\jdk-17\bin\msvcp140.dll
0x00007ff844250000 - 0x00007ff844e30000 	C:\Program Files\Java\jdk-17\bin\server\jvm.dll
0x00007ff91dec0000 - 0x00007ff91dec8000 	C:\windows\System32\PSAPI.DLL
0x00007ff913280000 - 0x00007ff913289000 	C:\windows\SYSTEM32\WSOCK32.dll
0x00007ff913900000 - 0x00007ff913934000 	C:\windows\SYSTEM32\WINMM.dll
0x00007ff91c6e0000 - 0x00007ff91c751000 	C:\windows\System32\WS2_32.dll
0x00007ff91a750000 - 0x00007ff91a768000 	C:\windows\SYSTEM32\kernel.appcore.dll
0x00007ff915010000 - 0x00007ff91501a000 	C:\Program Files\Java\jdk-17\bin\jimage.dll
0x00007ff9188b0000 - 0x00007ff918ae3000 	C:\windows\SYSTEM32\DBGHELP.DLL
0x00007ff91e080000 - 0x00007ff91e413000 	C:\windows\System32\combase.dll
0x00007ff91d8b0000 - 0x00007ff91d987000 	C:\windows\System32\OLEAUT32.dll
0x00007ff912770000 - 0x00007ff9127a2000 	C:\windows\SYSTEM32\dbgcore.DLL
0x00007ff91c180000 - 0x00007ff91c1fb000 	C:\windows\System32\bcryptPrimitives.dll
0x00007ff904830000 - 0x00007ff90483e000 	C:\Program Files\Java\jdk-17\bin\instrument.dll
0x00007ff8e8a10000 - 0x00007ff8e8a35000 	C:\Program Files\Java\jdk-17\bin\java.dll
0x00007ff8d1270000 - 0x00007ff8d1347000 	C:\Program Files\Java\jdk-17\bin\jsvml.dll
0x00007ff91cf50000 - 0x00007ff91d7f2000 	C:\windows\System32\SHELL32.dll
0x00007ff91bcc0000 - 0x00007ff91bdff000 	C:\windows\System32\wintypes.dll
0x00007ff919550000 - 0x00007ff919e6d000 	C:\windows\SYSTEM32\windows.storage.dll
0x00007ff91ddb0000 - 0x00007ff91debc000 	C:\windows\System32\SHCORE.dll
0x00007ff91dab0000 - 0x00007ff91db19000 	C:\windows\System32\shlwapi.dll
0x00007ff91b590000 - 0x00007ff91b5bb000 	C:\windows\SYSTEM32\profapi.dll
0x00007ff8f4040000 - 0x00007ff8f4058000 	C:\Program Files\Java\jdk-17\bin\zip.dll
0x00007ff8e8560000 - 0x00007ff8e8579000 	C:\Program Files\Java\jdk-17\bin\net.dll
0x00007ff917630000 - 0x00007ff91775c000 	C:\windows\SYSTEM32\WINHTTP.dll
0x00007ff91ac00000 - 0x00007ff91ac69000 	C:\windows\system32\mswsock.dll
0x00007ff8e81a0000 - 0x00007ff8e81b6000 	C:\Program Files\Java\jdk-17\bin\nio.dll
0x00007ff904760000 - 0x00007ff904770000 	C:\Program Files\Java\jdk-17\bin\verify.dll
0x00007ff911300000 - 0x00007ff911327000 	C:\Users\samsung\.gradle\native\1def1411415f61bf3af743bc5b6707747c0891f09f0c88961ee8f79bc544acac\windows-amd64\native-platform.dll
0x00007ff8d7810000 - 0x00007ff8d7888000 	C:\Users\samsung\.gradle\native\0.2.7\x86_64-windows-gnu\gradle-fileevents.dll
0x00007ff901080000 - 0x00007ff90108a000 	C:\Program Files\Java\jdk-17\bin\management.dll
0x00007ff8f8140000 - 0x00007ff8f814b000 	C:\Program Files\Java\jdk-17\bin\management_ext.dll
0x00007ff91a180000 - 0x00007ff91a1ad000 	C:\windows\SYSTEM32\IPHLPAPI.DLL
0x00007ff91c940000 - 0x00007ff91c949000 	C:\windows\System32\NSI.dll
0x00007ff915e20000 - 0x00007ff915e39000 	C:\windows\SYSTEM32\dhcpcsvc6.DLL
0x00007ff915de0000 - 0x00007ff915dff000 	C:\windows\SYSTEM32\dhcpcsvc.DLL
0x00007ff91a1b0000 - 0x00007ff91a2a8000 	C:\windows\SYSTEM32\DNSAPI.dll
0x00007ff91ae50000 - 0x00007ff91ae6b000 	C:\windows\SYSTEM32\CRYPTSP.dll
0x00007ff91a6b0000 - 0x00007ff91a6e7000 	C:\windows\system32\rsaenh.dll
0x00007ff91acf0000 - 0x00007ff91ad18000 	C:\windows\SYSTEM32\USERENV.dll
0x00007ff91ae70000 - 0x00007ff91ae7c000 	C:\windows\SYSTEM32\CRYPTBASE.dll
0x00007ff9048d0000 - 0x00007ff9048de000 	C:\Program Files\Java\jdk-17\bin\sunmscapi.dll
0x00007ff91bfe0000 - 0x00007ff91c147000 	C:\windows\System32\CRYPT32.dll
0x00007ff91b010000 - 0x00007ff91b03d000 	C:\windows\SYSTEM32\ncrypt.dll
0x00007ff91afd0000 - 0x00007ff91b007000 	C:\windows\SYSTEM32\NTASN1.dll
0x00007ff8eabe0000 - 0x00007ff8eabe8000 	C:\windows\system32\wshunix.dll

dbghelp: loaded successfully - version: 4.0.5 - missing functions: none
symbol engine: initialized successfully - sym options: 0x614 - pdb path: .;C:\Program Files\Java\jdk-17\bin;C:\windows\SYSTEM32;C:\windows\WinSxS\amd64_microsoft.windows.common-controls_6595b64144ccf1df_6.0.22621.5547_none_27104afb73855772;C:\Program Files\Java\jdk-17\bin\server;C:\Users\samsung\.gradle\native\1def1411415f61bf3af743bc5b6707747c0891f09f0c88961ee8f79bc544acac\windows-amd64;C:\Users\samsung\.gradle\native\0.2.7\x86_64-windows-gnu

VM Arguments:
jvm_args: --add-opens=java.base/java.lang=ALL-UNNAMED --add-opens=java.base/java.lang.invoke=ALL-UNNAMED --add-opens=java.base/java.util=ALL-UNNAMED --add-opens=java.prefs/java.util.prefs=ALL-UNNAMED --add-exports=jdk.compiler/com.sun.tools.javac.api=ALL-UNNAMED --add-exports=jdk.compiler/com.sun.tools.javac.util=ALL-UNNAMED --add-opens=java.base/java.util=ALL-UNNAMED --add-opens=java.prefs/java.util.prefs=ALL-UNNAMED --add-opens=java.base/java.nio.charset=ALL-UNNAMED --add-opens=java.base/java.net=ALL-UNNAMED --add-opens=java.base/java.util.concurrent.atomic=ALL-UNNAMED --add-opens=java.xml/javax.xml.namespace=ALL-UNNAMED -XX:MaxMetaspaceSize=384m -XX:+HeapDumpOnOutOfMemoryError -Xms256m -Xmx512m -Dfile.encoding=x-windows-949 -Duser.country=KR -Duser.language=ko -Duser.variant -javaagent:C:\Users\samsung\.gradle\wrapper\dists\gradle-8.14.3-bin\cv11ve7ro1n3o1j4so8xd9n66\gradle-8.14.3\lib\agents\gradle-instrumentation-agent-8.14.3.jar 
java_command: org.gradle.launcher.daemon.bootstrap.GradleDaemon 8.14.3
java_class_path (initial): C:\Users\samsung\.gradle\wrapper\dists\gradle-8.14.3-bin\cv11ve7ro1n3o1j4so8xd9n66\gradle-8.14.3\lib\gradle-daemon-main-8.14.3.jar
Launcher Type: SUN_STANDARD

[Global flags]
     intx CICompilerCount                          = 12                                        {product} {ergonomic}
   size_t CompressedClassSpaceSize                 = 335544320                                 {product} {ergonomic}
     uint ConcGCThreads                            = 3                                         {product} {ergonomic}
     uint G1ConcRefinementThreads                  = 13                                        {product} {ergonomic}
   size_t G1HeapRegionSize                         = 1048576                                   {product} {ergonomic}
    uintx GCDrainStackTargetSize                   = 64                                        {product} {ergonomic}
     bool HeapDumpOnOutOfMemoryError               = true                                   {manageable} {command line}
   size_t InitialHeapSize                          = 268435456                                 {product} {command line}
   size_t MarkStackSize                            = 4194304                                   {product} {ergonomic}
   size_t MaxHeapSize                              = 536870912                                 {product} {command line}
   size_t MaxMetaspaceSize                         = 402653184                                 {product} {command line}
   size_t MaxNewSize                               = 321912832                                 {product} {ergonomic}
   size_t MinHeapDeltaBytes                        = 1048576                                   {product} {ergonomic}
   size_t MinHeapSize                              = 268435456                                 {product} {command line}
    uintx NonNMethodCodeHeapSize                   = 7602480                                {pd product} {ergonomic}
    uintx NonProfiledCodeHeapSize                  = 122027880                              {pd product} {ergonomic}
    uintx ProfiledCodeHeapSize                     = 122027880                              {pd product} {ergonomic}
    uintx ReservedCodeCacheSize                    = 251658240                              {pd product} {ergonomic}
     bool SegmentedCodeCache                       = true                                      {product} {ergonomic}
   size_t SoftMaxHeapSize                          = 536870912                              {manageable} {ergonomic}
     bool UseCompressedClassPointers               = true                           {product lp64_product} {ergonomic}
     bool UseCompressedOops                        = true                           {product lp64_product} {ergonomic}
     bool UseG1GC                                  = true                                      {product} {ergonomic}
     bool UseLargePagesIndividualAllocation        = false                                  {pd product} {ergonomic}

Logging:
Log output configuration:
 #0: stdout all=warning uptime,level,tags
 #1: stderr all=off uptime,level,tags

Environment Variables:
JAVA_HOME=C:\Program Files\Java\jdk-17
PATH=C:\Program Files\Common Files\Oracle\Java\javapath;C:\windows\system32;C:\windows;C:\windows\System32\Wbem;C:\windows\System32\WindowsPowerShell\v1.0\;C:\windows\System32\OpenSSH\;C:\Program Files\Java\jdk-17\bin;C:\Program Files\Git\cmd;C:\Program Files\Android\AndroidStudio\bin;C:\Program Files (x86)\Windows Kits\10\Windows Performance Toolkit\;C:\Program Files\nodejs\;C:\flutter_windows_3.27.1-stable\flutter\bin;C:\Program Files\Java\jdk-17\bin\;C:\Users\samsung\AppData\Local\Programs\Python\Python311\Scripts\;C:\Users\samsung\AppData\Local\Programs\Python\Python311\;C:\Users\samsung\AppData\Local\Microsoft\WindowsApps;C:\Program Files\JetBrains\IntelliJ IDEA 2025.1.3\bin;;C:\Users\samsung\AppData\Local\Programs\Microsoft VS Code\bin;C:\Users\samsung\AppData\Roaming\npm;C:\flutter\bin;C:\Users\samsung\AppData\Local\GitHubDesktop\bin
USERNAME=samsung
OS=Windows_NT
PROCESSOR_IDENTIFIER=Intel64 Family 6 Model 186 Stepping 2, GenuineIntel



---------------  S Y S T E M  ---------------

OS:
 Windows 11 , 64 bit Build 22621 (10.0.22621.5415)
OS uptime: 11 days 11:48 hours
Hyper-V role detected

CPU: total 16 (initial active 16) (8 cores per cpu, 2 threads per core) family 6 model 186 stepping 2 microcode 0x410e, cx8, cmov, fxsr, ht, mmx, 3dnowpref, sse, sse2, sse3, ssse3, sse4.1, sse4.2, popcnt, lzcnt, tsc, tscinvbit, avx, avx2, aes, erms, clmul, bmi1, bmi2, adx, sha, fma, vzeroupper, clflush, clflushopt, clwb, hv

Memory: 4k page, system-wide physical 7751M (325M free)
TotalPageFile size 25506M (AvailPageFile size 5M)
current process WorkingSet (physical memory assigned to process): 389M, peak: 389M
current process commit charge ("private bytes"): 499M, peak: 500M

vm_info: Java HotSpot(TM) 64-Bit Server VM (17.0.12+8-LTS-286) for windows-amd64 JRE (17.0.12+8-LTS-286), built on Jun  5 2024 06:46:59 by "mach5one" with MS VC++ 17.6 (VS2022)

END.
